2022-10-24 03:02:45,200 | root |  INFO: Logs are saved in /home/oem/deep_branching_with_domain/notebooks/logs/20221024-030245-abc_3d-T0.7-nu0.02
2022-10-24 03:02:45,203 | root |  DEBUG: Current configuration: {'training': True, '_parameters': OrderedDict(), '_buffers': OrderedDict(), '_non_persistent_buffers_set': set(), '_backward_hooks': OrderedDict(), '_is_full_backward_hook': None, '_forward_hooks': OrderedDict(), '_forward_pre_hooks': OrderedDict(), '_state_dict_hooks': OrderedDict(), '_load_state_dict_pre_hooks': OrderedDict(), '_modules': OrderedDict([('u_layer', ModuleList(
  (0): ModuleList(
    (0): Linear(in_features=4, out_features=100, bias=True)
    (1): Linear(in_features=100, out_features=100, bias=True)
    (2): Linear(in_features=100, out_features=100, bias=True)
    (3): Linear(in_features=100, out_features=3, bias=True)
  )
)), ('u_bn_layer', ModuleList(
  (0): ModuleList(
    (0): BatchNorm1d(4, eps=0.5, momentum=0.1, affine=False, track_running_stats=True)
    (1): BatchNorm1d(100, eps=1e-05, momentum=0.1, affine=True, track_running_stats=True)
    (2): BatchNorm1d(100, eps=1e-05, momentum=0.1, affine=True, track_running_stats=True)
    (3): BatchNorm1d(100, eps=1e-05, momentum=0.1, affine=True, track_running_stats=True)
  )
)), ('p_layer', ModuleList(
  (0): ModuleList(
    (0): Linear(in_features=3, out_features=100, bias=True)
    (1): Linear(in_features=100, out_features=100, bias=True)
    (2): Linear(in_features=100, out_features=100, bias=True)
    (3): Linear(in_features=100, out_features=1, bias=True)
  )
)), ('p_bn_layer', ModuleList(
  (0): ModuleList(
    (0): BatchNorm1d(3, eps=0.5, momentum=0.1, affine=False, track_running_stats=True)
    (1): BatchNorm1d(100, eps=1e-05, momentum=0.1, affine=True, track_running_stats=True)
    (2): BatchNorm1d(100, eps=1e-05, momentum=0.1, affine=True, track_running_stats=True)
    (3): BatchNorm1d(100, eps=1e-05, momentum=0.1, affine=True, track_running_stats=True)
  )
)), ('loss', MSELoss()), ('activation', Tanh())]), 'problem_name': 'abc_3d', 'f_fun': <function f_example at 0x7fcecf4e7430>, 'phi_fun': <function phi_example at 0x7fcecf4e7c10>, 'phi0': 0, 'conditional_probability_to_survive': <function Net.<lambda> at 0x7fced177eca0>, 'is_x_inside': <function Net.<lambda> at 0x7fced177edc0>, 'conditional_probability_to_survive_for_p': <function Net.<lambda> at 0x7fced177ed30>, 'is_x_inside_for_p': <function Net.<lambda> at 0x7fced177ee50>, 'deriv_map': array([[1, 0, 0],
       [0, 1, 0],
       [0, 0, 1],
       [0, 0, 0],
       [0, 0, 0],
       [0, 0, 0],
       [1, 0, 0],
       [0, 1, 0],
       [0, 0, 1],
       [1, 0, 0],
       [0, 1, 0],
       [0, 0, 1],
       [1, 0, 0],
       [0, 1, 0],
       [0, 0, 1]]), 'n': 15, 'dim_in': 3, 'zeta_map': array([-1, -1, -1,  0,  1,  2,  0,  0,  0,  1,  1,  1,  2,  2,  2]), 'deriv_condition_deriv_map': array([[1, 0, 0],
       [0, 1, 0],
       [0, 0, 1]]), 'deriv_condition_zeta_map': array([0, 1, 2]), 'dim_out': 3, 'nprime': 3, 'exact_p_fun': None, 'exact_p_fun_full': None, 'train_for_p': True, 'train_for_u': True, 'patches': 1, 'code': array([[-1, -1, -1],
       [-1, -1, -1],
       [-1, -1, -1]]), 'coordinate': array([0, 1, 2]), 'fdb_lookup': {(1, 0, 0): [fdb(coeff=1, lamb=(0, 0, 0, 0, 0, 0, 0, 0, 0, 0, 0, 0, 0, 0, 1), l_and_k={(1, 0, 0): [0, 0, 0, 0, 0, 0, 0, 0, 0, 0, 0, 0, 0, 0, 1]}), fdb(coeff=1, lamb=(0, 0, 0, 0, 0, 0, 0, 0, 0, 0, 0, 0, 0, 1, 0), l_and_k={(1, 0, 0): [0, 0, 0, 0, 0, 0, 0, 0, 0, 0, 0, 0, 0, 1, 0]}), fdb(coeff=1, lamb=(0, 0, 0, 0, 0, 0, 0, 0, 0, 0, 0, 0, 1, 0, 0), l_and_k={(1, 0, 0): [0, 0, 0, 0, 0, 0, 0, 0, 0, 0, 0, 0, 1, 0, 0]}), fdb(coeff=1, lamb=(0, 0, 0, 0, 0, 0, 0, 0, 0, 0, 0, 1, 0, 0, 0), l_and_k={(1, 0, 0): [0, 0, 0, 0, 0, 0, 0, 0, 0, 0, 0, 1, 0, 0, 0]}), fdb(coeff=1, lamb=(0, 0, 0, 0, 0, 0, 0, 0, 0, 0, 1, 0, 0, 0, 0), l_and_k={(1, 0, 0): [0, 0, 0, 0, 0, 0, 0, 0, 0, 0, 1, 0, 0, 0, 0]}), fdb(coeff=1, lamb=(0, 0, 0, 0, 0, 0, 0, 0, 0, 1, 0, 0, 0, 0, 0), l_and_k={(1, 0, 0): [0, 0, 0, 0, 0, 0, 0, 0, 0, 1, 0, 0, 0, 0, 0]}), fdb(coeff=1, lamb=(0, 0, 0, 0, 0, 0, 0, 0, 1, 0, 0, 0, 0, 0, 0), l_and_k={(1, 0, 0): [0, 0, 0, 0, 0, 0, 0, 0, 1, 0, 0, 0, 0, 0, 0]}), fdb(coeff=1, lamb=(0, 0, 0, 0, 0, 0, 0, 1, 0, 0, 0, 0, 0, 0, 0), l_and_k={(1, 0, 0): [0, 0, 0, 0, 0, 0, 0, 1, 0, 0, 0, 0, 0, 0, 0]}), fdb(coeff=1, lamb=(0, 0, 0, 0, 0, 0, 1, 0, 0, 0, 0, 0, 0, 0, 0), l_and_k={(1, 0, 0): [0, 0, 0, 0, 0, 0, 1, 0, 0, 0, 0, 0, 0, 0, 0]}), fdb(coeff=1, lamb=(0, 0, 0, 0, 0, 1, 0, 0, 0, 0, 0, 0, 0, 0, 0), l_and_k={(1, 0, 0): [0, 0, 0, 0, 0, 1, 0, 0, 0, 0, 0, 0, 0, 0, 0]}), fdb(coeff=1, lamb=(0, 0, 0, 0, 1, 0, 0, 0, 0, 0, 0, 0, 0, 0, 0), l_and_k={(1, 0, 0): [0, 0, 0, 0, 1, 0, 0, 0, 0, 0, 0, 0, 0, 0, 0]}), fdb(coeff=1, lamb=(0, 0, 0, 1, 0, 0, 0, 0, 0, 0, 0, 0, 0, 0, 0), l_and_k={(1, 0, 0): [0, 0, 0, 1, 0, 0, 0, 0, 0, 0, 0, 0, 0, 0, 0]}), fdb(coeff=1, lamb=(0, 0, 1, 0, 0, 0, 0, 0, 0, 0, 0, 0, 0, 0, 0), l_and_k={(1, 0, 0): [0, 0, 1, 0, 0, 0, 0, 0, 0, 0, 0, 0, 0, 0, 0]}), fdb(coeff=1, lamb=(0, 1, 0, 0, 0, 0, 0, 0, 0, 0, 0, 0, 0, 0, 0), l_and_k={(1, 0, 0): [0, 1, 0, 0, 0, 0, 0, 0, 0, 0, 0, 0, 0, 0, 0]}), fdb(coeff=1, lamb=(1, 0, 0, 0, 0, 0, 0, 0, 0, 0, 0, 0, 0, 0, 0), l_and_k={(1, 0, 0): [1, 0, 0, 0, 0, 0, 0, 0, 0, 0, 0, 0, 0, 0, 0]})], (0, 1, 0): [fdb(coeff=1, lamb=(0, 0, 0, 0, 0, 0, 0, 0, 0, 0, 0, 0, 0, 0, 1), l_and_k={(0, 1, 0): [0, 0, 0, 0, 0, 0, 0, 0, 0, 0, 0, 0, 0, 0, 1]}), fdb(coeff=1, lamb=(0, 0, 0, 0, 0, 0, 0, 0, 0, 0, 0, 0, 0, 1, 0), l_and_k={(0, 1, 0): [0, 0, 0, 0, 0, 0, 0, 0, 0, 0, 0, 0, 0, 1, 0]}), fdb(coeff=1, lamb=(0, 0, 0, 0, 0, 0, 0, 0, 0, 0, 0, 0, 1, 0, 0), l_and_k={(0, 1, 0): [0, 0, 0, 0, 0, 0, 0, 0, 0, 0, 0, 0, 1, 0, 0]}), fdb(coeff=1, lamb=(0, 0, 0, 0, 0, 0, 0, 0, 0, 0, 0, 1, 0, 0, 0), l_and_k={(0, 1, 0): [0, 0, 0, 0, 0, 0, 0, 0, 0, 0, 0, 1, 0, 0, 0]}), fdb(coeff=1, lamb=(0, 0, 0, 0, 0, 0, 0, 0, 0, 0, 1, 0, 0, 0, 0), l_and_k={(0, 1, 0): [0, 0, 0, 0, 0, 0, 0, 0, 0, 0, 1, 0, 0, 0, 0]}), fdb(coeff=1, lamb=(0, 0, 0, 0, 0, 0, 0, 0, 0, 1, 0, 0, 0, 0, 0), l_and_k={(0, 1, 0): [0, 0, 0, 0, 0, 0, 0, 0, 0, 1, 0, 0, 0, 0, 0]}), fdb(coeff=1, lamb=(0, 0, 0, 0, 0, 0, 0, 0, 1, 0, 0, 0, 0, 0, 0), l_and_k={(0, 1, 0): [0, 0, 0, 0, 0, 0, 0, 0, 1, 0, 0, 0, 0, 0, 0]}), fdb(coeff=1, lamb=(0, 0, 0, 0, 0, 0, 0, 1, 0, 0, 0, 0, 0, 0, 0), l_and_k={(0, 1, 0): [0, 0, 0, 0, 0, 0, 0, 1, 0, 0, 0, 0, 0, 0, 0]}), fdb(coeff=1, lamb=(0, 0, 0, 0, 0, 0, 1, 0, 0, 0, 0, 0, 0, 0, 0), l_and_k={(0, 1, 0): [0, 0, 0, 0, 0, 0, 1, 0, 0, 0, 0, 0, 0, 0, 0]}), fdb(coeff=1, lamb=(0, 0, 0, 0, 0, 1, 0, 0, 0, 0, 0, 0, 0, 0, 0), l_and_k={(0, 1, 0): [0, 0, 0, 0, 0, 1, 0, 0, 0, 0, 0, 0, 0, 0, 0]}), fdb(coeff=1, lamb=(0, 0, 0, 0, 1, 0, 0, 0, 0, 0, 0, 0, 0, 0, 0), l_and_k={(0, 1, 0): [0, 0, 0, 0, 1, 0, 0, 0, 0, 0, 0, 0, 0, 0, 0]}), fdb(coeff=1, lamb=(0, 0, 0, 1, 0, 0, 0, 0, 0, 0, 0, 0, 0, 0, 0), l_and_k={(0, 1, 0): [0, 0, 0, 1, 0, 0, 0, 0, 0, 0, 0, 0, 0, 0, 0]}), fdb(coeff=1, lamb=(0, 0, 1, 0, 0, 0, 0, 0, 0, 0, 0, 0, 0, 0, 0), l_and_k={(0, 1, 0): [0, 0, 1, 0, 0, 0, 0, 0, 0, 0, 0, 0, 0, 0, 0]}), fdb(coeff=1, lamb=(0, 1, 0, 0, 0, 0, 0, 0, 0, 0, 0, 0, 0, 0, 0), l_and_k={(0, 1, 0): [0, 1, 0, 0, 0, 0, 0, 0, 0, 0, 0, 0, 0, 0, 0]}), fdb(coeff=1, lamb=(1, 0, 0, 0, 0, 0, 0, 0, 0, 0, 0, 0, 0, 0, 0), l_and_k={(0, 1, 0): [1, 0, 0, 0, 0, 0, 0, 0, 0, 0, 0, 0, 0, 0, 0]})], (0, 0, 1): [fdb(coeff=1, lamb=(0, 0, 0, 0, 0, 0, 0, 0, 0, 0, 0, 0, 0, 0, 1), l_and_k={(0, 0, 1): [0, 0, 0, 0, 0, 0, 0, 0, 0, 0, 0, 0, 0, 0, 1]}), fdb(coeff=1, lamb=(0, 0, 0, 0, 0, 0, 0, 0, 0, 0, 0, 0, 0, 1, 0), l_and_k={(0, 0, 1): [0, 0, 0, 0, 0, 0, 0, 0, 0, 0, 0, 0, 0, 1, 0]}), fdb(coeff=1, lamb=(0, 0, 0, 0, 0, 0, 0, 0, 0, 0, 0, 0, 1, 0, 0), l_and_k={(0, 0, 1): [0, 0, 0, 0, 0, 0, 0, 0, 0, 0, 0, 0, 1, 0, 0]}), fdb(coeff=1, lamb=(0, 0, 0, 0, 0, 0, 0, 0, 0, 0, 0, 1, 0, 0, 0), l_and_k={(0, 0, 1): [0, 0, 0, 0, 0, 0, 0, 0, 0, 0, 0, 1, 0, 0, 0]}), fdb(coeff=1, lamb=(0, 0, 0, 0, 0, 0, 0, 0, 0, 0, 1, 0, 0, 0, 0), l_and_k={(0, 0, 1): [0, 0, 0, 0, 0, 0, 0, 0, 0, 0, 1, 0, 0, 0, 0]}), fdb(coeff=1, lamb=(0, 0, 0, 0, 0, 0, 0, 0, 0, 1, 0, 0, 0, 0, 0), l_and_k={(0, 0, 1): [0, 0, 0, 0, 0, 0, 0, 0, 0, 1, 0, 0, 0, 0, 0]}), fdb(coeff=1, lamb=(0, 0, 0, 0, 0, 0, 0, 0, 1, 0, 0, 0, 0, 0, 0), l_and_k={(0, 0, 1): [0, 0, 0, 0, 0, 0, 0, 0, 1, 0, 0, 0, 0, 0, 0]}), fdb(coeff=1, lamb=(0, 0, 0, 0, 0, 0, 0, 1, 0, 0, 0, 0, 0, 0, 0), l_and_k={(0, 0, 1): [0, 0, 0, 0, 0, 0, 0, 1, 0, 0, 0, 0, 0, 0, 0]}), fdb(coeff=1, lamb=(0, 0, 0, 0, 0, 0, 1, 0, 0, 0, 0, 0, 0, 0, 0), l_and_k={(0, 0, 1): [0, 0, 0, 0, 0, 0, 1, 0, 0, 0, 0, 0, 0, 0, 0]}), fdb(coeff=1, lamb=(0, 0, 0, 0, 0, 1, 0, 0, 0, 0, 0, 0, 0, 0, 0), l_and_k={(0, 0, 1): [0, 0, 0, 0, 0, 1, 0, 0, 0, 0, 0, 0, 0, 0, 0]}), fdb(coeff=1, lamb=(0, 0, 0, 0, 1, 0, 0, 0, 0, 0, 0, 0, 0, 0, 0), l_and_k={(0, 0, 1): [0, 0, 0, 0, 1, 0, 0, 0, 0, 0, 0, 0, 0, 0, 0]}), fdb(coeff=1, lamb=(0, 0, 0, 1, 0, 0, 0, 0, 0, 0, 0, 0, 0, 0, 0), l_and_k={(0, 0, 1): [0, 0, 0, 1, 0, 0, 0, 0, 0, 0, 0, 0, 0, 0, 0]}), fdb(coeff=1, lamb=(0, 0, 1, 0, 0, 0, 0, 0, 0, 0, 0, 0, 0, 0, 0), l_and_k={(0, 0, 1): [0, 0, 1, 0, 0, 0, 0, 0, 0, 0, 0, 0, 0, 0, 0]}), fdb(coeff=1, lamb=(0, 1, 0, 0, 0, 0, 0, 0, 0, 0, 0, 0, 0, 0, 0), l_and_k={(0, 0, 1): [0, 1, 0, 0, 0, 0, 0, 0, 0, 0, 0, 0, 0, 0, 0]}), fdb(coeff=1, lamb=(1, 0, 0, 0, 0, 0, 0, 0, 0, 0, 0, 0, 0, 0, 0), l_and_k={(0, 0, 1): [1, 0, 0, 0, 0, 0, 0, 0, 0, 0, 0, 0, 0, 0, 0]})], (0, 0, 0): [fdb(coeff=1, lamb=(0, 0, 0, 0, 0, 0, 0, 0, 0, 0, 0, 0, 0, 0, 0), l_and_k={})]}, 'fdb_runtime': 0.24053287506103516, 'mechanism_tot_len': 858, 'lr': 0.01, 'lr_milestones': [1000, 2000], 'lr_gamma': 0.1, 'weight_decay': 0, 'save_for_best_model': False, 'save_data': False, 'batch_normalization': True, 'nb_states': 100000, 'nb_states_per_batch': 1000, 'nb_path_per_state': 1000, 'x_lo': 0, 'x_hi': 12.566370614359172, 'adjusted_x_boundaries': (-1.2566370614359172, 13.82300767579509), 'overtrain_rate_for_p': 0.1, 't_lo': 0.0, 't_hi': 0.7, 'T': 0.7, 'tau_lo': 1e-05, 'tau_hi': 10, 'nu': 0.02, 'delta_t': 0.7, 'outlier_percentile': 1, 'outlier_multiplier': 10, 'exponential_lambda': 0.07327613483935798, 'bm_discretization_steps': 1, 'epochs': 10000, 'antithetic': True, 'div_condition_coeff': 1.0, 'poisson_coeff': 1.0, 'device': device(type='cuda'), 'verbose': True, 'fix_all_dim_except_first': False, 'fix_t_dim': False, 't_boundaries': tensor([0.7000, 0.0000], device='cuda:0'), 'adjusted_t_boundaries': [(tensor(0., device='cuda:0'), tensor(0.7000, device='cuda:0'))], 'working_dir': 'logs/20221024-030245-abc_3d-T0.7-nu0.02', 'working_dir_full_path': '/home/oem/deep_branching_with_domain/notebooks/logs/20221024-030245-abc_3d-T0.7-nu0.02'}
2022-10-24 03:02:45,219 | root |  DEBUG: Generated 1 out of 100000 batches with 0.014320135116577148 seconds.
2022-10-24 03:03:01,111 | root |  DEBUG: Generated 1001 out of 100000 batches with 15.891514778137207 seconds.
2022-10-24 03:03:17,048 | root |  DEBUG: Generated 2001 out of 100000 batches with 15.936526536941528 seconds.
2022-10-24 03:03:32,992 | root |  DEBUG: Generated 3001 out of 100000 batches with 15.943222999572754 seconds.
2022-10-24 03:03:49,053 | root |  DEBUG: Generated 4001 out of 100000 batches with 16.059675455093384 seconds.
2022-10-24 03:04:04,954 | root |  DEBUG: Generated 5001 out of 100000 batches with 15.899210214614868 seconds.
2022-10-24 03:04:20,934 | root |  DEBUG: Generated 6001 out of 100000 batches with 15.978683710098267 seconds.
2022-10-24 03:04:36,913 | root |  DEBUG: Generated 7001 out of 100000 batches with 15.974280595779419 seconds.
2022-10-24 03:04:52,901 | root |  DEBUG: Generated 8001 out of 100000 batches with 15.986196756362915 seconds.
2022-10-24 03:05:08,913 | root |  DEBUG: Generated 9001 out of 100000 batches with 16.009148359298706 seconds.
2022-10-24 03:05:24,923 | root |  DEBUG: Generated 10001 out of 100000 batches with 16.00619649887085 seconds.
2022-10-24 03:05:40,899 | root |  DEBUG: Generated 11001 out of 100000 batches with 15.973734378814697 seconds.
2022-10-24 03:05:56,877 | root |  DEBUG: Generated 12001 out of 100000 batches with 15.977064847946167 seconds.
2022-10-24 03:06:12,880 | root |  DEBUG: Generated 13001 out of 100000 batches with 15.993601560592651 seconds.
2022-10-24 03:06:28,957 | root |  DEBUG: Generated 14001 out of 100000 batches with 16.071354866027832 seconds.
2022-10-24 03:06:44,917 | root |  DEBUG: Generated 15001 out of 100000 batches with 15.958290815353394 seconds.
2022-10-24 03:07:00,986 | root |  DEBUG: Generated 16001 out of 100000 batches with 16.059568166732788 seconds.
2022-10-24 03:07:16,999 | root |  DEBUG: Generated 17001 out of 100000 batches with 16.00839638710022 seconds.
2022-10-24 03:07:33,063 | root |  DEBUG: Generated 18001 out of 100000 batches with 16.055065393447876 seconds.
2022-10-24 03:07:49,118 | root |  DEBUG: Generated 19001 out of 100000 batches with 16.049896001815796 seconds.
2022-10-24 03:08:05,144 | root |  DEBUG: Generated 20001 out of 100000 batches with 16.016812562942505 seconds.
2022-10-24 03:08:21,303 | root |  DEBUG: Generated 21001 out of 100000 batches with 16.15622043609619 seconds.
2022-10-24 03:08:37,295 | root |  DEBUG: Generated 22001 out of 100000 batches with 15.991050004959106 seconds.
2022-10-24 03:08:53,387 | root |  DEBUG: Generated 23001 out of 100000 batches with 16.081989526748657 seconds.
2022-10-24 03:09:09,433 | root |  DEBUG: Generated 24001 out of 100000 batches with 16.03936505317688 seconds.
2022-10-24 03:09:25,448 | root |  DEBUG: Generated 25001 out of 100000 batches with 16.004423141479492 seconds.
2022-10-24 03:09:41,478 | root |  DEBUG: Generated 26001 out of 100000 batches with 16.020567417144775 seconds.
2022-10-24 03:09:57,519 | root |  DEBUG: Generated 27001 out of 100000 batches with 16.031460285186768 seconds.
2022-10-24 03:10:13,542 | root |  DEBUG: Generated 28001 out of 100000 batches with 16.012760400772095 seconds.
2022-10-24 03:10:29,592 | root |  DEBUG: Generated 29001 out of 100000 batches with 16.03953242301941 seconds.
2022-10-24 03:10:45,716 | root |  DEBUG: Generated 30001 out of 100000 batches with 16.1150484085083 seconds.
2022-10-24 03:11:02,300 | root |  DEBUG: Generated 31001 out of 100000 batches with 16.58143925666809 seconds.
2022-10-24 03:11:18,464 | root |  DEBUG: Generated 32001 out of 100000 batches with 16.15377163887024 seconds.
2022-10-24 03:11:34,546 | root |  DEBUG: Generated 33001 out of 100000 batches with 16.077762603759766 seconds.
2022-10-24 03:11:50,616 | root |  DEBUG: Generated 34001 out of 100000 batches with 16.060410261154175 seconds.
2022-10-24 03:12:06,667 | root |  DEBUG: Generated 35001 out of 100000 batches with 16.040914058685303 seconds.
2022-10-24 03:12:22,815 | root |  DEBUG: Generated 36001 out of 100000 batches with 16.137914180755615 seconds.
2022-10-24 03:12:39,474 | root |  DEBUG: Generated 37001 out of 100000 batches with 16.654648542404175 seconds.
2022-10-24 03:12:56,065 | root |  DEBUG: Generated 38001 out of 100000 batches with 16.58152723312378 seconds.
2022-10-24 03:13:12,546 | root |  DEBUG: Generated 39001 out of 100000 batches with 16.470343589782715 seconds.
2022-10-24 03:13:28,719 | root |  DEBUG: Generated 40001 out of 100000 batches with 16.162353992462158 seconds.
2022-10-24 03:13:45,233 | root |  DEBUG: Generated 41001 out of 100000 batches with 16.503995895385742 seconds.
2022-10-24 03:14:01,542 | root |  DEBUG: Generated 42001 out of 100000 batches with 16.29953694343567 seconds.
2022-10-24 03:14:17,635 | root |  DEBUG: Generated 43001 out of 100000 batches with 16.083016395568848 seconds.
2022-10-24 03:14:33,704 | root |  DEBUG: Generated 44001 out of 100000 batches with 16.05868935585022 seconds.
2022-10-24 03:14:49,745 | root |  DEBUG: Generated 45001 out of 100000 batches with 16.029813289642334 seconds.
2022-10-24 03:15:05,881 | root |  DEBUG: Generated 46001 out of 100000 batches with 16.12594246864319 seconds.
2022-10-24 03:15:21,985 | root |  DEBUG: Generated 47001 out of 100000 batches with 16.09430694580078 seconds.
2022-10-24 03:15:38,098 | root |  DEBUG: Generated 48001 out of 100000 batches with 16.102215051651 seconds.
2022-10-24 03:15:54,253 | root |  DEBUG: Generated 49001 out of 100000 batches with 16.144606113433838 seconds.
2022-10-24 03:16:10,317 | root |  DEBUG: Generated 50001 out of 100000 batches with 16.054115533828735 seconds.
2022-10-24 03:16:26,418 | root |  DEBUG: Generated 51001 out of 100000 batches with 16.089709997177124 seconds.
2022-10-24 03:16:42,499 | root |  DEBUG: Generated 52001 out of 100000 batches with 16.07805037498474 seconds.
2022-10-24 03:16:58,585 | root |  DEBUG: Generated 53001 out of 100000 batches with 16.075990676879883 seconds.
2022-10-24 03:17:14,649 | root |  DEBUG: Generated 54001 out of 100000 batches with 16.053260564804077 seconds.
2022-10-24 03:17:30,751 | root |  DEBUG: Generated 55001 out of 100000 batches with 16.09128427505493 seconds.
2022-10-24 03:17:46,839 | root |  DEBUG: Generated 56001 out of 100000 batches with 16.07699942588806 seconds.
2022-10-24 03:18:02,908 | root |  DEBUG: Generated 57001 out of 100000 batches with 16.057900428771973 seconds.
2022-10-24 03:18:19,048 | root |  DEBUG: Generated 58001 out of 100000 batches with 16.1300106048584 seconds.
2022-10-24 03:18:35,126 | root |  DEBUG: Generated 59001 out of 100000 batches with 16.0684335231781 seconds.
2022-10-24 03:18:51,221 | root |  DEBUG: Generated 60001 out of 100000 batches with 16.084497451782227 seconds.
2022-10-24 03:19:07,343 | root |  DEBUG: Generated 61001 out of 100000 batches with 16.1105899810791 seconds.
2022-10-24 03:19:23,441 | root |  DEBUG: Generated 62001 out of 100000 batches with 16.08755350112915 seconds.
2022-10-24 03:19:39,542 | root |  DEBUG: Generated 63001 out of 100000 batches with 16.089749813079834 seconds.
2022-10-24 03:19:55,689 | root |  DEBUG: Generated 64001 out of 100000 batches with 16.136526584625244 seconds.
2022-10-24 03:20:11,852 | root |  DEBUG: Generated 65001 out of 100000 batches with 16.152023553848267 seconds.
2022-10-24 03:20:28,000 | root |  DEBUG: Generated 66001 out of 100000 batches with 16.139989376068115 seconds.
2022-10-24 03:20:44,751 | root |  DEBUG: Generated 67001 out of 100000 batches with 16.740731716156006 seconds.
2022-10-24 03:21:01,350 | root |  DEBUG: Generated 68001 out of 100000 batches with 16.587605953216553 seconds.
2022-10-24 03:21:17,773 | root |  DEBUG: Generated 69001 out of 100000 batches with 16.41206669807434 seconds.
2022-10-24 03:21:34,007 | root |  DEBUG: Generated 70001 out of 100000 batches with 16.22331690788269 seconds.
2022-10-24 03:21:50,213 | root |  DEBUG: Generated 71001 out of 100000 batches with 16.19544816017151 seconds.
2022-10-24 03:22:06,316 | root |  DEBUG: Generated 72001 out of 100000 batches with 16.092016458511353 seconds.
2022-10-24 03:22:22,468 | root |  DEBUG: Generated 73001 out of 100000 batches with 16.14041519165039 seconds.
2022-10-24 03:22:38,509 | root |  DEBUG: Generated 74001 out of 100000 batches with 16.03343152999878 seconds.
2022-10-24 03:22:54,592 | root |  DEBUG: Generated 75001 out of 100000 batches with 16.0726535320282 seconds.
2022-10-24 03:23:10,670 | root |  DEBUG: Generated 76001 out of 100000 batches with 16.06727123260498 seconds.
2022-10-24 03:23:26,808 | root |  DEBUG: Generated 77001 out of 100000 batches with 16.127016305923462 seconds.
2022-10-24 03:23:42,943 | root |  DEBUG: Generated 78001 out of 100000 batches with 16.124394178390503 seconds.
2022-10-24 03:23:59,175 | root |  DEBUG: Generated 79001 out of 100000 batches with 16.220481395721436 seconds.
2022-10-24 03:24:15,296 | root |  DEBUG: Generated 80001 out of 100000 batches with 16.110095977783203 seconds.
2022-10-24 03:24:31,414 | root |  DEBUG: Generated 81001 out of 100000 batches with 16.10660147666931 seconds.
2022-10-24 03:24:47,621 | root |  DEBUG: Generated 82001 out of 100000 batches with 16.19614005088806 seconds.
2022-10-24 03:25:04,017 | root |  DEBUG: Generated 83001 out of 100000 batches with 16.388859510421753 seconds.
2022-10-24 03:25:20,274 | root |  DEBUG: Generated 84001 out of 100000 batches with 16.246297121047974 seconds.
2022-10-24 03:25:36,830 | root |  DEBUG: Generated 85001 out of 100000 batches with 16.544785976409912 seconds.
2022-10-24 03:25:53,090 | root |  DEBUG: Generated 86001 out of 100000 batches with 16.248831033706665 seconds.
2022-10-24 03:26:09,198 | root |  DEBUG: Generated 87001 out of 100000 batches with 16.097175359725952 seconds.
2022-10-24 03:26:25,300 | root |  DEBUG: Generated 88001 out of 100000 batches with 16.091243505477905 seconds.
2022-10-24 03:26:41,403 | root |  DEBUG: Generated 89001 out of 100000 batches with 16.092467784881592 seconds.
2022-10-24 03:26:57,469 | root |  DEBUG: Generated 90001 out of 100000 batches with 16.054951429367065 seconds.
2022-10-24 03:27:13,540 | root |  DEBUG: Generated 91001 out of 100000 batches with 16.059722185134888 seconds.
2022-10-24 03:27:29,695 | root |  DEBUG: Generated 92001 out of 100000 batches with 16.14424729347229 seconds.
2022-10-24 03:27:45,716 | root |  DEBUG: Generated 93001 out of 100000 batches with 16.01572823524475 seconds.
2022-10-24 03:28:01,784 | root |  DEBUG: Generated 94001 out of 100000 batches with 16.05735421180725 seconds.
2022-10-24 03:28:17,868 | root |  DEBUG: Generated 95001 out of 100000 batches with 16.073954820632935 seconds.
2022-10-24 03:28:33,895 | root |  DEBUG: Generated 96001 out of 100000 batches with 16.01591396331787 seconds.
2022-10-24 03:28:50,010 | root |  DEBUG: Generated 97001 out of 100000 batches with 16.104949712753296 seconds.
2022-10-24 03:29:06,098 | root |  DEBUG: Generated 98001 out of 100000 batches with 16.07744264602661 seconds.
2022-10-24 03:29:22,268 | root |  DEBUG: Generated 99001 out of 100000 batches with 16.166972160339355 seconds.
2022-10-24 03:29:38,423 | root |  DEBUG: Generated 100000 out of 100000 batches with 16.150193214416504 seconds.
2022-10-24 03:29:38,948 | root |  INFO: Patch 0: generation of p samples take 1613.7426211833954 seconds.
2022-10-24 03:29:39,114 | root |  INFO: Patch  0: epoch    0 with loss 9.94E-01
2022-10-24 03:30:43,700 | root |  INFO: Patch  0: epoch  500 with loss 3.08E-02
2022-10-24 03:31:48,408 | root |  INFO: Patch  0: epoch 1000 with loss 1.82E-02
2022-10-24 03:32:53,052 | root |  INFO: Patch  0: epoch 1500 with loss 4.42E-03
2022-10-24 03:33:57,602 | root |  INFO: Patch  0: epoch 2000 with loss 3.71E-03
2022-10-24 03:35:02,218 | root |  INFO: Patch  0: epoch 2500 with loss 3.68E-03
2022-10-24 03:36:06,808 | root |  INFO: Patch  0: epoch 3000 with loss 3.60E-03
2022-10-24 03:37:11,438 | root |  INFO: Patch  0: epoch 3500 with loss 3.49E-03
2022-10-24 03:38:16,054 | root |  INFO: Patch  0: epoch 4000 with loss 3.36E-03
2022-10-24 03:39:20,702 | root |  INFO: Patch  0: epoch 4500 with loss 3.21E-03
2022-10-24 03:40:25,357 | root |  INFO: Patch  0: epoch 5000 with loss 3.03E-03
2022-10-24 03:41:30,028 | root |  INFO: Patch  0: epoch 5500 with loss 2.83E-03
2022-10-24 03:42:34,656 | root |  INFO: Patch  0: epoch 6000 with loss 2.60E-03
2022-10-24 03:43:39,618 | root |  INFO: Patch  0: epoch 6500 with loss 2.34E-03
2022-10-24 03:44:44,298 | root |  INFO: Patch  0: epoch 7000 with loss 2.07E-03
2022-10-24 03:45:48,937 | root |  INFO: Patch  0: epoch 7500 with loss 1.81E-03
2022-10-24 03:46:53,599 | root |  INFO: Patch  0: epoch 8000 with loss 1.59E-03
2022-10-24 03:47:58,252 | root |  INFO: Patch  0: epoch 8500 with loss 1.40E-03
2022-10-24 03:49:02,935 | root |  INFO: Patch  0: epoch 9000 with loss 1.26E-03
2022-10-24 03:50:07,594 | root |  INFO: Patch  0: epoch 9500 with loss 1.12E-03
2022-10-24 03:51:12,134 | root |  INFO: Patch  0: epoch 9999 with loss 1.02E-03
2022-10-24 03:51:12,148 | root |  INFO: Patch0: pre-training of p with 10000 epochs takes 1293 seconds.
2022-10-24 04:41:27,297 | root |  INFO: Patch 0: generation of u samples take 3015.1478202342987 seconds.
2022-10-24 04:41:27,368 | root |  INFO: Patch  0: epoch    0 with loss 9.40E-01
2022-10-24 04:41:56,401 | root |  INFO: Patch  0: epoch  500 with loss 5.82E-03
2022-10-24 04:42:24,931 | root |  INFO: Patch  0: epoch 1000 with loss 1.32E-03
2022-10-24 04:42:54,190 | root |  INFO: Patch  0: epoch 1500 with loss 1.16E-03
2022-10-24 04:43:23,688 | root |  INFO: Patch  0: epoch 2000 with loss 1.01E-03
2022-10-24 04:43:52,717 | root |  INFO: Patch  0: epoch 2500 with loss 9.92E-04
2022-10-24 04:44:21,592 | root |  INFO: Patch  0: epoch 3000 with loss 9.70E-04
2022-10-24 04:44:51,054 | root |  INFO: Patch  0: epoch 3500 with loss 9.43E-04
2022-10-24 04:45:20,476 | root |  INFO: Patch  0: epoch 4000 with loss 9.09E-04
2022-10-24 04:45:49,307 | root |  INFO: Patch  0: epoch 4500 with loss 8.70E-04
2022-10-24 04:46:17,878 | root |  INFO: Patch  0: epoch 5000 with loss 8.23E-04
2022-10-24 04:46:47,461 | root |  INFO: Patch  0: epoch 5500 with loss 7.70E-04
2022-10-24 04:47:16,052 | root |  INFO: Patch  0: epoch 6000 with loss 7.11E-04
2022-10-24 04:47:44,725 | root |  INFO: Patch  0: epoch 6500 with loss 6.47E-04
2022-10-24 04:48:13,914 | root |  INFO: Patch  0: epoch 7000 with loss 5.80E-04
2022-10-24 04:48:42,827 | root |  INFO: Patch  0: epoch 7500 with loss 5.10E-04
2022-10-24 04:49:12,396 | root |  INFO: Patch  0: epoch 8000 with loss 4.41E-04
2022-10-24 04:49:41,546 | root |  INFO: Patch  0: epoch 8500 with loss 3.78E-04
2022-10-24 04:50:11,016 | root |  INFO: Patch  0: epoch 9000 with loss 3.21E-04
2022-10-24 04:50:40,486 | root |  INFO: Patch  0: epoch 9500 with loss 2.76E-04
2022-10-24 04:51:09,859 | root |  INFO: Patch  0: epoch 9999 with loss 2.38E-04
2022-10-24 04:51:09,873 | root |  INFO: Patch 0: training of u with 10000 epochs take 582.575211763382 seconds.
2022-10-24 04:51:16,734 | root |  INFO: The error as in Lejay is calculated as follows.
2022-10-24 04:51:16,776 | root |  INFO: $\hat{e}_0(t_k)$
2022-10-24 04:51:16,777 | root |  INFO: & 2.63E-03 & 2.44E-03 & 2.29E-03 & 2.13E-03 & 1.98E-03 & 1.85E-03 & 1.70E-03 & 1.57E-03 & 1.62E-03 & 1.84E-03 & --- \\
2022-10-24 04:51:16,778 | root |  INFO: $\hat{e}_1(t_k)$
2022-10-24 04:51:16,779 | root |  INFO: & 2.62E-03 & 2.33E-03 & 2.08E-03 & 1.74E-03 & 1.58E-03 & 1.55E-03 & 1.54E-03 & 1.56E-03 & 1.53E-03 & 1.51E-03 & --- \\
2022-10-24 04:51:16,779 | root |  INFO: $\hat{e}_2(t_k)$
2022-10-24 04:51:16,781 | root |  INFO: & 1.74E-03 & 1.64E-03 & 1.68E-03 & 1.68E-03 & 1.66E-03 & 1.62E-03 & 1.61E-03 & 1.68E-03 & 1.78E-03 & 1.98E-03 & --- \\
2022-10-24 04:51:16,781 | root |  INFO: $\hat{e}(t_k)$
2022-10-24 04:51:16,782 | root |  INFO: & 3.10E-03 & 3.14E-03 & 3.17E-03 & 3.10E-03 & 3.02E-03 & 2.92E-03 & 2.83E-03 & 2.71E-03 & 2.82E-03 & 3.01E-03 & --- \\
2022-10-24 04:51:16,783 | root |  INFO: \hline
2022-10-24 04:51:16,783 | root |  INFO: 
The relative L2 error of u (erru) is calculated as follows.
2022-10-24 04:51:16,854 | root |  INFO: erru($t_k$)
2022-10-24 04:51:16,855 | root |  INFO: & 2.11E-02 & 2.00E-02 & 1.94E-02 & 1.90E-02 & 1.89E-02 & 1.88E-02 & 1.88E-02 & 1.89E-02 & 1.94E-02 & 2.02E-02 & --- \\
2022-10-24 04:51:29,118 | root |  INFO: 
The relative L2 error of gradient of u (errgu) is calculated as follows.
