2022-06-09 21:11:05,116 | root |  INFO: Logs are saved in /home/nguwijy/repo/deep_branching_with_domain/logs/20220609-211105-navier_stokes_poiseuille-T100-nu0.02
2022-06-09 21:11:05,141 | root |  DEBUG: Current configuration: {'training': True, '_parameters': OrderedDict(), '_buffers': OrderedDict(), '_non_persistent_buffers_set': set(), '_backward_hooks': OrderedDict(), '_is_full_backward_hook': None, '_forward_hooks': OrderedDict(), '_forward_pre_hooks': OrderedDict(), '_state_dict_hooks': OrderedDict(), '_load_state_dict_pre_hooks': OrderedDict(), '_modules': OrderedDict([('u_layer', ModuleList(
  (0): ModuleList(
    (0): Linear(in_features=3, out_features=50, bias=True)
    (1): Linear(in_features=50, out_features=50, bias=True)
    (2): Linear(in_features=50, out_features=50, bias=True)
    (3): Linear(in_features=50, out_features=50, bias=True)
    (4): Linear(in_features=50, out_features=50, bias=True)
    (5): Linear(in_features=50, out_features=50, bias=True)
    (6): Linear(in_features=50, out_features=50, bias=True)
    (7): Linear(in_features=50, out_features=2, bias=True)
  )
)), ('u_bn_layer', ModuleList(
  (0): ModuleList(
    (0): BatchNorm1d(3, eps=0.5, momentum=0.1, affine=False, track_running_stats=True)
    (1): BatchNorm1d(50, eps=1e-05, momentum=0.1, affine=True, track_running_stats=True)
    (2): BatchNorm1d(50, eps=1e-05, momentum=0.1, affine=True, track_running_stats=True)
    (3): BatchNorm1d(50, eps=1e-05, momentum=0.1, affine=True, track_running_stats=True)
    (4): BatchNorm1d(50, eps=1e-05, momentum=0.1, affine=True, track_running_stats=True)
    (5): BatchNorm1d(50, eps=1e-05, momentum=0.1, affine=True, track_running_stats=True)
    (6): BatchNorm1d(50, eps=1e-05, momentum=0.1, affine=True, track_running_stats=True)
    (7): BatchNorm1d(50, eps=1e-05, momentum=0.1, affine=True, track_running_stats=True)
  )
)), ('p_layer', ModuleList(
  (0): ModuleList(
    (0): Linear(in_features=2, out_features=50, bias=True)
    (1): Linear(in_features=50, out_features=50, bias=True)
    (2): Linear(in_features=50, out_features=50, bias=True)
    (3): Linear(in_features=50, out_features=50, bias=True)
    (4): Linear(in_features=50, out_features=50, bias=True)
    (5): Linear(in_features=50, out_features=50, bias=True)
    (6): Linear(in_features=50, out_features=50, bias=True)
    (7): Linear(in_features=50, out_features=1, bias=True)
  )
)), ('p_bn_layer', ModuleList(
  (0): ModuleList(
    (0): BatchNorm1d(2, eps=0.5, momentum=0.1, affine=False, track_running_stats=True)
    (1): BatchNorm1d(50, eps=1e-05, momentum=0.1, affine=True, track_running_stats=True)
    (2): BatchNorm1d(50, eps=1e-05, momentum=0.1, affine=True, track_running_stats=True)
    (3): BatchNorm1d(50, eps=1e-05, momentum=0.1, affine=True, track_running_stats=True)
    (4): BatchNorm1d(50, eps=1e-05, momentum=0.1, affine=True, track_running_stats=True)
    (5): BatchNorm1d(50, eps=1e-05, momentum=0.1, affine=True, track_running_stats=True)
    (6): BatchNorm1d(50, eps=1e-05, momentum=0.1, affine=True, track_running_stats=True)
    (7): BatchNorm1d(50, eps=1e-05, momentum=0.1, affine=True, track_running_stats=True)
  )
)), ('loss', MSELoss()), ('activation', Softplus(beta=1, threshold=20))]), 'problem_name': 'navier_stokes_poiseuille', 'f_fun': <function f_example at 0x7f1020170160>, 'phi_fun': <function phi_example at 0x7f10200d09d0>, 'phi0': 0, 'conditional_probability_to_survive': functools.partial(<function conditional_probability_to_survive at 0x7f10410434c0>, lower_bound=(-100, -1), upper_bound=(100, 1)), 'is_x_inside': functools.partial(<function is_x_inside at 0x7f1041043550>, lower_bound=(-100, -1), upper_bound=(100, 1)), 'conditional_probability_to_survive_for_p': <function Net.<lambda> at 0x7f104103b700>, 'is_x_inside_for_p': <function Net.<lambda> at 0x7f104103b820>, 'deriv_map': array([[1, 0],
       [0, 1],
       [0, 0],
       [0, 0],
       [1, 0],
       [0, 1],
       [1, 0],
       [0, 1]]), 'n': 8, 'dim_in': 2, 'zeta_map': array([-1, -1,  0,  1,  0,  0,  1,  1]), 'deriv_condition_deriv_map': array([[1, 0],
       [0, 1]]), 'deriv_condition_zeta_map': array([0, 1]), 'dim_out': 2, 'nprime': 2, 'exact_p_fun': <function p_example at 0x7f10200d0430>, 'train_for_p': False, 'train_for_u': True, 'patches': 1, 'code': array([[-1, -1],
       [-1, -1]]), 'coordinate': array([0, 1]), 'fdb_lookup': {(1, 0): [fdb(coeff=1, lamb=(0, 0, 0, 0, 0, 0, 0, 1), l_and_k={(1, 0): [0, 0, 0, 0, 0, 0, 0, 1]}), fdb(coeff=1, lamb=(0, 0, 0, 0, 0, 0, 1, 0), l_and_k={(1, 0): [0, 0, 0, 0, 0, 0, 1, 0]}), fdb(coeff=1, lamb=(0, 0, 0, 0, 0, 1, 0, 0), l_and_k={(1, 0): [0, 0, 0, 0, 0, 1, 0, 0]}), fdb(coeff=1, lamb=(0, 0, 0, 0, 1, 0, 0, 0), l_and_k={(1, 0): [0, 0, 0, 0, 1, 0, 0, 0]}), fdb(coeff=1, lamb=(0, 0, 0, 1, 0, 0, 0, 0), l_and_k={(1, 0): [0, 0, 0, 1, 0, 0, 0, 0]}), fdb(coeff=1, lamb=(0, 0, 1, 0, 0, 0, 0, 0), l_and_k={(1, 0): [0, 0, 1, 0, 0, 0, 0, 0]}), fdb(coeff=1, lamb=(0, 1, 0, 0, 0, 0, 0, 0), l_and_k={(1, 0): [0, 1, 0, 0, 0, 0, 0, 0]}), fdb(coeff=1, lamb=(1, 0, 0, 0, 0, 0, 0, 0), l_and_k={(1, 0): [1, 0, 0, 0, 0, 0, 0, 0]})], (0, 1): [fdb(coeff=1, lamb=(0, 0, 0, 0, 0, 0, 0, 1), l_and_k={(0, 1): [0, 0, 0, 0, 0, 0, 0, 1]}), fdb(coeff=1, lamb=(0, 0, 0, 0, 0, 0, 1, 0), l_and_k={(0, 1): [0, 0, 0, 0, 0, 0, 1, 0]}), fdb(coeff=1, lamb=(0, 0, 0, 0, 0, 1, 0, 0), l_and_k={(0, 1): [0, 0, 0, 0, 0, 1, 0, 0]}), fdb(coeff=1, lamb=(0, 0, 0, 0, 1, 0, 0, 0), l_and_k={(0, 1): [0, 0, 0, 0, 1, 0, 0, 0]}), fdb(coeff=1, lamb=(0, 0, 0, 1, 0, 0, 0, 0), l_and_k={(0, 1): [0, 0, 0, 1, 0, 0, 0, 0]}), fdb(coeff=1, lamb=(0, 0, 1, 0, 0, 0, 0, 0), l_and_k={(0, 1): [0, 0, 1, 0, 0, 0, 0, 0]}), fdb(coeff=1, lamb=(0, 1, 0, 0, 0, 0, 0, 0), l_and_k={(0, 1): [0, 1, 0, 0, 0, 0, 0, 0]}), fdb(coeff=1, lamb=(1, 0, 0, 0, 0, 0, 0, 0), l_and_k={(0, 1): [1, 0, 0, 0, 0, 0, 0, 0]})], (0, 0): [fdb(coeff=1, lamb=(0, 0, 0, 0, 0, 0, 0, 0), l_and_k={})]}, 'fdb_runtime': 0.02225351333618164, 'mechanism_tot_len': 178, 'lr': 0.001, 'lr_milestones': [1000, 2000], 'lr_gamma': 0.8, 'weight_decay': 0, 'save_for_best_model': True, 'save_data': False, 'batch_normalization': True, 'nb_states': 100000, 'nb_states_per_batch': 1000, 'nb_path_per_state': 1000, 'x_lo': -1, 'x_hi': 1, 'adjusted_x_boundaries': (-1.0, 1.0), 'overtrain_rate_for_p': 0.5, 't_lo': 0.0, 't_hi': 100, 'T': 100, 'tau_lo': 1e-05, 'tau_hi': 10, 'nu': 0.02, 'delta_t': 100.0, 'outlier_percentile': 1, 'outlier_multiplier': 10, 'exponential_lambda': 0.0005129329438755058, 'bm_discretization_steps': 1, 'epochs': 10000, 'antithetic': True, 'div_condition_coeff': 1.0, 'poisson_coeff': 1.0, 'device': device(type='cuda'), 'verbose': True, 'fix_all_dim_except_first': False, 'fix_t_dim': False, 't_boundaries': tensor([100.,   0.], device='cuda:0'), 'adjusted_t_boundaries': [(tensor(0., device='cuda:0'), tensor(100., device='cuda:0'))], 'working_dir': 'logs/20220609-211105-navier_stokes_poiseuille-T100-nu0.02', 'working_dir_full_path': '/home/nguwijy/repo/deep_branching_with_domain/logs/20220609-211105-navier_stokes_poiseuille-T100-nu0.02'}
2022-06-09 22:08:36,931 | root |  INFO: Patch 0: generation of u samples take 3451.789483308792 seconds.
2022-06-09 22:08:37,028 | root |  INFO: Patch  0: epoch    0 with loss 5.93E+00
2022-06-09 22:08:58,764 | root |  INFO: Patch  0: epoch  500 with loss 5.21E-03
2022-06-09 22:09:20,538 | root |  INFO: Patch  0: epoch 1000 with loss 5.02E-03
2022-06-09 22:09:42,281 | root |  INFO: Patch  0: epoch 1500 with loss 4.94E-03
2022-06-09 22:10:04,023 | root |  INFO: Patch  0: epoch 2000 with loss 5.55E-03
2022-06-09 22:10:31,210 | root |  INFO: Patch  0: epoch 2500 with loss 4.84E-03
2022-06-09 22:10:55,567 | root |  INFO: Patch  0: epoch 3000 with loss 5.15E-03
2022-06-09 22:11:17,703 | root |  INFO: Patch  0: epoch 3500 with loss 4.85E-03
2022-06-09 22:11:39,794 | root |  INFO: Patch  0: epoch 4000 with loss 5.26E-03
2022-06-09 22:12:01,854 | root |  INFO: Patch  0: epoch 4500 with loss 4.94E-03
2022-06-09 22:12:23,912 | root |  INFO: Patch  0: epoch 5000 with loss 5.22E-03
2022-06-09 22:12:45,969 | root |  INFO: Patch  0: epoch 5500 with loss 4.85E-03
2022-06-09 22:13:08,022 | root |  INFO: Patch  0: epoch 6000 with loss 4.87E-03
2022-06-09 22:13:30,088 | root |  INFO: Patch  0: epoch 6500 with loss 4.88E-03
2022-06-09 22:13:52,141 | root |  INFO: Patch  0: epoch 7000 with loss 5.06E-03
2022-06-09 22:14:14,203 | root |  INFO: Patch  0: epoch 7500 with loss 5.57E-03
2022-06-09 22:14:36,262 | root |  INFO: Patch  0: epoch 8000 with loss 5.04E-03
2022-06-09 22:14:58,322 | root |  INFO: Patch  0: epoch 8500 with loss 4.91E-03
2022-06-09 22:15:20,392 | root |  INFO: Patch  0: epoch 9000 with loss 4.87E-03
2022-06-09 22:15:42,455 | root |  INFO: Patch  0: epoch 9500 with loss 4.84E-03
2022-06-09 22:16:04,465 | root |  INFO: Patch  0: epoch 9999 with loss 4.82E-03
2022-06-09 22:16:04,494 | root |  INFO: Patch 0: training of u with 10000 epochs take 447.56226539611816 seconds.
2022-06-09 22:16:04,548 | matplotlib.colorbar |  DEBUG: locator: <matplotlib.ticker.AutoLocator object at 0x7f100fcd7bb0>
2022-06-09 22:16:04,890 | matplotlib.colorbar |  DEBUG: locator: <matplotlib.ticker.AutoLocator object at 0x7f1020470cd0>
2022-06-09 22:16:05,136 | matplotlib.colorbar |  DEBUG: locator: <matplotlib.ticker.AutoLocator object at 0x7f10203d1df0>
2022-06-09 22:16:05,380 | matplotlib.colorbar |  DEBUG: locator: <matplotlib.ticker.AutoLocator object at 0x7f100fc23340>
2022-06-09 22:16:05,627 | matplotlib.colorbar |  DEBUG: locator: <matplotlib.ticker.AutoLocator object at 0x7f10200ca3d0>
2022-06-09 22:16:05,875 | matplotlib.colorbar |  DEBUG: locator: <matplotlib.ticker.AutoLocator object at 0x7f100fab0a00>
2022-06-09 22:16:06,194 | matplotlib.colorbar |  DEBUG: locator: <matplotlib.ticker.AutoLocator object at 0x7f100fd97df0>
2022-06-09 22:16:06,441 | matplotlib.colorbar |  DEBUG: locator: <matplotlib.ticker.AutoLocator object at 0x7f100fd2ddf0>
2022-06-09 22:16:06,689 | matplotlib.colorbar |  DEBUG: locator: <matplotlib.ticker.AutoLocator object at 0x7f100f9b2a60>
2022-06-09 22:16:06,934 | matplotlib.colorbar |  DEBUG: locator: <matplotlib.ticker.AutoLocator object at 0x7f100f9033a0>
2022-06-09 22:16:07,180 | matplotlib.colorbar |  DEBUG: locator: <matplotlib.ticker.AutoLocator object at 0x7f100f081700>
2022-06-09 22:16:07,425 | matplotlib.colorbar |  DEBUG: locator: <matplotlib.ticker.AutoLocator object at 0x7f100ef191f0>
2022-06-09 22:16:07,674 | matplotlib.colorbar |  DEBUG: locator: <matplotlib.ticker.AutoLocator object at 0x7f100ee105e0>
2022-06-09 22:16:07,921 | matplotlib.colorbar |  DEBUG: locator: <matplotlib.ticker.AutoLocator object at 0x7f100edf0dc0>
2022-06-09 22:16:08,167 | matplotlib.colorbar |  DEBUG: locator: <matplotlib.ticker.AutoLocator object at 0x7f100ebfa580>
2022-06-09 22:16:08,501 | matplotlib.colorbar |  DEBUG: locator: <matplotlib.ticker.AutoLocator object at 0x7f100ebe1310>
2022-06-09 22:16:08,749 | matplotlib.colorbar |  DEBUG: locator: <matplotlib.ticker.AutoLocator object at 0x7f100eacd820>
2022-06-09 22:16:08,995 | matplotlib.colorbar |  DEBUG: locator: <matplotlib.ticker.AutoLocator object at 0x7f100c1bb2e0>
2022-06-09 22:16:09,241 | matplotlib.colorbar |  DEBUG: locator: <matplotlib.ticker.AutoLocator object at 0x7f100c0b3850>
2022-06-09 22:16:09,488 | matplotlib.colorbar |  DEBUG: locator: <matplotlib.ticker.AutoLocator object at 0x7f100291b310>
2022-06-09 22:16:09,737 | matplotlib.colorbar |  DEBUG: locator: <matplotlib.ticker.AutoLocator object at 0x7f100290e7f0>
2022-06-09 22:16:10,080 | matplotlib.colorbar |  DEBUG: locator: <matplotlib.ticker.AutoLocator object at 0x7f10027483a0>
2022-06-09 22:16:10,322 | matplotlib.colorbar |  DEBUG: locator: <matplotlib.ticker.AutoLocator object at 0x7f10026e8880>
