2022-06-01 22:28:08,659 | root |  INFO: Logs are saved in /home/nguwijy/tmp/deep_branching_with_domain/logs/20220601-222808-taylor_green_2d-T0.25-nu2
2022-06-01 22:28:08,695 | root |  DEBUG: Current configuration: {'training': True, '_parameters': OrderedDict(), '_buffers': OrderedDict(), '_non_persistent_buffers_set': set(), '_backward_hooks': OrderedDict(), '_is_full_backward_hook': None, '_forward_hooks': OrderedDict(), '_forward_pre_hooks': OrderedDict(), '_state_dict_hooks': OrderedDict(), '_load_state_dict_pre_hooks': OrderedDict(), '_modules': OrderedDict([('u_layer', ModuleList(
  (0): ModuleList(
    (0): Linear(in_features=3, out_features=100, bias=True)
    (1): Linear(in_features=100, out_features=100, bias=True)
    (2): Linear(in_features=100, out_features=100, bias=True)
    (3): Linear(in_features=100, out_features=2, bias=True)
  )
)), ('u_bn_layer', ModuleList(
  (0): ModuleList(
    (0): BatchNorm1d(3, eps=0.5, momentum=0.1, affine=False, track_running_stats=True)
    (1): BatchNorm1d(100, eps=1e-05, momentum=0.1, affine=True, track_running_stats=True)
    (2): BatchNorm1d(100, eps=1e-05, momentum=0.1, affine=True, track_running_stats=True)
    (3): BatchNorm1d(100, eps=1e-05, momentum=0.1, affine=True, track_running_stats=True)
  )
)), ('p_layer', ModuleList(
  (0): ModuleList(
    (0): Linear(in_features=2, out_features=100, bias=True)
    (1): Linear(in_features=100, out_features=100, bias=True)
    (2): Linear(in_features=100, out_features=100, bias=True)
    (3): Linear(in_features=100, out_features=1, bias=True)
  )
)), ('p_bn_layer', ModuleList(
  (0): ModuleList(
    (0): BatchNorm1d(2, eps=0.5, momentum=0.1, affine=False, track_running_stats=True)
    (1): BatchNorm1d(100, eps=1e-05, momentum=0.1, affine=True, track_running_stats=True)
    (2): BatchNorm1d(100, eps=1e-05, momentum=0.1, affine=True, track_running_stats=True)
    (3): BatchNorm1d(100, eps=1e-05, momentum=0.1, affine=True, track_running_stats=True)
  )
)), ('loss', MSELoss()), ('activation', Tanh())]), 'problem_name': 'taylor_green_2d', 'f_fun': <function f_example at 0x7efcd83dc3a0>, 'phi_fun': <function phi_example at 0x7efcd83dc430>, 'phi0': 0, 'conditional_probability_to_survive': <function Net.<lambda> at 0x7efce3bc8ca0>, 'is_x_inside': <function Net.<lambda> at 0x7efce3bc8dc0>, 'conditional_probability_to_survive_for_p': <function Net.<lambda> at 0x7efce3bc8d30>, 'is_x_inside_for_p': <function Net.<lambda> at 0x7efce3bc8e50>, 'deriv_map': array([[1, 0],
       [0, 1],
       [0, 0],
       [0, 0],
       [1, 0],
       [0, 1],
       [1, 0],
       [0, 1]]), 'n': 8, 'dim_in': 2, 'zeta_map': array([-1, -1,  0,  1,  0,  0,  1,  1]), 'deriv_condition_deriv_map': array([[1, 0],
       [0, 1]]), 'deriv_condition_zeta_map': array([0, 1]), 'dim_out': 2, 'nprime': 2, 'exact_p_fun': None, 'train_for_p': True, 'train_for_u': True, 'patches': 1, 'code': array([[-1, -1],
       [-1, -1]]), 'coordinate': array([0, 1]), 'fdb_lookup': {(1, 0): [fdb(coeff=1, lamb=(0, 0, 0, 0, 0, 0, 0, 1), l_and_k={(1, 0): [0, 0, 0, 0, 0, 0, 0, 1]}), fdb(coeff=1, lamb=(0, 0, 0, 0, 0, 0, 1, 0), l_and_k={(1, 0): [0, 0, 0, 0, 0, 0, 1, 0]}), fdb(coeff=1, lamb=(0, 0, 0, 0, 0, 1, 0, 0), l_and_k={(1, 0): [0, 0, 0, 0, 0, 1, 0, 0]}), fdb(coeff=1, lamb=(0, 0, 0, 0, 1, 0, 0, 0), l_and_k={(1, 0): [0, 0, 0, 0, 1, 0, 0, 0]}), fdb(coeff=1, lamb=(0, 0, 0, 1, 0, 0, 0, 0), l_and_k={(1, 0): [0, 0, 0, 1, 0, 0, 0, 0]}), fdb(coeff=1, lamb=(0, 0, 1, 0, 0, 0, 0, 0), l_and_k={(1, 0): [0, 0, 1, 0, 0, 0, 0, 0]}), fdb(coeff=1, lamb=(0, 1, 0, 0, 0, 0, 0, 0), l_and_k={(1, 0): [0, 1, 0, 0, 0, 0, 0, 0]}), fdb(coeff=1, lamb=(1, 0, 0, 0, 0, 0, 0, 0), l_and_k={(1, 0): [1, 0, 0, 0, 0, 0, 0, 0]})], (0, 1): [fdb(coeff=1, lamb=(0, 0, 0, 0, 0, 0, 0, 1), l_and_k={(0, 1): [0, 0, 0, 0, 0, 0, 0, 1]}), fdb(coeff=1, lamb=(0, 0, 0, 0, 0, 0, 1, 0), l_and_k={(0, 1): [0, 0, 0, 0, 0, 0, 1, 0]}), fdb(coeff=1, lamb=(0, 0, 0, 0, 0, 1, 0, 0), l_and_k={(0, 1): [0, 0, 0, 0, 0, 1, 0, 0]}), fdb(coeff=1, lamb=(0, 0, 0, 0, 1, 0, 0, 0), l_and_k={(0, 1): [0, 0, 0, 0, 1, 0, 0, 0]}), fdb(coeff=1, lamb=(0, 0, 0, 1, 0, 0, 0, 0), l_and_k={(0, 1): [0, 0, 0, 1, 0, 0, 0, 0]}), fdb(coeff=1, lamb=(0, 0, 1, 0, 0, 0, 0, 0), l_and_k={(0, 1): [0, 0, 1, 0, 0, 0, 0, 0]}), fdb(coeff=1, lamb=(0, 1, 0, 0, 0, 0, 0, 0), l_and_k={(0, 1): [0, 1, 0, 0, 0, 0, 0, 0]}), fdb(coeff=1, lamb=(1, 0, 0, 0, 0, 0, 0, 0), l_and_k={(0, 1): [1, 0, 0, 0, 0, 0, 0, 0]})], (0, 0): [fdb(coeff=1, lamb=(0, 0, 0, 0, 0, 0, 0, 0), l_and_k={})]}, 'fdb_runtime': 0.022504806518554688, 'mechanism_tot_len': 178, 'lr': 0.01, 'lr_milestones': [1000, 2000], 'lr_gamma': 0.1, 'weight_decay': 0, 'save_for_best_model': False, 'save_data': False, 'batch_normalization': True, 'nb_states': 100000, 'nb_states_per_batch': 1000, 'nb_path_per_state': 1000, 'x_lo': 0, 'x_hi': 6.283185307179586, 'adjusted_x_boundaries': (-0.6283185307179586, 6.911503837897545), 'overtrain_rate_for_p': 0.5, 't_lo': 0.0, 't_hi': 0.25, 'T': 0.25, 'tau_lo': 1e-05, 'tau_hi': 10, 'nu': 2, 'delta_t': 0.25, 'outlier_percentile': 1, 'outlier_multiplier': 10, 'exponential_lambda': 0.2051731775502023, 'epochs': 10000, 'antithetic': True, 'div_condition_coeff': 1.0, 'poisson_coeff': 1.0, 'device': device(type='cuda'), 'verbose': True, 'fix_all_dim_except_first': False, 'fix_t_dim': False, 't_boundaries': tensor([0.2500, 0.0000], device='cuda:0'), 'adjusted_t_boundaries': [(tensor(0., device='cuda:0'), tensor(0.2500, device='cuda:0'))], 'working_dir': 'logs/20220601-222808-taylor_green_2d-T0.25-nu2'}
2022-06-01 22:28:08,715 | root |  DEBUG: Generated 1 out of 100000 batches with 0.019228219985961914 seconds.
2022-06-01 22:28:13,367 | root |  DEBUG: Generated 1001 out of 100000 batches with 4.6521220207214355 seconds.
2022-06-01 22:28:18,207 | root |  DEBUG: Generated 2001 out of 100000 batches with 4.8398497104644775 seconds.
2022-06-01 22:28:23,103 | root |  DEBUG: Generated 3001 out of 100000 batches with 4.895648717880249 seconds.
2022-06-01 22:28:27,886 | root |  DEBUG: Generated 4001 out of 100000 batches with 4.782949686050415 seconds.
2022-06-01 22:28:32,695 | root |  DEBUG: Generated 5001 out of 100000 batches with 4.8077003955841064 seconds.
2022-06-01 22:28:37,276 | root |  DEBUG: Generated 6001 out of 100000 batches with 4.581478834152222 seconds.
2022-06-01 22:28:42,968 | root |  DEBUG: Generated 7001 out of 100000 batches with 5.691073179244995 seconds.
2022-06-01 22:28:47,883 | root |  DEBUG: Generated 8001 out of 100000 batches with 4.9143476486206055 seconds.
2022-06-01 22:28:52,746 | root |  DEBUG: Generated 9001 out of 100000 batches with 4.8632378578186035 seconds.
2022-06-01 22:28:57,585 | root |  DEBUG: Generated 10001 out of 100000 batches with 4.83749532699585 seconds.
2022-06-01 22:29:02,099 | root |  DEBUG: Generated 11001 out of 100000 batches with 4.514108896255493 seconds.
2022-06-01 22:29:06,643 | root |  DEBUG: Generated 12001 out of 100000 batches with 4.543631076812744 seconds.
2022-06-01 22:29:11,071 | root |  DEBUG: Generated 13001 out of 100000 batches with 4.427979230880737 seconds.
2022-06-01 22:29:15,501 | root |  DEBUG: Generated 14001 out of 100000 batches with 4.429284334182739 seconds.
2022-06-01 22:29:19,947 | root |  DEBUG: Generated 15001 out of 100000 batches with 4.446103572845459 seconds.
2022-06-01 22:29:24,396 | root |  DEBUG: Generated 16001 out of 100000 batches with 4.448942422866821 seconds.
2022-06-01 22:29:28,822 | root |  DEBUG: Generated 17001 out of 100000 batches with 4.425172328948975 seconds.
2022-06-01 22:29:33,259 | root |  DEBUG: Generated 18001 out of 100000 batches with 4.436512231826782 seconds.
2022-06-01 22:29:37,740 | root |  DEBUG: Generated 19001 out of 100000 batches with 4.481009006500244 seconds.
2022-06-01 22:29:42,190 | root |  DEBUG: Generated 20001 out of 100000 batches with 4.449424505233765 seconds.
2022-06-01 22:29:46,644 | root |  DEBUG: Generated 21001 out of 100000 batches with 4.454212665557861 seconds.
2022-06-01 22:29:51,228 | root |  DEBUG: Generated 22001 out of 100000 batches with 4.583782196044922 seconds.
2022-06-01 22:29:56,075 | root |  DEBUG: Generated 23001 out of 100000 batches with 4.846220016479492 seconds.
2022-06-01 22:30:00,882 | root |  DEBUG: Generated 24001 out of 100000 batches with 4.8065619468688965 seconds.
2022-06-01 22:30:05,599 | root |  DEBUG: Generated 25001 out of 100000 batches with 4.717574834823608 seconds.
2022-06-01 22:30:10,053 | root |  DEBUG: Generated 26001 out of 100000 batches with 4.452998161315918 seconds.
2022-06-01 22:30:14,495 | root |  DEBUG: Generated 27001 out of 100000 batches with 4.44240403175354 seconds.
2022-06-01 22:30:18,966 | root |  DEBUG: Generated 28001 out of 100000 batches with 4.470844745635986 seconds.
2022-06-01 22:30:23,448 | root |  DEBUG: Generated 29001 out of 100000 batches with 4.481416940689087 seconds.
2022-06-01 22:30:27,905 | root |  DEBUG: Generated 30001 out of 100000 batches with 4.4563140869140625 seconds.
2022-06-01 22:30:32,447 | root |  DEBUG: Generated 31001 out of 100000 batches with 4.542250156402588 seconds.
2022-06-01 22:30:36,905 | root |  DEBUG: Generated 32001 out of 100000 batches with 4.458086252212524 seconds.
2022-06-01 22:30:41,409 | root |  DEBUG: Generated 33001 out of 100000 batches with 4.503115177154541 seconds.
2022-06-01 22:30:45,857 | root |  DEBUG: Generated 34001 out of 100000 batches with 4.448237180709839 seconds.
2022-06-01 22:30:50,667 | root |  DEBUG: Generated 35001 out of 100000 batches with 4.808516025543213 seconds.
2022-06-01 22:30:55,505 | root |  DEBUG: Generated 36001 out of 100000 batches with 4.836129665374756 seconds.
2022-06-01 22:31:00,362 | root |  DEBUG: Generated 37001 out of 100000 batches with 4.855160236358643 seconds.
2022-06-01 22:31:05,220 | root |  DEBUG: Generated 38001 out of 100000 batches with 4.858476877212524 seconds.
2022-06-01 22:31:10,055 | root |  DEBUG: Generated 39001 out of 100000 batches with 4.83446192741394 seconds.
2022-06-01 22:31:14,882 | root |  DEBUG: Generated 40001 out of 100000 batches with 4.826510667800903 seconds.
2022-06-01 22:31:19,714 | root |  DEBUG: Generated 41001 out of 100000 batches with 4.831413745880127 seconds.
2022-06-01 22:31:24,274 | root |  DEBUG: Generated 42001 out of 100000 batches with 4.560011863708496 seconds.
2022-06-01 22:31:28,731 | root |  DEBUG: Generated 43001 out of 100000 batches with 4.456564664840698 seconds.
2022-06-01 22:31:33,199 | root |  DEBUG: Generated 44001 out of 100000 batches with 4.467928409576416 seconds.
2022-06-01 22:31:37,661 | root |  DEBUG: Generated 45001 out of 100000 batches with 4.461583614349365 seconds.
2022-06-01 22:31:42,126 | root |  DEBUG: Generated 46001 out of 100000 batches with 4.465397834777832 seconds.
2022-06-01 22:31:46,585 | root |  DEBUG: Generated 47001 out of 100000 batches with 4.4583961963653564 seconds.
2022-06-01 22:31:51,060 | root |  DEBUG: Generated 48001 out of 100000 batches with 4.474735736846924 seconds.
2022-06-01 22:31:55,529 | root |  DEBUG: Generated 49001 out of 100000 batches with 4.4691972732543945 seconds.
2022-06-01 22:32:00,002 | root |  DEBUG: Generated 50001 out of 100000 batches with 4.472756624221802 seconds.
2022-06-01 22:32:04,466 | root |  DEBUG: Generated 51001 out of 100000 batches with 4.46332573890686 seconds.
2022-06-01 22:32:09,226 | root |  DEBUG: Generated 52001 out of 100000 batches with 4.759591341018677 seconds.
2022-06-01 22:32:14,080 | root |  DEBUG: Generated 53001 out of 100000 batches with 4.85394024848938 seconds.
2022-06-01 22:32:18,956 | root |  DEBUG: Generated 54001 out of 100000 batches with 4.875186443328857 seconds.
2022-06-01 22:32:23,816 | root |  DEBUG: Generated 55001 out of 100000 batches with 4.860257148742676 seconds.
2022-06-01 22:32:28,644 | root |  DEBUG: Generated 56001 out of 100000 batches with 4.82805609703064 seconds.
2022-06-01 22:32:33,130 | root |  DEBUG: Generated 57001 out of 100000 batches with 4.485664129257202 seconds.
2022-06-01 22:32:37,615 | root |  DEBUG: Generated 58001 out of 100000 batches with 4.484506368637085 seconds.
2022-06-01 22:32:42,348 | root |  DEBUG: Generated 59001 out of 100000 batches with 4.7326743602752686 seconds.
2022-06-01 22:32:46,976 | root |  DEBUG: Generated 60001 out of 100000 batches with 4.627729654312134 seconds.
2022-06-01 22:32:51,463 | root |  DEBUG: Generated 61001 out of 100000 batches with 4.486284255981445 seconds.
2022-06-01 22:32:56,148 | root |  DEBUG: Generated 62001 out of 100000 batches with 4.684641599655151 seconds.
2022-06-01 22:33:00,620 | root |  DEBUG: Generated 63001 out of 100000 batches with 4.471720457077026 seconds.
2022-06-01 22:33:05,102 | root |  DEBUG: Generated 64001 out of 100000 batches with 4.482410192489624 seconds.
2022-06-01 22:33:09,564 | root |  DEBUG: Generated 65001 out of 100000 batches with 4.46170711517334 seconds.
2022-06-01 22:33:14,043 | root |  DEBUG: Generated 66001 out of 100000 batches with 4.478709936141968 seconds.
2022-06-01 22:33:18,510 | root |  DEBUG: Generated 67001 out of 100000 batches with 4.4658684730529785 seconds.
2022-06-01 22:33:23,206 | root |  DEBUG: Generated 68001 out of 100000 batches with 4.694834232330322 seconds.
2022-06-01 22:33:28,073 | root |  DEBUG: Generated 69001 out of 100000 batches with 4.865001440048218 seconds.
2022-06-01 22:33:32,915 | root |  DEBUG: Generated 70001 out of 100000 batches with 4.84091329574585 seconds.
2022-06-01 22:33:37,808 | root |  DEBUG: Generated 71001 out of 100000 batches with 4.89115309715271 seconds.
2022-06-01 22:33:42,728 | root |  DEBUG: Generated 72001 out of 100000 batches with 4.919256925582886 seconds.
2022-06-01 22:33:47,602 | root |  DEBUG: Generated 73001 out of 100000 batches with 4.873223066329956 seconds.
2022-06-01 22:33:52,456 | root |  DEBUG: Generated 74001 out of 100000 batches with 4.852576971054077 seconds.
2022-06-01 22:33:57,326 | root |  DEBUG: Generated 75001 out of 100000 batches with 4.869730234146118 seconds.
2022-06-01 22:34:02,224 | root |  DEBUG: Generated 76001 out of 100000 batches with 4.897814035415649 seconds.
2022-06-01 22:34:07,098 | root |  DEBUG: Generated 77001 out of 100000 batches with 4.873605966567993 seconds.
2022-06-01 22:34:11,969 | root |  DEBUG: Generated 78001 out of 100000 batches with 4.870697975158691 seconds.
2022-06-01 22:34:16,741 | root |  DEBUG: Generated 79001 out of 100000 batches with 4.7716405391693115 seconds.
2022-06-01 22:34:21,519 | root |  DEBUG: Generated 80001 out of 100000 batches with 4.778010845184326 seconds.
2022-06-01 22:34:26,013 | root |  DEBUG: Generated 81001 out of 100000 batches with 4.494397401809692 seconds.
2022-06-01 22:34:30,483 | root |  DEBUG: Generated 82001 out of 100000 batches with 4.46950888633728 seconds.
2022-06-01 22:34:34,980 | root |  DEBUG: Generated 83001 out of 100000 batches with 4.4963648319244385 seconds.
2022-06-01 22:34:39,461 | root |  DEBUG: Generated 84001 out of 100000 batches with 4.481402397155762 seconds.
2022-06-01 22:34:44,035 | root |  DEBUG: Generated 85001 out of 100000 batches with 4.572996616363525 seconds.
2022-06-01 22:34:48,524 | root |  DEBUG: Generated 86001 out of 100000 batches with 4.488961458206177 seconds.
2022-06-01 22:34:53,016 | root |  DEBUG: Generated 87001 out of 100000 batches with 4.491586685180664 seconds.
2022-06-01 22:34:57,503 | root |  DEBUG: Generated 88001 out of 100000 batches with 4.487097501754761 seconds.
2022-06-01 22:35:02,005 | root |  DEBUG: Generated 89001 out of 100000 batches with 4.502265691757202 seconds.
2022-06-01 22:35:06,531 | root |  DEBUG: Generated 90001 out of 100000 batches with 4.52562952041626 seconds.
2022-06-01 22:35:11,022 | root |  DEBUG: Generated 91001 out of 100000 batches with 4.490802049636841 seconds.
2022-06-01 22:35:15,493 | root |  DEBUG: Generated 92001 out of 100000 batches with 4.470160007476807 seconds.
2022-06-01 22:35:19,999 | root |  DEBUG: Generated 93001 out of 100000 batches with 4.505759954452515 seconds.
2022-06-01 22:35:24,506 | root |  DEBUG: Generated 94001 out of 100000 batches with 4.506446361541748 seconds.
2022-06-01 22:35:28,996 | root |  DEBUG: Generated 95001 out of 100000 batches with 4.490017414093018 seconds.
2022-06-01 22:35:33,645 | root |  DEBUG: Generated 96001 out of 100000 batches with 4.648582458496094 seconds.
2022-06-01 22:35:38,143 | root |  DEBUG: Generated 97001 out of 100000 batches with 4.4984471797943115 seconds.
2022-06-01 22:35:42,731 | root |  DEBUG: Generated 98001 out of 100000 batches with 4.586738586425781 seconds.
2022-06-01 22:35:47,217 | root |  DEBUG: Generated 99001 out of 100000 batches with 4.486605167388916 seconds.
2022-06-01 22:35:51,705 | root |  DEBUG: Generated 100000 out of 100000 batches with 4.487269163131714 seconds.
2022-06-01 22:35:52,168 | root |  INFO: Patch 0: generation of p samples take 463.4726519584656 seconds.
2022-06-01 22:35:52,345 | root |  INFO: Patch  0: epoch    0 with loss 2.97E+00
2022-06-01 22:36:27,369 | root |  INFO: Patch  0: epoch  500 with loss 3.04E-03
2022-06-01 22:37:02,409 | root |  INFO: Patch  0: epoch 1000 with loss 2.13E-03
2022-06-01 22:37:37,475 | root |  INFO: Patch  0: epoch 1500 with loss 5.29E-04
2022-06-01 22:38:12,573 | root |  INFO: Patch  0: epoch 2000 with loss 4.36E-04
2022-06-01 22:38:48,855 | root |  INFO: Patch  0: epoch 2500 with loss 4.32E-04
2022-06-01 22:39:25,152 | root |  INFO: Patch  0: epoch 3000 with loss 4.20E-04
2022-06-01 22:40:01,482 | root |  INFO: Patch  0: epoch 3500 with loss 4.04E-04
2022-06-01 22:40:37,996 | root |  INFO: Patch  0: epoch 4000 with loss 3.86E-04
2022-06-01 22:41:14,298 | root |  INFO: Patch  0: epoch 4500 with loss 3.64E-04
2022-06-01 22:41:50,609 | root |  INFO: Patch  0: epoch 5000 with loss 3.40E-04
2022-06-01 22:42:26,910 | root |  INFO: Patch  0: epoch 5500 with loss 3.13E-04
2022-06-01 22:43:03,196 | root |  INFO: Patch  0: epoch 6000 with loss 2.84E-04
2022-06-01 22:43:39,479 | root |  INFO: Patch  0: epoch 6500 with loss 2.53E-04
2022-06-01 22:44:15,831 | root |  INFO: Patch  0: epoch 7000 with loss 2.22E-04
2022-06-01 22:44:52,134 | root |  INFO: Patch  0: epoch 7500 with loss 1.93E-04
2022-06-01 22:45:28,408 | root |  INFO: Patch  0: epoch 8000 with loss 1.63E-04
2022-06-01 22:46:04,750 | root |  INFO: Patch  0: epoch 8500 with loss 1.39E-04
2022-06-01 22:46:41,031 | root |  INFO: Patch  0: epoch 9000 with loss 1.17E-04
2022-06-01 22:47:17,294 | root |  INFO: Patch  0: epoch 9500 with loss 9.93E-05
2022-06-01 22:47:53,546 | root |  INFO: Patch  0: epoch 9999 with loss 8.87E-05
2022-06-01 22:47:53,559 | root |  INFO: Patch0: pre-training of p with 10000 epochs takes  721 seconds.
2022-06-01 23:04:22,451 | root |  INFO: Patch 0: generation of u samples take 988.8910217285156 seconds.
2022-06-01 23:04:22,487 | root |  INFO: Patch  0: epoch    0 with loss 7.31E-01
2022-06-01 23:04:38,392 | root |  INFO: Patch  0: epoch  500 with loss 1.39E-03
2022-06-01 23:04:54,307 | root |  INFO: Patch  0: epoch 1000 with loss 4.41E-04
2022-06-01 23:05:10,132 | root |  INFO: Patch  0: epoch 1500 with loss 3.34E-04
2022-06-01 23:05:25,962 | root |  INFO: Patch  0: epoch 2000 with loss 2.89E-04
2022-06-01 23:05:42,090 | root |  INFO: Patch  0: epoch 2500 with loss 2.86E-04
2022-06-01 23:05:58,273 | root |  INFO: Patch  0: epoch 3000 with loss 2.80E-04
2022-06-01 23:06:14,437 | root |  INFO: Patch  0: epoch 3500 with loss 2.73E-04
2022-06-01 23:06:30,608 | root |  INFO: Patch  0: epoch 4000 with loss 2.64E-04
2022-06-01 23:06:46,786 | root |  INFO: Patch  0: epoch 4500 with loss 2.54E-04
2022-06-01 23:07:02,968 | root |  INFO: Patch  0: epoch 5000 with loss 2.42E-04
2022-06-01 23:07:19,149 | root |  INFO: Patch  0: epoch 5500 with loss 2.29E-04
2022-06-01 23:07:35,332 | root |  INFO: Patch  0: epoch 6000 with loss 2.15E-04
2022-06-01 23:07:51,540 | root |  INFO: Patch  0: epoch 6500 with loss 1.99E-04
2022-06-01 23:08:07,727 | root |  INFO: Patch  0: epoch 7000 with loss 1.83E-04
2022-06-01 23:08:23,901 | root |  INFO: Patch  0: epoch 7500 with loss 1.66E-04
2022-06-01 23:08:40,075 | root |  INFO: Patch  0: epoch 8000 with loss 1.50E-04
2022-06-01 23:08:56,269 | root |  INFO: Patch  0: epoch 8500 with loss 1.35E-04
2022-06-01 23:09:12,432 | root |  INFO: Patch  0: epoch 9000 with loss 1.23E-04
2022-06-01 23:09:28,595 | root |  INFO: Patch  0: epoch 9500 with loss 1.13E-04
2022-06-01 23:09:44,721 | root |  INFO: Patch  0: epoch 9999 with loss 1.04E-04
2022-06-01 23:09:44,734 | root |  INFO: Patch 0: training of u with 10000 epochs take 322.28237867355347 seconds.
2022-06-01 23:09:44,787 | root |  INFO: The error as in Lejay is calculated as follows.
2022-06-01 23:09:44,789 | root |  INFO: $\hat{e}_0(t_k)$
2022-06-01 23:09:44,795 | root |  INFO: & 3.35E-04 & 2.41E-04 & 1.80E-04 & 2.26E-04 & 3.39E-04 & 4.34E-04 & 4.66E-04 & 4.23E-04 & 2.80E-04 & 4.54E-04 & --- \\
2022-06-01 23:09:44,795 | root |  INFO: $\hat{e}_1(t_k)$
2022-06-01 23:09:44,798 | root |  INFO: & 4.31E-04 & 1.99E-04 & 2.20E-04 & 3.42E-04 & 4.29E-04 & 4.43E-04 & 3.74E-04 & 2.32E-04 & 1.90E-04 & 3.19E-04 & --- \\
2022-06-01 23:09:44,799 | root |  INFO: $\hat{e}(t_k)$
2022-06-01 23:09:44,801 | root |  INFO: & 5.02E-04 & 2.88E-04 & 3.85E-04 & 4.93E-04 & 5.93E-04 & 6.22E-04 & 5.83E-04 & 4.83E-04 & 2.98E-04 & 6.21E-04 & --- \\
2022-06-01 23:09:44,802 | root |  INFO: \hline
2022-06-01 23:09:44,802 | root |  INFO: 
The relative L2 error of u (erru) is calculated as follows.
2022-06-01 23:09:44,804 | root |  INFO: erru($t_k$)
2022-06-01 23:09:44,806 | root |  INFO: & 2.33E-02 & 1.60E-02 & 1.19E-02 & 1.07E-02 & 1.12E-02 & 1.16E-02 & 1.13E-02 & 1.02E-02 & 9.52E-03 & 1.25E-02 & --- \\
2022-06-01 23:09:44,924 | root |  INFO: 
The relative L2 error of gradient of u (errgu) is calculated as follows.
2022-06-01 23:09:44,927 | root |  INFO: errgu($t_k$)
2022-06-01 23:09:44,967 | root |  INFO: & 5.62E-02 & 4.33E-02 & 3.47E-02 & 3.02E-02 & 2.87E-02 & 2.86E-02 & 2.86E-02 & 2.85E-02 & 2.91E-02 & 3.23E-02 & --- \\
2022-06-01 23:09:44,968 | root |  INFO: 
The absolute divergence of u (errdivu) is calculated as follows.
2022-06-01 23:09:44,969 | root |  INFO: errdivu($t_k$)
2022-06-01 23:09:44,971 | root |  INFO: & 3.28E-02 & 2.34E-02 & 1.85E-02 & 1.63E-02 & 1.58E-02 & 1.65E-02 & 1.75E-02 & 1.82E-02 & 1.89E-02 & 2.27E-02 & --- \\
2022-06-01 23:09:44,981 | root |  INFO: 
The relative L2 error of p (errp) is calculated as follows.
2022-06-01 23:09:44,983 | root |  INFO: errp($t_k$)
2022-06-01 23:09:44,984 | root |  INFO: & --- & --- & --- & --- & --- & --- & --- & --- & --- & --- & 4.08E-03 \\
2022-06-01 23:09:44,989 | matplotlib.pyplot |  DEBUG: Loaded backend module://matplotlib_inline.backend_inline version unknown.
2022-06-01 23:09:44,992 | matplotlib.pyplot |  DEBUG: Loaded backend module://matplotlib_inline.backend_inline version unknown.
2022-06-01 23:09:44,993 | matplotlib.font_manager |  DEBUG: findfont: Matching sans\-serif:style=normal:variant=normal:weight=normal:stretch=normal:size=10.0.
2022-06-01 23:09:44,994 | matplotlib.font_manager |  DEBUG: findfont: score(FontEntry(fname='/home/nguwijy/.local/lib/python3.8/site-packages/matplotlib/mpl-data/fonts/ttf/STIXGeneral.ttf', name='STIXGeneral', style='normal', variant='normal', weight=400, stretch='normal', size='scalable')) = 10.05
2022-06-01 23:09:44,994 | matplotlib.font_manager |  DEBUG: findfont: score(FontEntry(fname='/home/nguwijy/.local/lib/python3.8/site-packages/matplotlib/mpl-data/fonts/ttf/STIXSizFourSymReg.ttf', name='STIXSizeFourSym', style='normal', variant='normal', weight=400, stretch='normal', size='scalable')) = 10.05
2022-06-01 23:09:44,994 | matplotlib.font_manager |  DEBUG: findfont: score(FontEntry(fname='/home/nguwijy/.local/lib/python3.8/site-packages/matplotlib/mpl-data/fonts/ttf/DejaVuSerif-Italic.ttf', name='DejaVu Serif', style='italic', variant='normal', weight=400, stretch='normal', size='scalable')) = 11.05
2022-06-01 23:09:44,994 | matplotlib.font_manager |  DEBUG: findfont: score(FontEntry(fname='/home/nguwijy/.local/lib/python3.8/site-packages/matplotlib/mpl-data/fonts/ttf/cmr10.ttf', name='cmr10', style='normal', variant='normal', weight=400, stretch='normal', size='scalable')) = 10.05
2022-06-01 23:09:44,994 | matplotlib.font_manager |  DEBUG: findfont: score(FontEntry(fname='/home/nguwijy/.local/lib/python3.8/site-packages/matplotlib/mpl-data/fonts/ttf/DejaVuSansMono-Bold.ttf', name='DejaVu Sans Mono', style='normal', variant='normal', weight=700, stretch='normal', size='scalable')) = 10.335
2022-06-01 23:09:44,994 | matplotlib.font_manager |  DEBUG: findfont: score(FontEntry(fname='/home/nguwijy/.local/lib/python3.8/site-packages/matplotlib/mpl-data/fonts/ttf/DejaVuSansMono.ttf', name='DejaVu Sans Mono', style='normal', variant='normal', weight=400, stretch='normal', size='scalable')) = 10.05
2022-06-01 23:09:44,994 | matplotlib.font_manager |  DEBUG: findfont: score(FontEntry(fname='/home/nguwijy/.local/lib/python3.8/site-packages/matplotlib/mpl-data/fonts/ttf/DejaVuSansDisplay.ttf', name='DejaVu Sans Display', style='normal', variant='normal', weight=400, stretch='normal', size='scalable')) = 10.05
2022-06-01 23:09:44,994 | matplotlib.font_manager |  DEBUG: findfont: score(FontEntry(fname='/home/nguwijy/.local/lib/python3.8/site-packages/matplotlib/mpl-data/fonts/ttf/STIXNonUni.ttf', name='STIXNonUnicode', style='normal', variant='normal', weight=400, stretch='normal', size='scalable')) = 10.05
2022-06-01 23:09:44,994 | matplotlib.font_manager |  DEBUG: findfont: score(FontEntry(fname='/home/nguwijy/.local/lib/python3.8/site-packages/matplotlib/mpl-data/fonts/ttf/STIXGeneralBol.ttf', name='STIXGeneral', style='normal', variant='normal', weight=700, stretch='normal', size='scalable')) = 10.335
2022-06-01 23:09:44,994 | matplotlib.font_manager |  DEBUG: findfont: score(FontEntry(fname='/home/nguwijy/.local/lib/python3.8/site-packages/matplotlib/mpl-data/fonts/ttf/DejaVuSansMono-BoldOblique.ttf', name='DejaVu Sans Mono', style='oblique', variant='normal', weight=700, stretch='normal', size='scalable')) = 11.335
2022-06-01 23:09:44,994 | matplotlib.font_manager |  DEBUG: findfont: score(FontEntry(fname='/home/nguwijy/.local/lib/python3.8/site-packages/matplotlib/mpl-data/fonts/ttf/DejaVuSerif-BoldItalic.ttf', name='DejaVu Serif', style='italic', variant='normal', weight=700, stretch='normal', size='scalable')) = 11.335
2022-06-01 23:09:44,994 | matplotlib.font_manager |  DEBUG: findfont: score(FontEntry(fname='/home/nguwijy/.local/lib/python3.8/site-packages/matplotlib/mpl-data/fonts/ttf/cmmi10.ttf', name='cmmi10', style='normal', variant='normal', weight=400, stretch='normal', size='scalable')) = 10.05
2022-06-01 23:09:44,994 | matplotlib.font_manager |  DEBUG: findfont: score(FontEntry(fname='/home/nguwijy/.local/lib/python3.8/site-packages/matplotlib/mpl-data/fonts/ttf/STIXGeneralItalic.ttf', name='STIXGeneral', style='italic', variant='normal', weight=400, stretch='normal', size='scalable')) = 11.05
2022-06-01 23:09:44,994 | matplotlib.font_manager |  DEBUG: findfont: score(FontEntry(fname='/home/nguwijy/.local/lib/python3.8/site-packages/matplotlib/mpl-data/fonts/ttf/STIXSizThreeSymReg.ttf', name='STIXSizeThreeSym', style='normal', variant='normal', weight=400, stretch='normal', size='scalable')) = 10.05
2022-06-01 23:09:44,994 | matplotlib.font_manager |  DEBUG: findfont: score(FontEntry(fname='/home/nguwijy/.local/lib/python3.8/site-packages/matplotlib/mpl-data/fonts/ttf/cmss10.ttf', name='cmss10', style='normal', variant='normal', weight=400, stretch='normal', size='scalable')) = 10.05
2022-06-01 23:09:44,994 | matplotlib.font_manager |  DEBUG: findfont: score(FontEntry(fname='/home/nguwijy/.local/lib/python3.8/site-packages/matplotlib/mpl-data/fonts/ttf/cmb10.ttf', name='cmb10', style='normal', variant='normal', weight=400, stretch='normal', size='scalable')) = 10.05
2022-06-01 23:09:44,994 | matplotlib.font_manager |  DEBUG: findfont: score(FontEntry(fname='/home/nguwijy/.local/lib/python3.8/site-packages/matplotlib/mpl-data/fonts/ttf/DejaVuSans-Bold.ttf', name='DejaVu Sans', style='normal', variant='normal', weight=700, stretch='normal', size='scalable')) = 0.33499999999999996
2022-06-01 23:09:44,994 | matplotlib.font_manager |  DEBUG: findfont: score(FontEntry(fname='/home/nguwijy/.local/lib/python3.8/site-packages/matplotlib/mpl-data/fonts/ttf/DejaVuSans-BoldOblique.ttf', name='DejaVu Sans', style='oblique', variant='normal', weight=700, stretch='normal', size='scalable')) = 1.335
2022-06-01 23:09:44,994 | matplotlib.font_manager |  DEBUG: findfont: score(FontEntry(fname='/home/nguwijy/.local/lib/python3.8/site-packages/matplotlib/mpl-data/fonts/ttf/DejaVuSansMono-Oblique.ttf', name='DejaVu Sans Mono', style='oblique', variant='normal', weight=400, stretch='normal', size='scalable')) = 11.05
2022-06-01 23:09:44,994 | matplotlib.font_manager |  DEBUG: findfont: score(FontEntry(fname='/home/nguwijy/.local/lib/python3.8/site-packages/matplotlib/mpl-data/fonts/ttf/STIXSizFourSymBol.ttf', name='STIXSizeFourSym', style='normal', variant='normal', weight=700, stretch='normal', size='scalable')) = 10.335
2022-06-01 23:09:44,994 | matplotlib.font_manager |  DEBUG: findfont: score(FontEntry(fname='/home/nguwijy/.local/lib/python3.8/site-packages/matplotlib/mpl-data/fonts/ttf/STIXGeneralBolIta.ttf', name='STIXGeneral', style='italic', variant='normal', weight=700, stretch='normal', size='scalable')) = 11.335
2022-06-01 23:09:44,994 | matplotlib.font_manager |  DEBUG: findfont: score(FontEntry(fname='/home/nguwijy/.local/lib/python3.8/site-packages/matplotlib/mpl-data/fonts/ttf/STIXSizOneSymReg.ttf', name='STIXSizeOneSym', style='normal', variant='normal', weight=400, stretch='normal', size='scalable')) = 10.05
2022-06-01 23:09:44,994 | matplotlib.font_manager |  DEBUG: findfont: score(FontEntry(fname='/home/nguwijy/.local/lib/python3.8/site-packages/matplotlib/mpl-data/fonts/ttf/STIXNonUniBol.ttf', name='STIXNonUnicode', style='normal', variant='normal', weight=700, stretch='normal', size='scalable')) = 10.335
2022-06-01 23:09:44,994 | matplotlib.font_manager |  DEBUG: findfont: score(FontEntry(fname='/home/nguwijy/.local/lib/python3.8/site-packages/matplotlib/mpl-data/fonts/ttf/STIXNonUniIta.ttf', name='STIXNonUnicode', style='italic', variant='normal', weight=400, stretch='normal', size='scalable')) = 11.05
2022-06-01 23:09:44,995 | matplotlib.font_manager |  DEBUG: findfont: score(FontEntry(fname='/home/nguwijy/.local/lib/python3.8/site-packages/matplotlib/mpl-data/fonts/ttf/STIXSizTwoSymBol.ttf', name='STIXSizeTwoSym', style='normal', variant='normal', weight=700, stretch='normal', size='scalable')) = 10.335
2022-06-01 23:09:44,995 | matplotlib.font_manager |  DEBUG: findfont: score(FontEntry(fname='/home/nguwijy/.local/lib/python3.8/site-packages/matplotlib/mpl-data/fonts/ttf/STIXNonUniBolIta.ttf', name='STIXNonUnicode', style='italic', variant='normal', weight=700, stretch='normal', size='scalable')) = 11.335
2022-06-01 23:09:44,995 | matplotlib.font_manager |  DEBUG: findfont: score(FontEntry(fname='/home/nguwijy/.local/lib/python3.8/site-packages/matplotlib/mpl-data/fonts/ttf/DejaVuSans.ttf', name='DejaVu Sans', style='normal', variant='normal', weight=400, stretch='normal', size='scalable')) = 0.05
2022-06-01 23:09:44,995 | matplotlib.font_manager |  DEBUG: findfont: score(FontEntry(fname='/home/nguwijy/.local/lib/python3.8/site-packages/matplotlib/mpl-data/fonts/ttf/cmex10.ttf', name='cmex10', style='normal', variant='normal', weight=400, stretch='normal', size='scalable')) = 10.05
2022-06-01 23:09:44,995 | matplotlib.font_manager |  DEBUG: findfont: score(FontEntry(fname='/home/nguwijy/.local/lib/python3.8/site-packages/matplotlib/mpl-data/fonts/ttf/DejaVuSerif-Bold.ttf', name='DejaVu Serif', style='normal', variant='normal', weight=700, stretch='normal', size='scalable')) = 10.335
2022-06-01 23:09:44,995 | matplotlib.font_manager |  DEBUG: findfont: score(FontEntry(fname='/home/nguwijy/.local/lib/python3.8/site-packages/matplotlib/mpl-data/fonts/ttf/STIXSizThreeSymBol.ttf', name='STIXSizeThreeSym', style='normal', variant='normal', weight=700, stretch='normal', size='scalable')) = 10.335
2022-06-01 23:09:44,995 | matplotlib.font_manager |  DEBUG: findfont: score(FontEntry(fname='/home/nguwijy/.local/lib/python3.8/site-packages/matplotlib/mpl-data/fonts/ttf/cmsy10.ttf', name='cmsy10', style='normal', variant='normal', weight=400, stretch='normal', size='scalable')) = 10.05
2022-06-01 23:09:44,995 | matplotlib.font_manager |  DEBUG: findfont: score(FontEntry(fname='/home/nguwijy/.local/lib/python3.8/site-packages/matplotlib/mpl-data/fonts/ttf/STIXSizFiveSymReg.ttf', name='STIXSizeFiveSym', style='normal', variant='normal', weight=400, stretch='normal', size='scalable')) = 10.05
2022-06-01 23:09:44,995 | matplotlib.font_manager |  DEBUG: findfont: score(FontEntry(fname='/home/nguwijy/.local/lib/python3.8/site-packages/matplotlib/mpl-data/fonts/ttf/cmtt10.ttf', name='cmtt10', style='normal', variant='normal', weight=400, stretch='normal', size='scalable')) = 10.05
2022-06-01 23:09:44,995 | matplotlib.font_manager |  DEBUG: findfont: score(FontEntry(fname='/home/nguwijy/.local/lib/python3.8/site-packages/matplotlib/mpl-data/fonts/ttf/STIXSizOneSymBol.ttf', name='STIXSizeOneSym', style='normal', variant='normal', weight=700, stretch='normal', size='scalable')) = 10.335
2022-06-01 23:09:44,995 | matplotlib.font_manager |  DEBUG: findfont: score(FontEntry(fname='/home/nguwijy/.local/lib/python3.8/site-packages/matplotlib/mpl-data/fonts/ttf/DejaVuSerifDisplay.ttf', name='DejaVu Serif Display', style='normal', variant='normal', weight=400, stretch='normal', size='scalable')) = 10.05
2022-06-01 23:09:44,995 | matplotlib.font_manager |  DEBUG: findfont: score(FontEntry(fname='/home/nguwijy/.local/lib/python3.8/site-packages/matplotlib/mpl-data/fonts/ttf/STIXSizTwoSymReg.ttf', name='STIXSizeTwoSym', style='normal', variant='normal', weight=400, stretch='normal', size='scalable')) = 10.05
2022-06-01 23:09:44,995 | matplotlib.font_manager |  DEBUG: findfont: score(FontEntry(fname='/home/nguwijy/.local/lib/python3.8/site-packages/matplotlib/mpl-data/fonts/ttf/DejaVuSerif.ttf', name='DejaVu Serif', style='normal', variant='normal', weight=400, stretch='normal', size='scalable')) = 10.05
2022-06-01 23:09:44,995 | matplotlib.font_manager |  DEBUG: findfont: score(FontEntry(fname='/home/nguwijy/.local/lib/python3.8/site-packages/matplotlib/mpl-data/fonts/ttf/DejaVuSans-Oblique.ttf', name='DejaVu Sans', style='oblique', variant='normal', weight=400, stretch='normal', size='scalable')) = 1.05
2022-06-01 23:09:44,995 | matplotlib.font_manager |  DEBUG: findfont: score(FontEntry(fname='/usr/share/fonts/truetype/dejavu/DejaVuSans-Bold.ttf', name='DejaVu Sans', style='normal', variant='normal', weight=700, stretch='normal', size='scalable')) = 0.33499999999999996
2022-06-01 23:09:44,995 | matplotlib.font_manager |  DEBUG: findfont: score(FontEntry(fname='/usr/share/fonts/truetype/dejavu/DejaVuSerif-Bold.ttf', name='DejaVu Serif', style='normal', variant='normal', weight=700, stretch='normal', size='scalable')) = 10.335
2022-06-01 23:09:44,995 | matplotlib.font_manager |  DEBUG: findfont: score(FontEntry(fname='/usr/share/fonts/truetype/dejavu/DejaVuSans.ttf', name='DejaVu Sans', style='normal', variant='normal', weight=400, stretch='normal', size='scalable')) = 0.05
2022-06-01 23:09:44,995 | matplotlib.font_manager |  DEBUG: findfont: score(FontEntry(fname='/usr/share/fonts/truetype/dejavu/DejaVuSerif.ttf', name='DejaVu Serif', style='normal', variant='normal', weight=400, stretch='normal', size='scalable')) = 10.05
2022-06-01 23:09:44,995 | matplotlib.font_manager |  DEBUG: findfont: score(FontEntry(fname='/usr/share/fonts/truetype/dejavu/DejaVuSansMono-Bold.ttf', name='DejaVu Sans Mono', style='normal', variant='normal', weight=700, stretch='normal', size='scalable')) = 10.335
2022-06-01 23:09:44,995 | matplotlib.font_manager |  DEBUG: findfont: score(FontEntry(fname='/usr/share/fonts/truetype/dejavu/DejaVuSansMono.ttf', name='DejaVu Sans Mono', style='normal', variant='normal', weight=400, stretch='normal', size='scalable')) = 10.05
2022-06-01 23:09:44,995 | matplotlib.font_manager |  DEBUG: findfont: Matching sans\-serif:style=normal:variant=normal:weight=normal:stretch=normal:size=10.0 to DejaVu Sans ('/home/nguwijy/.local/lib/python3.8/site-packages/matplotlib/mpl-data/fonts/ttf/DejaVuSans.ttf') with score of 0.050000.
2022-06-01 23:09:45,017 | matplotlib.font_manager |  DEBUG: findfont: Matching sans\-serif:style=normal:variant=normal:weight=normal:stretch=normal:size=10.0.
2022-06-01 23:09:45,017 | matplotlib.font_manager |  DEBUG: findfont: score(FontEntry(fname='/home/nguwijy/.local/lib/python3.8/site-packages/matplotlib/mpl-data/fonts/ttf/STIXGeneral.ttf', name='STIXGeneral', style='normal', variant='normal', weight=400, stretch='normal', size='scalable')) = 10.05
2022-06-01 23:09:45,018 | matplotlib.font_manager |  DEBUG: findfont: score(FontEntry(fname='/home/nguwijy/.local/lib/python3.8/site-packages/matplotlib/mpl-data/fonts/ttf/STIXSizFourSymReg.ttf', name='STIXSizeFourSym', style='normal', variant='normal', weight=400, stretch='normal', size='scalable')) = 10.05
2022-06-01 23:09:45,018 | matplotlib.font_manager |  DEBUG: findfont: score(FontEntry(fname='/home/nguwijy/.local/lib/python3.8/site-packages/matplotlib/mpl-data/fonts/ttf/DejaVuSerif-Italic.ttf', name='DejaVu Serif', style='italic', variant='normal', weight=400, stretch='normal', size='scalable')) = 11.05
2022-06-01 23:09:45,018 | matplotlib.font_manager |  DEBUG: findfont: score(FontEntry(fname='/home/nguwijy/.local/lib/python3.8/site-packages/matplotlib/mpl-data/fonts/ttf/cmr10.ttf', name='cmr10', style='normal', variant='normal', weight=400, stretch='normal', size='scalable')) = 10.05
2022-06-01 23:09:45,018 | matplotlib.font_manager |  DEBUG: findfont: score(FontEntry(fname='/home/nguwijy/.local/lib/python3.8/site-packages/matplotlib/mpl-data/fonts/ttf/DejaVuSansMono-Bold.ttf', name='DejaVu Sans Mono', style='normal', variant='normal', weight=700, stretch='normal', size='scalable')) = 10.335
2022-06-01 23:09:45,018 | matplotlib.font_manager |  DEBUG: findfont: score(FontEntry(fname='/home/nguwijy/.local/lib/python3.8/site-packages/matplotlib/mpl-data/fonts/ttf/DejaVuSansMono.ttf', name='DejaVu Sans Mono', style='normal', variant='normal', weight=400, stretch='normal', size='scalable')) = 10.05
2022-06-01 23:09:45,018 | matplotlib.font_manager |  DEBUG: findfont: score(FontEntry(fname='/home/nguwijy/.local/lib/python3.8/site-packages/matplotlib/mpl-data/fonts/ttf/DejaVuSansDisplay.ttf', name='DejaVu Sans Display', style='normal', variant='normal', weight=400, stretch='normal', size='scalable')) = 10.05
2022-06-01 23:09:45,018 | matplotlib.font_manager |  DEBUG: findfont: score(FontEntry(fname='/home/nguwijy/.local/lib/python3.8/site-packages/matplotlib/mpl-data/fonts/ttf/STIXNonUni.ttf', name='STIXNonUnicode', style='normal', variant='normal', weight=400, stretch='normal', size='scalable')) = 10.05
2022-06-01 23:09:45,018 | matplotlib.font_manager |  DEBUG: findfont: score(FontEntry(fname='/home/nguwijy/.local/lib/python3.8/site-packages/matplotlib/mpl-data/fonts/ttf/STIXGeneralBol.ttf', name='STIXGeneral', style='normal', variant='normal', weight=700, stretch='normal', size='scalable')) = 10.335
2022-06-01 23:09:45,018 | matplotlib.font_manager |  DEBUG: findfont: score(FontEntry(fname='/home/nguwijy/.local/lib/python3.8/site-packages/matplotlib/mpl-data/fonts/ttf/DejaVuSansMono-BoldOblique.ttf', name='DejaVu Sans Mono', style='oblique', variant='normal', weight=700, stretch='normal', size='scalable')) = 11.335
2022-06-01 23:09:45,018 | matplotlib.font_manager |  DEBUG: findfont: score(FontEntry(fname='/home/nguwijy/.local/lib/python3.8/site-packages/matplotlib/mpl-data/fonts/ttf/DejaVuSerif-BoldItalic.ttf', name='DejaVu Serif', style='italic', variant='normal', weight=700, stretch='normal', size='scalable')) = 11.335
2022-06-01 23:09:45,018 | matplotlib.font_manager |  DEBUG: findfont: score(FontEntry(fname='/home/nguwijy/.local/lib/python3.8/site-packages/matplotlib/mpl-data/fonts/ttf/cmmi10.ttf', name='cmmi10', style='normal', variant='normal', weight=400, stretch='normal', size='scalable')) = 10.05
2022-06-01 23:09:45,018 | matplotlib.font_manager |  DEBUG: findfont: score(FontEntry(fname='/home/nguwijy/.local/lib/python3.8/site-packages/matplotlib/mpl-data/fonts/ttf/STIXGeneralItalic.ttf', name='STIXGeneral', style='italic', variant='normal', weight=400, stretch='normal', size='scalable')) = 11.05
2022-06-01 23:09:45,018 | matplotlib.font_manager |  DEBUG: findfont: score(FontEntry(fname='/home/nguwijy/.local/lib/python3.8/site-packages/matplotlib/mpl-data/fonts/ttf/STIXSizThreeSymReg.ttf', name='STIXSizeThreeSym', style='normal', variant='normal', weight=400, stretch='normal', size='scalable')) = 10.05
2022-06-01 23:09:45,018 | matplotlib.font_manager |  DEBUG: findfont: score(FontEntry(fname='/home/nguwijy/.local/lib/python3.8/site-packages/matplotlib/mpl-data/fonts/ttf/cmss10.ttf', name='cmss10', style='normal', variant='normal', weight=400, stretch='normal', size='scalable')) = 10.05
2022-06-01 23:09:45,018 | matplotlib.font_manager |  DEBUG: findfont: score(FontEntry(fname='/home/nguwijy/.local/lib/python3.8/site-packages/matplotlib/mpl-data/fonts/ttf/cmb10.ttf', name='cmb10', style='normal', variant='normal', weight=400, stretch='normal', size='scalable')) = 10.05
2022-06-01 23:09:45,018 | matplotlib.font_manager |  DEBUG: findfont: score(FontEntry(fname='/home/nguwijy/.local/lib/python3.8/site-packages/matplotlib/mpl-data/fonts/ttf/DejaVuSans-Bold.ttf', name='DejaVu Sans', style='normal', variant='normal', weight=700, stretch='normal', size='scalable')) = 0.33499999999999996
2022-06-01 23:09:45,018 | matplotlib.font_manager |  DEBUG: findfont: score(FontEntry(fname='/home/nguwijy/.local/lib/python3.8/site-packages/matplotlib/mpl-data/fonts/ttf/DejaVuSans-BoldOblique.ttf', name='DejaVu Sans', style='oblique', variant='normal', weight=700, stretch='normal', size='scalable')) = 1.335
2022-06-01 23:09:45,018 | matplotlib.font_manager |  DEBUG: findfont: score(FontEntry(fname='/home/nguwijy/.local/lib/python3.8/site-packages/matplotlib/mpl-data/fonts/ttf/DejaVuSansMono-Oblique.ttf', name='DejaVu Sans Mono', style='oblique', variant='normal', weight=400, stretch='normal', size='scalable')) = 11.05
2022-06-01 23:09:45,018 | matplotlib.font_manager |  DEBUG: findfont: score(FontEntry(fname='/home/nguwijy/.local/lib/python3.8/site-packages/matplotlib/mpl-data/fonts/ttf/STIXSizFourSymBol.ttf', name='STIXSizeFourSym', style='normal', variant='normal', weight=700, stretch='normal', size='scalable')) = 10.335
2022-06-01 23:09:45,018 | matplotlib.font_manager |  DEBUG: findfont: score(FontEntry(fname='/home/nguwijy/.local/lib/python3.8/site-packages/matplotlib/mpl-data/fonts/ttf/STIXGeneralBolIta.ttf', name='STIXGeneral', style='italic', variant='normal', weight=700, stretch='normal', size='scalable')) = 11.335
2022-06-01 23:09:45,019 | matplotlib.font_manager |  DEBUG: findfont: score(FontEntry(fname='/home/nguwijy/.local/lib/python3.8/site-packages/matplotlib/mpl-data/fonts/ttf/STIXSizOneSymReg.ttf', name='STIXSizeOneSym', style='normal', variant='normal', weight=400, stretch='normal', size='scalable')) = 10.05
2022-06-01 23:09:45,019 | matplotlib.font_manager |  DEBUG: findfont: score(FontEntry(fname='/home/nguwijy/.local/lib/python3.8/site-packages/matplotlib/mpl-data/fonts/ttf/STIXNonUniBol.ttf', name='STIXNonUnicode', style='normal', variant='normal', weight=700, stretch='normal', size='scalable')) = 10.335
2022-06-01 23:09:45,019 | matplotlib.font_manager |  DEBUG: findfont: score(FontEntry(fname='/home/nguwijy/.local/lib/python3.8/site-packages/matplotlib/mpl-data/fonts/ttf/STIXNonUniIta.ttf', name='STIXNonUnicode', style='italic', variant='normal', weight=400, stretch='normal', size='scalable')) = 11.05
2022-06-01 23:09:45,019 | matplotlib.font_manager |  DEBUG: findfont: score(FontEntry(fname='/home/nguwijy/.local/lib/python3.8/site-packages/matplotlib/mpl-data/fonts/ttf/STIXSizTwoSymBol.ttf', name='STIXSizeTwoSym', style='normal', variant='normal', weight=700, stretch='normal', size='scalable')) = 10.335
2022-06-01 23:09:45,019 | matplotlib.font_manager |  DEBUG: findfont: score(FontEntry(fname='/home/nguwijy/.local/lib/python3.8/site-packages/matplotlib/mpl-data/fonts/ttf/STIXNonUniBolIta.ttf', name='STIXNonUnicode', style='italic', variant='normal', weight=700, stretch='normal', size='scalable')) = 11.335
2022-06-01 23:09:45,019 | matplotlib.font_manager |  DEBUG: findfont: score(FontEntry(fname='/home/nguwijy/.local/lib/python3.8/site-packages/matplotlib/mpl-data/fonts/ttf/DejaVuSans.ttf', name='DejaVu Sans', style='normal', variant='normal', weight=400, stretch='normal', size='scalable')) = 0.05
2022-06-01 23:09:45,019 | matplotlib.font_manager |  DEBUG: findfont: score(FontEntry(fname='/home/nguwijy/.local/lib/python3.8/site-packages/matplotlib/mpl-data/fonts/ttf/cmex10.ttf', name='cmex10', style='normal', variant='normal', weight=400, stretch='normal', size='scalable')) = 10.05
2022-06-01 23:09:45,019 | matplotlib.font_manager |  DEBUG: findfont: score(FontEntry(fname='/home/nguwijy/.local/lib/python3.8/site-packages/matplotlib/mpl-data/fonts/ttf/DejaVuSerif-Bold.ttf', name='DejaVu Serif', style='normal', variant='normal', weight=700, stretch='normal', size='scalable')) = 10.335
2022-06-01 23:09:45,019 | matplotlib.font_manager |  DEBUG: findfont: score(FontEntry(fname='/home/nguwijy/.local/lib/python3.8/site-packages/matplotlib/mpl-data/fonts/ttf/STIXSizThreeSymBol.ttf', name='STIXSizeThreeSym', style='normal', variant='normal', weight=700, stretch='normal', size='scalable')) = 10.335
2022-06-01 23:09:45,019 | matplotlib.font_manager |  DEBUG: findfont: score(FontEntry(fname='/home/nguwijy/.local/lib/python3.8/site-packages/matplotlib/mpl-data/fonts/ttf/cmsy10.ttf', name='cmsy10', style='normal', variant='normal', weight=400, stretch='normal', size='scalable')) = 10.05
2022-06-01 23:09:45,019 | matplotlib.font_manager |  DEBUG: findfont: score(FontEntry(fname='/home/nguwijy/.local/lib/python3.8/site-packages/matplotlib/mpl-data/fonts/ttf/STIXSizFiveSymReg.ttf', name='STIXSizeFiveSym', style='normal', variant='normal', weight=400, stretch='normal', size='scalable')) = 10.05
2022-06-01 23:09:45,019 | matplotlib.font_manager |  DEBUG: findfont: score(FontEntry(fname='/home/nguwijy/.local/lib/python3.8/site-packages/matplotlib/mpl-data/fonts/ttf/cmtt10.ttf', name='cmtt10', style='normal', variant='normal', weight=400, stretch='normal', size='scalable')) = 10.05
2022-06-01 23:09:45,019 | matplotlib.font_manager |  DEBUG: findfont: score(FontEntry(fname='/home/nguwijy/.local/lib/python3.8/site-packages/matplotlib/mpl-data/fonts/ttf/STIXSizOneSymBol.ttf', name='STIXSizeOneSym', style='normal', variant='normal', weight=700, stretch='normal', size='scalable')) = 10.335
2022-06-01 23:09:45,019 | matplotlib.font_manager |  DEBUG: findfont: score(FontEntry(fname='/home/nguwijy/.local/lib/python3.8/site-packages/matplotlib/mpl-data/fonts/ttf/DejaVuSerifDisplay.ttf', name='DejaVu Serif Display', style='normal', variant='normal', weight=400, stretch='normal', size='scalable')) = 10.05
2022-06-01 23:09:45,019 | matplotlib.font_manager |  DEBUG: findfont: score(FontEntry(fname='/home/nguwijy/.local/lib/python3.8/site-packages/matplotlib/mpl-data/fonts/ttf/STIXSizTwoSymReg.ttf', name='STIXSizeTwoSym', style='normal', variant='normal', weight=400, stretch='normal', size='scalable')) = 10.05
2022-06-01 23:09:45,019 | matplotlib.font_manager |  DEBUG: findfont: score(FontEntry(fname='/home/nguwijy/.local/lib/python3.8/site-packages/matplotlib/mpl-data/fonts/ttf/DejaVuSerif.ttf', name='DejaVu Serif', style='normal', variant='normal', weight=400, stretch='normal', size='scalable')) = 10.05
2022-06-01 23:09:45,019 | matplotlib.font_manager |  DEBUG: findfont: score(FontEntry(fname='/home/nguwijy/.local/lib/python3.8/site-packages/matplotlib/mpl-data/fonts/ttf/DejaVuSans-Oblique.ttf', name='DejaVu Sans', style='oblique', variant='normal', weight=400, stretch='normal', size='scalable')) = 1.05
2022-06-01 23:09:45,019 | matplotlib.font_manager |  DEBUG: findfont: score(FontEntry(fname='/usr/share/fonts/truetype/dejavu/DejaVuSans-Bold.ttf', name='DejaVu Sans', style='normal', variant='normal', weight=700, stretch='normal', size='scalable')) = 0.33499999999999996
2022-06-01 23:09:45,019 | matplotlib.font_manager |  DEBUG: findfont: score(FontEntry(fname='/usr/share/fonts/truetype/dejavu/DejaVuSerif-Bold.ttf', name='DejaVu Serif', style='normal', variant='normal', weight=700, stretch='normal', size='scalable')) = 10.335
2022-06-01 23:09:45,019 | matplotlib.font_manager |  DEBUG: findfont: score(FontEntry(fname='/usr/share/fonts/truetype/dejavu/DejaVuSans.ttf', name='DejaVu Sans', style='normal', variant='normal', weight=400, stretch='normal', size='scalable')) = 0.05
2022-06-01 23:09:45,020 | matplotlib.font_manager |  DEBUG: findfont: score(FontEntry(fname='/usr/share/fonts/truetype/dejavu/DejaVuSerif.ttf', name='DejaVu Serif', style='normal', variant='normal', weight=400, stretch='normal', size='scalable')) = 10.05
2022-06-01 23:09:45,020 | matplotlib.font_manager |  DEBUG: findfont: score(FontEntry(fname='/usr/share/fonts/truetype/dejavu/DejaVuSansMono-Bold.ttf', name='DejaVu Sans Mono', style='normal', variant='normal', weight=700, stretch='normal', size='scalable')) = 10.335
2022-06-01 23:09:45,020 | matplotlib.font_manager |  DEBUG: findfont: score(FontEntry(fname='/usr/share/fonts/truetype/dejavu/DejaVuSansMono.ttf', name='DejaVu Sans Mono', style='normal', variant='normal', weight=400, stretch='normal', size='scalable')) = 10.05
2022-06-01 23:09:45,020 | matplotlib.font_manager |  DEBUG: findfont: Matching sans\-serif:style=normal:variant=normal:weight=normal:stretch=normal:size=10.0 to DejaVu Sans ('/home/nguwijy/.local/lib/python3.8/site-packages/matplotlib/mpl-data/fonts/ttf/DejaVuSans.ttf') with score of 0.050000.
