2022-06-01 21:46:22,828 | root |  INFO: Logs are saved in /home/nguwijy/repo/deep_branching_with_domain/logs/20220601-214622-navier_stokes_2d_with_boundary-T0.1-nu2
2022-06-01 21:46:22,832 | root |  DEBUG: Current configuration: {'training': False, '_parameters': OrderedDict(), '_buffers': OrderedDict(), '_non_persistent_buffers_set': set(), '_backward_hooks': OrderedDict(), '_is_full_backward_hook': None, '_forward_hooks': OrderedDict(), '_forward_pre_hooks': OrderedDict(), '_state_dict_hooks': OrderedDict(), '_load_state_dict_pre_hooks': OrderedDict(), '_modules': OrderedDict([('u_layer', ModuleList(
  (0): ModuleList(
    (0): Linear(in_features=3, out_features=50, bias=True)
    (1): Linear(in_features=50, out_features=50, bias=True)
    (2): Linear(in_features=50, out_features=50, bias=True)
    (3): Linear(in_features=50, out_features=50, bias=True)
    (4): Linear(in_features=50, out_features=50, bias=True)
    (5): Linear(in_features=50, out_features=50, bias=True)
    (6): Linear(in_features=50, out_features=50, bias=True)
    (7): Linear(in_features=50, out_features=2, bias=True)
  )
)), ('u_bn_layer', ModuleList(
  (0): ModuleList(
    (0): BatchNorm1d(3, eps=0.5, momentum=0.1, affine=False, track_running_stats=True)
    (1): BatchNorm1d(50, eps=1e-05, momentum=0.1, affine=True, track_running_stats=True)
    (2): BatchNorm1d(50, eps=1e-05, momentum=0.1, affine=True, track_running_stats=True)
    (3): BatchNorm1d(50, eps=1e-05, momentum=0.1, affine=True, track_running_stats=True)
    (4): BatchNorm1d(50, eps=1e-05, momentum=0.1, affine=True, track_running_stats=True)
    (5): BatchNorm1d(50, eps=1e-05, momentum=0.1, affine=True, track_running_stats=True)
    (6): BatchNorm1d(50, eps=1e-05, momentum=0.1, affine=True, track_running_stats=True)
    (7): BatchNorm1d(50, eps=1e-05, momentum=0.1, affine=True, track_running_stats=True)
  )
)), ('p_layer', ModuleList(
  (0): ModuleList(
    (0): Linear(in_features=2, out_features=50, bias=True)
    (1): Linear(in_features=50, out_features=50, bias=True)
    (2): Linear(in_features=50, out_features=50, bias=True)
    (3): Linear(in_features=50, out_features=50, bias=True)
    (4): Linear(in_features=50, out_features=50, bias=True)
    (5): Linear(in_features=50, out_features=50, bias=True)
    (6): Linear(in_features=50, out_features=50, bias=True)
    (7): Linear(in_features=50, out_features=1, bias=True)
  )
)), ('p_bn_layer', ModuleList(
  (0): ModuleList(
    (0): BatchNorm1d(2, eps=0.5, momentum=0.1, affine=False, track_running_stats=True)
    (1): BatchNorm1d(50, eps=1e-05, momentum=0.1, affine=True, track_running_stats=True)
    (2): BatchNorm1d(50, eps=1e-05, momentum=0.1, affine=True, track_running_stats=True)
    (3): BatchNorm1d(50, eps=1e-05, momentum=0.1, affine=True, track_running_stats=True)
    (4): BatchNorm1d(50, eps=1e-05, momentum=0.1, affine=True, track_running_stats=True)
    (5): BatchNorm1d(50, eps=1e-05, momentum=0.1, affine=True, track_running_stats=True)
    (6): BatchNorm1d(50, eps=1e-05, momentum=0.1, affine=True, track_running_stats=True)
    (7): BatchNorm1d(50, eps=1e-05, momentum=0.1, affine=True, track_running_stats=True)
  )
)), ('loss', MSELoss()), ('activation', Softplus(beta=1, threshold=20))]), 'problem_name': 'navier_stokes_2d_with_boundary', 'f_fun': <function f_example at 0x7f2b19064310>, 'phi_fun': <function phi_example at 0x7f2b190643a0>, 'phi0': 0, 'conditional_probability_to_survive': functools.partial(<function conditional_probability_to_survive at 0x7f2b19041c10>, lower_bound=(-100, -1), upper_bound=(100, 1)), 'is_x_inside': functools.partial(<function is_x_inside at 0x7f2b19041ca0>, lower_bound=(-100, -1), upper_bound=(100, 1)), 'conditional_probability_to_survive_for_p': <function Net.<lambda> at 0x7f2b1903bb80>, 'is_x_inside_for_p': <function Net.<lambda> at 0x7f2b1903bca0>, 'deriv_map': array([[1, 0],
       [0, 1],
       [0, 0],
       [0, 0],
       [1, 0],
       [0, 1],
       [1, 0],
       [0, 1]]), 'n': 8, 'dim_in': 2, 'zeta_map': array([-1, -1,  0,  1,  0,  0,  1,  1]), 'deriv_condition_deriv_map': array([[1, 0],
       [0, 1]]), 'deriv_condition_zeta_map': array([0, 1]), 'dim_out': 2, 'nprime': 2, 'exact_p_fun': None, 'train_for_p': False, 'train_for_u': True, 'patches': 1, 'code': array([[-1, -1],
       [-1, -1]]), 'coordinate': array([0, 1]), 'fdb_lookup': {(1, 0): [fdb(coeff=1, lamb=(0, 0, 0, 0, 0, 0, 0, 1), l_and_k={(1, 0): [0, 0, 0, 0, 0, 0, 0, 1]}), fdb(coeff=1, lamb=(0, 0, 0, 0, 0, 0, 1, 0), l_and_k={(1, 0): [0, 0, 0, 0, 0, 0, 1, 0]}), fdb(coeff=1, lamb=(0, 0, 0, 0, 0, 1, 0, 0), l_and_k={(1, 0): [0, 0, 0, 0, 0, 1, 0, 0]}), fdb(coeff=1, lamb=(0, 0, 0, 0, 1, 0, 0, 0), l_and_k={(1, 0): [0, 0, 0, 0, 1, 0, 0, 0]}), fdb(coeff=1, lamb=(0, 0, 0, 1, 0, 0, 0, 0), l_and_k={(1, 0): [0, 0, 0, 1, 0, 0, 0, 0]}), fdb(coeff=1, lamb=(0, 0, 1, 0, 0, 0, 0, 0), l_and_k={(1, 0): [0, 0, 1, 0, 0, 0, 0, 0]}), fdb(coeff=1, lamb=(0, 1, 0, 0, 0, 0, 0, 0), l_and_k={(1, 0): [0, 1, 0, 0, 0, 0, 0, 0]}), fdb(coeff=1, lamb=(1, 0, 0, 0, 0, 0, 0, 0), l_and_k={(1, 0): [1, 0, 0, 0, 0, 0, 0, 0]})], (0, 1): [fdb(coeff=1, lamb=(0, 0, 0, 0, 0, 0, 0, 1), l_and_k={(0, 1): [0, 0, 0, 0, 0, 0, 0, 1]}), fdb(coeff=1, lamb=(0, 0, 0, 0, 0, 0, 1, 0), l_and_k={(0, 1): [0, 0, 0, 0, 0, 0, 1, 0]}), fdb(coeff=1, lamb=(0, 0, 0, 0, 0, 1, 0, 0), l_and_k={(0, 1): [0, 0, 0, 0, 0, 1, 0, 0]}), fdb(coeff=1, lamb=(0, 0, 0, 0, 1, 0, 0, 0), l_and_k={(0, 1): [0, 0, 0, 0, 1, 0, 0, 0]}), fdb(coeff=1, lamb=(0, 0, 0, 1, 0, 0, 0, 0), l_and_k={(0, 1): [0, 0, 0, 1, 0, 0, 0, 0]}), fdb(coeff=1, lamb=(0, 0, 1, 0, 0, 0, 0, 0), l_and_k={(0, 1): [0, 0, 1, 0, 0, 0, 0, 0]}), fdb(coeff=1, lamb=(0, 1, 0, 0, 0, 0, 0, 0), l_and_k={(0, 1): [0, 1, 0, 0, 0, 0, 0, 0]}), fdb(coeff=1, lamb=(1, 0, 0, 0, 0, 0, 0, 0), l_and_k={(0, 1): [1, 0, 0, 0, 0, 0, 0, 0]})], (0, 0): [fdb(coeff=1, lamb=(0, 0, 0, 0, 0, 0, 0, 0), l_and_k={})]}, 'fdb_runtime': 0.022754192352294922, 'mechanism_tot_len': 178, 'lr': 0.001, 'lr_milestones': [1000, 2000], 'lr_gamma': 0.8, 'weight_decay': 0, 'save_for_best_model': True, 'save_data': False, 'batch_normalization': True, 'nb_states': 10000, 'nb_states_per_batch': 1000, 'nb_path_per_state': 1000, 'x_lo': -1, 'x_hi': 1, 'adjusted_x_boundaries': (-1.0, 1.0), 'overtrain_rate_for_p': 0.5, 't_lo': 0.0, 't_hi': 0.1, 'T': 0.1, 'tau_lo': 1e-05, 'tau_hi': 10, 'nu': 2, 'delta_t': 0.1, 'outlier_percentile': 1, 'outlier_multiplier': 10, 'exponential_lambda': 0.5129329438755057, 'epochs': 10000, 'antithetic': True, 'div_condition_coeff': 1.0, 'poisson_coeff': 1.0, 'device': device(type='cuda'), 'verbose': True, 'fix_all_dim_except_first': False, 'fix_t_dim': True, 't_boundaries': tensor([0.1000, 0.0000], device='cuda:0'), 'adjusted_t_boundaries': [(tensor(0., device='cuda:0'), tensor(0., device='cuda:0'))], 'working_dir': 'logs/20220601-214622-navier_stokes_2d_with_boundary-T0.1-nu2'}
2022-06-01 21:56:02,948 | root |  INFO: Patch 0: generation of u samples take 580.1147429943085 seconds.
2022-06-01 21:56:02,978 | root |  INFO: Patch  0: epoch    0 with loss 6.98E+00
2022-06-01 21:56:14,475 | root |  INFO: Patch  0: epoch  500 with loss 2.67E-04
2022-06-01 21:56:25,889 | root |  INFO: Patch  0: epoch 1000 with loss 8.90E-04
2022-06-01 21:56:37,299 | root |  INFO: Patch  0: epoch 1500 with loss 7.64E-03
2022-06-01 21:56:48,818 | root |  INFO: Patch  0: epoch 2000 with loss 2.97E-04
2022-06-01 21:57:00,648 | root |  INFO: Patch  0: epoch 2500 with loss 8.49E-04
2022-06-01 21:57:12,130 | root |  INFO: Patch  0: epoch 3000 with loss 1.25E-04
2022-06-01 21:57:23,637 | root |  INFO: Patch  0: epoch 3500 with loss 2.14E-03
2022-06-01 21:57:35,160 | root |  INFO: Patch  0: epoch 4000 with loss 2.45E-04
2022-06-01 21:57:46,675 | root |  INFO: Patch  0: epoch 4500 with loss 1.86E-04
2022-06-01 21:57:58,191 | root |  INFO: Patch  0: epoch 5000 with loss 3.09E-04
2022-06-01 21:58:09,672 | root |  INFO: Patch  0: epoch 5500 with loss 1.60E-04
2022-06-01 21:58:21,137 | root |  INFO: Patch  0: epoch 6000 with loss 8.02E-05
2022-06-01 21:58:32,660 | root |  INFO: Patch  0: epoch 6500 with loss 6.63E-05
2022-06-01 21:58:44,165 | root |  INFO: Patch  0: epoch 7000 with loss 1.93E-02
2022-06-01 21:58:55,654 | root |  INFO: Patch  0: epoch 7500 with loss 6.35E-04
2022-06-01 21:59:07,164 | root |  INFO: Patch  0: epoch 8000 with loss 1.46E-03
2022-06-01 21:59:18,694 | root |  INFO: Patch  0: epoch 8500 with loss 8.43E-05
2022-06-01 21:59:30,204 | root |  INFO: Patch  0: epoch 9000 with loss 1.21E-03
2022-06-01 21:59:41,827 | root |  INFO: Patch  0: epoch 9500 with loss 2.11E-04
2022-06-01 21:59:53,342 | root |  INFO: Patch  0: epoch 9999 with loss 2.33E-03
2022-06-01 21:59:53,372 | root |  INFO: Patch 0: training of u with 10000 epochs take 230.42361879348755 seconds.
2022-06-01 21:59:53,576 | matplotlib.colorbar |  DEBUG: locator: <matplotlib.ticker.AutoLocator object at 0x7f2af4466910>
2022-06-01 21:59:54,068 | matplotlib.colorbar |  DEBUG: locator: <matplotlib.ticker.AutoLocator object at 0x7f2af2fc2250>
