2022-05-31 10:15:02,850 | root |  DEBUG: Current configuration: {'training': True, '_parameters': OrderedDict(), '_buffers': OrderedDict(), '_non_persistent_buffers_set': set(), '_backward_hooks': OrderedDict(), '_is_full_backward_hook': None, '_forward_hooks': OrderedDict(), '_forward_pre_hooks': OrderedDict(), '_state_dict_hooks': OrderedDict(), '_load_state_dict_pre_hooks': OrderedDict(), '_modules': OrderedDict([('u_layer', ModuleList(
  (0): ModuleList(
    (0): Linear(in_features=3, out_features=50, bias=True)
    (1): Linear(in_features=50, out_features=50, bias=True)
    (2): Linear(in_features=50, out_features=50, bias=True)
    (3): Linear(in_features=50, out_features=50, bias=True)
    (4): Linear(in_features=50, out_features=50, bias=True)
    (5): Linear(in_features=50, out_features=50, bias=True)
    (6): Linear(in_features=50, out_features=50, bias=True)
    (7): Linear(in_features=50, out_features=2, bias=True)
  )
)), ('u_bn_layer', ModuleList(
  (0): ModuleList(
    (0): BatchNorm1d(3, eps=0.5, momentum=0.1, affine=False, track_running_stats=True)
    (1): BatchNorm1d(50, eps=1e-05, momentum=0.1, affine=True, track_running_stats=True)
    (2): BatchNorm1d(50, eps=1e-05, momentum=0.1, affine=True, track_running_stats=True)
    (3): BatchNorm1d(50, eps=1e-05, momentum=0.1, affine=True, track_running_stats=True)
    (4): BatchNorm1d(50, eps=1e-05, momentum=0.1, affine=True, track_running_stats=True)
    (5): BatchNorm1d(50, eps=1e-05, momentum=0.1, affine=True, track_running_stats=True)
    (6): BatchNorm1d(50, eps=1e-05, momentum=0.1, affine=True, track_running_stats=True)
    (7): BatchNorm1d(50, eps=1e-05, momentum=0.1, affine=True, track_running_stats=True)
  )
)), ('p_layer', ModuleList(
  (0): ModuleList(
    (0): Linear(in_features=2, out_features=50, bias=True)
    (1): Linear(in_features=50, out_features=50, bias=True)
    (2): Linear(in_features=50, out_features=50, bias=True)
    (3): Linear(in_features=50, out_features=50, bias=True)
    (4): Linear(in_features=50, out_features=50, bias=True)
    (5): Linear(in_features=50, out_features=50, bias=True)
    (6): Linear(in_features=50, out_features=50, bias=True)
    (7): Linear(in_features=50, out_features=1, bias=True)
  )
)), ('p_bn_layer', ModuleList(
  (0): ModuleList(
    (0): BatchNorm1d(2, eps=0.5, momentum=0.1, affine=False, track_running_stats=True)
    (1): BatchNorm1d(50, eps=1e-05, momentum=0.1, affine=True, track_running_stats=True)
    (2): BatchNorm1d(50, eps=1e-05, momentum=0.1, affine=True, track_running_stats=True)
    (3): BatchNorm1d(50, eps=1e-05, momentum=0.1, affine=True, track_running_stats=True)
    (4): BatchNorm1d(50, eps=1e-05, momentum=0.1, affine=True, track_running_stats=True)
    (5): BatchNorm1d(50, eps=1e-05, momentum=0.1, affine=True, track_running_stats=True)
    (6): BatchNorm1d(50, eps=1e-05, momentum=0.1, affine=True, track_running_stats=True)
    (7): BatchNorm1d(50, eps=1e-05, momentum=0.1, affine=True, track_running_stats=True)
  )
)), ('loss', MSELoss()), ('activation', Softplus(beta=1, threshold=20))]), 'problem_name': 'navier_stokes_2d_with_boundary', 'f_fun': <function f_example at 0x7ff5f2a68280>, 'phi_fun': <function phi_example at 0x7ff5f2a68310>, 'phi0': 0, 'conditional_probability_to_survive': functools.partial(<function conditional_probability_to_survive at 0x7ff5f2a47d30>, lower_bound=(-100, 0), upper_bound=(100, 1)), 'is_x_inside': functools.partial(<function is_x_inside at 0x7ff5f2a47dc0>, lower_bound=(-100, 0), upper_bound=(100, 1)), 'deriv_map': array([[1, 0],
       [0, 1],
       [0, 0],
       [0, 0],
       [1, 0],
       [0, 1],
       [1, 0],
       [0, 1]]), 'n': 8, 'dim_in': 2, 'zeta_map': array([-1, -1,  0,  1,  0,  0,  1,  1]), 'deriv_condition_deriv_map': array([[1, 0],
       [0, 1]]), 'deriv_condition_zeta_map': array([0, 1]), 'dim_out': 2, 'nprime': 2, 'exact_p_fun': None, 'train_for_p': True, 'patches': 1, 'code': array([[-1, -1],
       [-1, -1]]), 'coordinate': array([0, 1]), 'fdb_lookup': {(1, 0): [fdb(coeff=1, lamb=(0, 0, 0, 0, 0, 0, 0, 1), l_and_k={(1, 0): [0, 0, 0, 0, 0, 0, 0, 1]}), fdb(coeff=1, lamb=(0, 0, 0, 0, 0, 0, 1, 0), l_and_k={(1, 0): [0, 0, 0, 0, 0, 0, 1, 0]}), fdb(coeff=1, lamb=(0, 0, 0, 0, 0, 1, 0, 0), l_and_k={(1, 0): [0, 0, 0, 0, 0, 1, 0, 0]}), fdb(coeff=1, lamb=(0, 0, 0, 0, 1, 0, 0, 0), l_and_k={(1, 0): [0, 0, 0, 0, 1, 0, 0, 0]}), fdb(coeff=1, lamb=(0, 0, 0, 1, 0, 0, 0, 0), l_and_k={(1, 0): [0, 0, 0, 1, 0, 0, 0, 0]}), fdb(coeff=1, lamb=(0, 0, 1, 0, 0, 0, 0, 0), l_and_k={(1, 0): [0, 0, 1, 0, 0, 0, 0, 0]}), fdb(coeff=1, lamb=(0, 1, 0, 0, 0, 0, 0, 0), l_and_k={(1, 0): [0, 1, 0, 0, 0, 0, 0, 0]}), fdb(coeff=1, lamb=(1, 0, 0, 0, 0, 0, 0, 0), l_and_k={(1, 0): [1, 0, 0, 0, 0, 0, 0, 0]})], (0, 1): [fdb(coeff=1, lamb=(0, 0, 0, 0, 0, 0, 0, 1), l_and_k={(0, 1): [0, 0, 0, 0, 0, 0, 0, 1]}), fdb(coeff=1, lamb=(0, 0, 0, 0, 0, 0, 1, 0), l_and_k={(0, 1): [0, 0, 0, 0, 0, 0, 1, 0]}), fdb(coeff=1, lamb=(0, 0, 0, 0, 0, 1, 0, 0), l_and_k={(0, 1): [0, 0, 0, 0, 0, 1, 0, 0]}), fdb(coeff=1, lamb=(0, 0, 0, 0, 1, 0, 0, 0), l_and_k={(0, 1): [0, 0, 0, 0, 1, 0, 0, 0]}), fdb(coeff=1, lamb=(0, 0, 0, 1, 0, 0, 0, 0), l_and_k={(0, 1): [0, 0, 0, 1, 0, 0, 0, 0]}), fdb(coeff=1, lamb=(0, 0, 1, 0, 0, 0, 0, 0), l_and_k={(0, 1): [0, 0, 1, 0, 0, 0, 0, 0]}), fdb(coeff=1, lamb=(0, 1, 0, 0, 0, 0, 0, 0), l_and_k={(0, 1): [0, 1, 0, 0, 0, 0, 0, 0]}), fdb(coeff=1, lamb=(1, 0, 0, 0, 0, 0, 0, 0), l_and_k={(0, 1): [1, 0, 0, 0, 0, 0, 0, 0]})], (0, 0): [fdb(coeff=1, lamb=(0, 0, 0, 0, 0, 0, 0, 0), l_and_k={})]}, 'fdb_runtime': 0.02097463607788086, 'mechanism_tot_len': 178, 'lr': 0.001, 'lr_milestones': [1000, 2000], 'lr_gamma': 0.8, 'weight_decay': 0, 'save_for_best_model': True, 'save_data': False, 'batch_normalization': True, 'nb_states': 10000, 'nb_states_per_batch': 1000, 'nb_path_per_state': 1000, 'x_lo': 0, 'x_hi': 1, 'adjusted_x_boundaries': (0.0, 1.0), 't_lo': 0.0, 't_hi': 0.001, 'T': 0.001, 'tau_lo': 1e-05, 'tau_hi': 10, 'nu': 2, 'delta_t': 0.001, 'outlier_percentile': 1, 'outlier_multiplier': 10, 'exponential_lambda': 51.293294387550574, 'epochs': 10000, 'antithetic': True, 'device': device(type='cuda'), 'verbose': True, 'fix_all_dim_except_first': False, 'fix_t_dim': True, 't_boundaries': tensor([0.0010, 0.0000], device='cuda:0'), 'adjusted_t_boundaries': [(tensor(0., device='cuda:0'), tensor(0., device='cuda:0'))], 'working_dir': 'logs/20220531-101502-navier_stokes_2d_with_boundary-T0.001-nu2'}
2022-05-31 10:15:03,190 | root |  DEBUG: Generated 1 out of 10000 batches with 0.3389415740966797 seconds.
2022-05-31 10:15:15,056 | root |  DEBUG: Generated 1001 out of 10000 batches with 11.865727663040161 seconds.
2022-05-31 10:15:27,100 | root |  DEBUG: Generated 2001 out of 10000 batches with 12.043578386306763 seconds.
2022-05-31 10:15:39,359 | root |  DEBUG: Generated 3001 out of 10000 batches with 12.258998155593872 seconds.
2022-05-31 10:15:51,937 | root |  DEBUG: Generated 4001 out of 10000 batches with 12.577298879623413 seconds.
2022-05-31 10:16:03,715 | root |  DEBUG: Generated 5001 out of 10000 batches with 11.778510808944702 seconds.
2022-05-31 10:16:15,114 | root |  DEBUG: Generated 6001 out of 10000 batches with 11.398370742797852 seconds.
2022-05-31 10:16:26,600 | root |  DEBUG: Generated 7001 out of 10000 batches with 11.485591650009155 seconds.
2022-05-31 10:16:39,307 | root |  DEBUG: Generated 8001 out of 10000 batches with 12.706592321395874 seconds.
2022-05-31 10:16:52,994 | root |  DEBUG: Generated 9001 out of 10000 batches with 13.686370134353638 seconds.
2022-05-31 10:17:05,509 | root |  DEBUG: Generated 10000 out of 10000 batches with 12.514569520950317 seconds.
2022-05-31 10:17:05,564 | root |  INFO: Patch 0: generation of p samples take 122.71319603919983 seconds.
2022-05-31 10:17:06,075 | root |  INFO: Patch  0: epoch    0 with loss 1.78E+00
2022-05-31 10:17:34,228 | root |  INFO: Patch  0: epoch  500 with loss 5.87E-04
2022-05-31 10:18:01,482 | root |  INFO: Patch  0: epoch 1000 with loss 3.68E-03
2022-05-31 10:18:29,815 | root |  INFO: Patch  0: epoch 1500 with loss 9.36E-04
2022-05-31 10:18:56,010 | root |  INFO: Patch  0: epoch 2000 with loss 5.94E-04
2022-05-31 10:19:22,194 | root |  INFO: Patch  0: epoch 2500 with loss 6.18E-04
2022-05-31 10:19:48,167 | root |  INFO: Patch  0: epoch 3000 with loss 1.73E-04
2022-05-31 10:20:14,187 | root |  INFO: Patch  0: epoch 3500 with loss 2.75E-04
2022-05-31 10:20:40,129 | root |  INFO: Patch  0: epoch 4000 with loss 2.84E-01
2022-05-31 10:21:06,066 | root |  INFO: Patch  0: epoch 4500 with loss 1.07E-04
2022-05-31 10:21:32,473 | root |  INFO: Patch  0: epoch 5000 with loss 1.88E-04
2022-05-31 10:21:58,519 | root |  INFO: Patch  0: epoch 5500 with loss 6.52E-05
2022-05-31 10:22:24,773 | root |  INFO: Patch  0: epoch 6000 with loss 2.83E-04
2022-05-31 10:22:51,028 | root |  INFO: Patch  0: epoch 6500 with loss 1.58E-02
2022-05-31 10:23:17,118 | root |  INFO: Patch  0: epoch 7000 with loss 8.07E-04
2022-05-31 10:23:43,177 | root |  INFO: Patch  0: epoch 7500 with loss 2.09E-04
2022-05-31 10:24:09,254 | root |  INFO: Patch  0: epoch 8000 with loss 3.27E-05
2022-05-31 10:24:34,900 | root |  INFO: Patch  0: epoch 8500 with loss 1.16E-04
2022-05-31 10:25:00,464 | root |  INFO: Patch  0: epoch 9000 with loss 1.85E-04
2022-05-31 10:25:26,075 | root |  INFO: Patch  0: epoch 9500 with loss 5.59E-04
2022-05-31 10:25:51,631 | root |  INFO: Patch  0: epoch 9999 with loss 2.23E-04
2022-05-31 10:25:51,663 | root |  INFO: Patch0: pre-training of p with 10000 epochs takes  526 seconds.
2022-05-31 10:36:13,530 | root |  INFO: Patch 0: generation of u samples take 621.8658699989319 seconds.
2022-05-31 10:36:13,558 | root |  INFO: Patch  0: epoch    0 with loss 7.19E+00
2022-05-31 10:36:26,440 | root |  INFO: Patch  0: epoch  500 with loss 8.48E-01
2022-05-31 10:36:39,358 | root |  INFO: Patch  0: epoch 1000 with loss 2.03E-03
2022-05-31 10:36:52,415 | root |  INFO: Patch  0: epoch 1500 with loss 1.45E-03
2022-05-31 10:37:05,663 | root |  INFO: Patch  0: epoch 2000 with loss 4.90E-03
2022-05-31 10:37:19,746 | root |  INFO: Patch  0: epoch 2500 with loss 2.37E-03
2022-05-31 10:37:33,243 | root |  INFO: Patch  0: epoch 3000 with loss 6.08E-04
2022-05-31 10:37:46,594 | root |  INFO: Patch  0: epoch 3500 with loss 2.68E-04
2022-05-31 10:37:59,649 | root |  INFO: Patch  0: epoch 4000 with loss 4.30E-04
2022-05-31 10:38:12,681 | root |  INFO: Patch  0: epoch 4500 with loss 5.93E-04
2022-05-31 10:38:25,721 | root |  INFO: Patch  0: epoch 5000 with loss 4.51E-04
2022-05-31 10:38:39,124 | root |  INFO: Patch  0: epoch 5500 with loss 1.56E-04
2022-05-31 10:38:52,721 | root |  INFO: Patch  0: epoch 6000 with loss 1.27E-03
2022-05-31 10:39:06,282 | root |  INFO: Patch  0: epoch 6500 with loss 4.87E-03
2022-05-31 10:39:19,645 | root |  INFO: Patch  0: epoch 7000 with loss 4.00E-03
2022-05-31 10:39:32,558 | root |  INFO: Patch  0: epoch 7500 with loss 1.53E-03
2022-05-31 10:39:45,729 | root |  INFO: Patch  0: epoch 8000 with loss 3.38E-04
2022-05-31 10:39:58,783 | root |  INFO: Patch  0: epoch 8500 with loss 3.61E-04
2022-05-31 10:40:11,799 | root |  INFO: Patch  0: epoch 9000 with loss 2.01E-01
2022-05-31 10:40:25,074 | root |  INFO: Patch  0: epoch 9500 with loss 4.54E-04
2022-05-31 10:40:38,330 | root |  INFO: Patch  0: epoch 9999 with loss 1.97E-04
2022-05-31 10:40:38,355 | root |  INFO: Patch 0: training of u with 10000 epochs take 264.8245916366577 seconds.
2022-05-31 10:40:38,430 | matplotlib.pyplot |  DEBUG: Loaded backend module://matplotlib_inline.backend_inline version unknown.
2022-05-31 10:40:38,433 | matplotlib.pyplot |  DEBUG: Loaded backend module://matplotlib_inline.backend_inline version unknown.
2022-05-31 10:40:38,434 | matplotlib.font_manager |  DEBUG: findfont: Matching sans\-serif:style=normal:variant=normal:weight=normal:stretch=normal:size=10.0.
2022-05-31 10:40:38,434 | matplotlib.font_manager |  DEBUG: findfont: score(FontEntry(fname='/home/nguwijy/.local/lib/python3.8/site-packages/matplotlib/mpl-data/fonts/ttf/STIXGeneral.ttf', name='STIXGeneral', style='normal', variant='normal', weight=400, stretch='normal', size='scalable')) = 10.05
2022-05-31 10:40:38,434 | matplotlib.font_manager |  DEBUG: findfont: score(FontEntry(fname='/home/nguwijy/.local/lib/python3.8/site-packages/matplotlib/mpl-data/fonts/ttf/STIXSizFourSymReg.ttf', name='STIXSizeFourSym', style='normal', variant='normal', weight=400, stretch='normal', size='scalable')) = 10.05
2022-05-31 10:40:38,435 | matplotlib.font_manager |  DEBUG: findfont: score(FontEntry(fname='/home/nguwijy/.local/lib/python3.8/site-packages/matplotlib/mpl-data/fonts/ttf/DejaVuSerif-Italic.ttf', name='DejaVu Serif', style='italic', variant='normal', weight=400, stretch='normal', size='scalable')) = 11.05
2022-05-31 10:40:38,435 | matplotlib.font_manager |  DEBUG: findfont: score(FontEntry(fname='/home/nguwijy/.local/lib/python3.8/site-packages/matplotlib/mpl-data/fonts/ttf/cmr10.ttf', name='cmr10', style='normal', variant='normal', weight=400, stretch='normal', size='scalable')) = 10.05
2022-05-31 10:40:38,435 | matplotlib.font_manager |  DEBUG: findfont: score(FontEntry(fname='/home/nguwijy/.local/lib/python3.8/site-packages/matplotlib/mpl-data/fonts/ttf/DejaVuSansMono-Bold.ttf', name='DejaVu Sans Mono', style='normal', variant='normal', weight=700, stretch='normal', size='scalable')) = 10.335
2022-05-31 10:40:38,435 | matplotlib.font_manager |  DEBUG: findfont: score(FontEntry(fname='/home/nguwijy/.local/lib/python3.8/site-packages/matplotlib/mpl-data/fonts/ttf/DejaVuSansMono.ttf', name='DejaVu Sans Mono', style='normal', variant='normal', weight=400, stretch='normal', size='scalable')) = 10.05
2022-05-31 10:40:38,435 | matplotlib.font_manager |  DEBUG: findfont: score(FontEntry(fname='/home/nguwijy/.local/lib/python3.8/site-packages/matplotlib/mpl-data/fonts/ttf/DejaVuSansDisplay.ttf', name='DejaVu Sans Display', style='normal', variant='normal', weight=400, stretch='normal', size='scalable')) = 10.05
2022-05-31 10:40:38,435 | matplotlib.font_manager |  DEBUG: findfont: score(FontEntry(fname='/home/nguwijy/.local/lib/python3.8/site-packages/matplotlib/mpl-data/fonts/ttf/STIXNonUni.ttf', name='STIXNonUnicode', style='normal', variant='normal', weight=400, stretch='normal', size='scalable')) = 10.05
2022-05-31 10:40:38,435 | matplotlib.font_manager |  DEBUG: findfont: score(FontEntry(fname='/home/nguwijy/.local/lib/python3.8/site-packages/matplotlib/mpl-data/fonts/ttf/STIXGeneralBol.ttf', name='STIXGeneral', style='normal', variant='normal', weight=700, stretch='normal', size='scalable')) = 10.335
2022-05-31 10:40:38,435 | matplotlib.font_manager |  DEBUG: findfont: score(FontEntry(fname='/home/nguwijy/.local/lib/python3.8/site-packages/matplotlib/mpl-data/fonts/ttf/DejaVuSansMono-BoldOblique.ttf', name='DejaVu Sans Mono', style='oblique', variant='normal', weight=700, stretch='normal', size='scalable')) = 11.335
2022-05-31 10:40:38,435 | matplotlib.font_manager |  DEBUG: findfont: score(FontEntry(fname='/home/nguwijy/.local/lib/python3.8/site-packages/matplotlib/mpl-data/fonts/ttf/DejaVuSerif-BoldItalic.ttf', name='DejaVu Serif', style='italic', variant='normal', weight=700, stretch='normal', size='scalable')) = 11.335
2022-05-31 10:40:38,435 | matplotlib.font_manager |  DEBUG: findfont: score(FontEntry(fname='/home/nguwijy/.local/lib/python3.8/site-packages/matplotlib/mpl-data/fonts/ttf/cmmi10.ttf', name='cmmi10', style='normal', variant='normal', weight=400, stretch='normal', size='scalable')) = 10.05
2022-05-31 10:40:38,435 | matplotlib.font_manager |  DEBUG: findfont: score(FontEntry(fname='/home/nguwijy/.local/lib/python3.8/site-packages/matplotlib/mpl-data/fonts/ttf/STIXGeneralItalic.ttf', name='STIXGeneral', style='italic', variant='normal', weight=400, stretch='normal', size='scalable')) = 11.05
2022-05-31 10:40:38,435 | matplotlib.font_manager |  DEBUG: findfont: score(FontEntry(fname='/home/nguwijy/.local/lib/python3.8/site-packages/matplotlib/mpl-data/fonts/ttf/STIXSizThreeSymReg.ttf', name='STIXSizeThreeSym', style='normal', variant='normal', weight=400, stretch='normal', size='scalable')) = 10.05
2022-05-31 10:40:38,435 | matplotlib.font_manager |  DEBUG: findfont: score(FontEntry(fname='/home/nguwijy/.local/lib/python3.8/site-packages/matplotlib/mpl-data/fonts/ttf/cmss10.ttf', name='cmss10', style='normal', variant='normal', weight=400, stretch='normal', size='scalable')) = 10.05
2022-05-31 10:40:38,435 | matplotlib.font_manager |  DEBUG: findfont: score(FontEntry(fname='/home/nguwijy/.local/lib/python3.8/site-packages/matplotlib/mpl-data/fonts/ttf/cmb10.ttf', name='cmb10', style='normal', variant='normal', weight=400, stretch='normal', size='scalable')) = 10.05
2022-05-31 10:40:38,435 | matplotlib.font_manager |  DEBUG: findfont: score(FontEntry(fname='/home/nguwijy/.local/lib/python3.8/site-packages/matplotlib/mpl-data/fonts/ttf/DejaVuSans-Bold.ttf', name='DejaVu Sans', style='normal', variant='normal', weight=700, stretch='normal', size='scalable')) = 0.33499999999999996
2022-05-31 10:40:38,435 | matplotlib.font_manager |  DEBUG: findfont: score(FontEntry(fname='/home/nguwijy/.local/lib/python3.8/site-packages/matplotlib/mpl-data/fonts/ttf/DejaVuSans-BoldOblique.ttf', name='DejaVu Sans', style='oblique', variant='normal', weight=700, stretch='normal', size='scalable')) = 1.335
2022-05-31 10:40:38,435 | matplotlib.font_manager |  DEBUG: findfont: score(FontEntry(fname='/home/nguwijy/.local/lib/python3.8/site-packages/matplotlib/mpl-data/fonts/ttf/DejaVuSansMono-Oblique.ttf', name='DejaVu Sans Mono', style='oblique', variant='normal', weight=400, stretch='normal', size='scalable')) = 11.05
2022-05-31 10:40:38,435 | matplotlib.font_manager |  DEBUG: findfont: score(FontEntry(fname='/home/nguwijy/.local/lib/python3.8/site-packages/matplotlib/mpl-data/fonts/ttf/STIXSizFourSymBol.ttf', name='STIXSizeFourSym', style='normal', variant='normal', weight=700, stretch='normal', size='scalable')) = 10.335
2022-05-31 10:40:38,435 | matplotlib.font_manager |  DEBUG: findfont: score(FontEntry(fname='/home/nguwijy/.local/lib/python3.8/site-packages/matplotlib/mpl-data/fonts/ttf/STIXGeneralBolIta.ttf', name='STIXGeneral', style='italic', variant='normal', weight=700, stretch='normal', size='scalable')) = 11.335
2022-05-31 10:40:38,435 | matplotlib.font_manager |  DEBUG: findfont: score(FontEntry(fname='/home/nguwijy/.local/lib/python3.8/site-packages/matplotlib/mpl-data/fonts/ttf/STIXSizOneSymReg.ttf', name='STIXSizeOneSym', style='normal', variant='normal', weight=400, stretch='normal', size='scalable')) = 10.05
2022-05-31 10:40:38,435 | matplotlib.font_manager |  DEBUG: findfont: score(FontEntry(fname='/home/nguwijy/.local/lib/python3.8/site-packages/matplotlib/mpl-data/fonts/ttf/STIXNonUniBol.ttf', name='STIXNonUnicode', style='normal', variant='normal', weight=700, stretch='normal', size='scalable')) = 10.335
2022-05-31 10:40:38,435 | matplotlib.font_manager |  DEBUG: findfont: score(FontEntry(fname='/home/nguwijy/.local/lib/python3.8/site-packages/matplotlib/mpl-data/fonts/ttf/STIXNonUniIta.ttf', name='STIXNonUnicode', style='italic', variant='normal', weight=400, stretch='normal', size='scalable')) = 11.05
2022-05-31 10:40:38,435 | matplotlib.font_manager |  DEBUG: findfont: score(FontEntry(fname='/home/nguwijy/.local/lib/python3.8/site-packages/matplotlib/mpl-data/fonts/ttf/STIXSizTwoSymBol.ttf', name='STIXSizeTwoSym', style='normal', variant='normal', weight=700, stretch='normal', size='scalable')) = 10.335
2022-05-31 10:40:38,435 | matplotlib.font_manager |  DEBUG: findfont: score(FontEntry(fname='/home/nguwijy/.local/lib/python3.8/site-packages/matplotlib/mpl-data/fonts/ttf/STIXNonUniBolIta.ttf', name='STIXNonUnicode', style='italic', variant='normal', weight=700, stretch='normal', size='scalable')) = 11.335
2022-05-31 10:40:38,435 | matplotlib.font_manager |  DEBUG: findfont: score(FontEntry(fname='/home/nguwijy/.local/lib/python3.8/site-packages/matplotlib/mpl-data/fonts/ttf/DejaVuSans.ttf', name='DejaVu Sans', style='normal', variant='normal', weight=400, stretch='normal', size='scalable')) = 0.05
2022-05-31 10:40:38,435 | matplotlib.font_manager |  DEBUG: findfont: score(FontEntry(fname='/home/nguwijy/.local/lib/python3.8/site-packages/matplotlib/mpl-data/fonts/ttf/cmex10.ttf', name='cmex10', style='normal', variant='normal', weight=400, stretch='normal', size='scalable')) = 10.05
2022-05-31 10:40:38,435 | matplotlib.font_manager |  DEBUG: findfont: score(FontEntry(fname='/home/nguwijy/.local/lib/python3.8/site-packages/matplotlib/mpl-data/fonts/ttf/DejaVuSerif-Bold.ttf', name='DejaVu Serif', style='normal', variant='normal', weight=700, stretch='normal', size='scalable')) = 10.335
2022-05-31 10:40:38,435 | matplotlib.font_manager |  DEBUG: findfont: score(FontEntry(fname='/home/nguwijy/.local/lib/python3.8/site-packages/matplotlib/mpl-data/fonts/ttf/STIXSizThreeSymBol.ttf', name='STIXSizeThreeSym', style='normal', variant='normal', weight=700, stretch='normal', size='scalable')) = 10.335
2022-05-31 10:40:38,435 | matplotlib.font_manager |  DEBUG: findfont: score(FontEntry(fname='/home/nguwijy/.local/lib/python3.8/site-packages/matplotlib/mpl-data/fonts/ttf/cmsy10.ttf', name='cmsy10', style='normal', variant='normal', weight=400, stretch='normal', size='scalable')) = 10.05
2022-05-31 10:40:38,435 | matplotlib.font_manager |  DEBUG: findfont: score(FontEntry(fname='/home/nguwijy/.local/lib/python3.8/site-packages/matplotlib/mpl-data/fonts/ttf/STIXSizFiveSymReg.ttf', name='STIXSizeFiveSym', style='normal', variant='normal', weight=400, stretch='normal', size='scalable')) = 10.05
2022-05-31 10:40:38,436 | matplotlib.font_manager |  DEBUG: findfont: score(FontEntry(fname='/home/nguwijy/.local/lib/python3.8/site-packages/matplotlib/mpl-data/fonts/ttf/cmtt10.ttf', name='cmtt10', style='normal', variant='normal', weight=400, stretch='normal', size='scalable')) = 10.05
2022-05-31 10:40:38,436 | matplotlib.font_manager |  DEBUG: findfont: score(FontEntry(fname='/home/nguwijy/.local/lib/python3.8/site-packages/matplotlib/mpl-data/fonts/ttf/STIXSizOneSymBol.ttf', name='STIXSizeOneSym', style='normal', variant='normal', weight=700, stretch='normal', size='scalable')) = 10.335
2022-05-31 10:40:38,436 | matplotlib.font_manager |  DEBUG: findfont: score(FontEntry(fname='/home/nguwijy/.local/lib/python3.8/site-packages/matplotlib/mpl-data/fonts/ttf/DejaVuSerifDisplay.ttf', name='DejaVu Serif Display', style='normal', variant='normal', weight=400, stretch='normal', size='scalable')) = 10.05
2022-05-31 10:40:38,436 | matplotlib.font_manager |  DEBUG: findfont: score(FontEntry(fname='/home/nguwijy/.local/lib/python3.8/site-packages/matplotlib/mpl-data/fonts/ttf/STIXSizTwoSymReg.ttf', name='STIXSizeTwoSym', style='normal', variant='normal', weight=400, stretch='normal', size='scalable')) = 10.05
2022-05-31 10:40:38,436 | matplotlib.font_manager |  DEBUG: findfont: score(FontEntry(fname='/home/nguwijy/.local/lib/python3.8/site-packages/matplotlib/mpl-data/fonts/ttf/DejaVuSerif.ttf', name='DejaVu Serif', style='normal', variant='normal', weight=400, stretch='normal', size='scalable')) = 10.05
2022-05-31 10:40:38,436 | matplotlib.font_manager |  DEBUG: findfont: score(FontEntry(fname='/home/nguwijy/.local/lib/python3.8/site-packages/matplotlib/mpl-data/fonts/ttf/DejaVuSans-Oblique.ttf', name='DejaVu Sans', style='oblique', variant='normal', weight=400, stretch='normal', size='scalable')) = 1.05
2022-05-31 10:40:38,436 | matplotlib.font_manager |  DEBUG: findfont: score(FontEntry(fname='/usr/share/fonts/truetype/dejavu/DejaVuSans-Bold.ttf', name='DejaVu Sans', style='normal', variant='normal', weight=700, stretch='normal', size='scalable')) = 0.33499999999999996
2022-05-31 10:40:38,436 | matplotlib.font_manager |  DEBUG: findfont: score(FontEntry(fname='/usr/share/fonts/truetype/dejavu/DejaVuSerif-Bold.ttf', name='DejaVu Serif', style='normal', variant='normal', weight=700, stretch='normal', size='scalable')) = 10.335
2022-05-31 10:40:38,436 | matplotlib.font_manager |  DEBUG: findfont: score(FontEntry(fname='/usr/share/fonts/truetype/dejavu/DejaVuSans.ttf', name='DejaVu Sans', style='normal', variant='normal', weight=400, stretch='normal', size='scalable')) = 0.05
2022-05-31 10:40:38,436 | matplotlib.font_manager |  DEBUG: findfont: score(FontEntry(fname='/usr/share/fonts/truetype/dejavu/DejaVuSerif.ttf', name='DejaVu Serif', style='normal', variant='normal', weight=400, stretch='normal', size='scalable')) = 10.05
2022-05-31 10:40:38,436 | matplotlib.font_manager |  DEBUG: findfont: score(FontEntry(fname='/usr/share/fonts/truetype/dejavu/DejaVuSansMono-Bold.ttf', name='DejaVu Sans Mono', style='normal', variant='normal', weight=700, stretch='normal', size='scalable')) = 10.335
2022-05-31 10:40:38,436 | matplotlib.font_manager |  DEBUG: findfont: score(FontEntry(fname='/usr/share/fonts/truetype/dejavu/DejaVuSansMono.ttf', name='DejaVu Sans Mono', style='normal', variant='normal', weight=400, stretch='normal', size='scalable')) = 10.05
2022-05-31 10:40:38,436 | matplotlib.font_manager |  DEBUG: findfont: Matching sans\-serif:style=normal:variant=normal:weight=normal:stretch=normal:size=10.0 to DejaVu Sans ('/home/nguwijy/.local/lib/python3.8/site-packages/matplotlib/mpl-data/fonts/ttf/DejaVuSans.ttf') with score of 0.050000.
2022-05-31 10:40:38,476 | matplotlib.font_manager |  DEBUG: findfont: Matching sans\-serif:style=normal:variant=normal:weight=normal:stretch=normal:size=12.0.
2022-05-31 10:40:38,476 | matplotlib.font_manager |  DEBUG: findfont: score(FontEntry(fname='/home/nguwijy/.local/lib/python3.8/site-packages/matplotlib/mpl-data/fonts/ttf/STIXGeneral.ttf', name='STIXGeneral', style='normal', variant='normal', weight=400, stretch='normal', size='scalable')) = 10.05
2022-05-31 10:40:38,477 | matplotlib.font_manager |  DEBUG: findfont: score(FontEntry(fname='/home/nguwijy/.local/lib/python3.8/site-packages/matplotlib/mpl-data/fonts/ttf/STIXSizFourSymReg.ttf', name='STIXSizeFourSym', style='normal', variant='normal', weight=400, stretch='normal', size='scalable')) = 10.05
2022-05-31 10:40:38,477 | matplotlib.font_manager |  DEBUG: findfont: score(FontEntry(fname='/home/nguwijy/.local/lib/python3.8/site-packages/matplotlib/mpl-data/fonts/ttf/DejaVuSerif-Italic.ttf', name='DejaVu Serif', style='italic', variant='normal', weight=400, stretch='normal', size='scalable')) = 11.05
2022-05-31 10:40:38,477 | matplotlib.font_manager |  DEBUG: findfont: score(FontEntry(fname='/home/nguwijy/.local/lib/python3.8/site-packages/matplotlib/mpl-data/fonts/ttf/cmr10.ttf', name='cmr10', style='normal', variant='normal', weight=400, stretch='normal', size='scalable')) = 10.05
2022-05-31 10:40:38,477 | matplotlib.font_manager |  DEBUG: findfont: score(FontEntry(fname='/home/nguwijy/.local/lib/python3.8/site-packages/matplotlib/mpl-data/fonts/ttf/DejaVuSansMono-Bold.ttf', name='DejaVu Sans Mono', style='normal', variant='normal', weight=700, stretch='normal', size='scalable')) = 10.335
2022-05-31 10:40:38,477 | matplotlib.font_manager |  DEBUG: findfont: score(FontEntry(fname='/home/nguwijy/.local/lib/python3.8/site-packages/matplotlib/mpl-data/fonts/ttf/DejaVuSansMono.ttf', name='DejaVu Sans Mono', style='normal', variant='normal', weight=400, stretch='normal', size='scalable')) = 10.05
2022-05-31 10:40:38,477 | matplotlib.font_manager |  DEBUG: findfont: score(FontEntry(fname='/home/nguwijy/.local/lib/python3.8/site-packages/matplotlib/mpl-data/fonts/ttf/DejaVuSansDisplay.ttf', name='DejaVu Sans Display', style='normal', variant='normal', weight=400, stretch='normal', size='scalable')) = 10.05
2022-05-31 10:40:38,477 | matplotlib.font_manager |  DEBUG: findfont: score(FontEntry(fname='/home/nguwijy/.local/lib/python3.8/site-packages/matplotlib/mpl-data/fonts/ttf/STIXNonUni.ttf', name='STIXNonUnicode', style='normal', variant='normal', weight=400, stretch='normal', size='scalable')) = 10.05
2022-05-31 10:40:38,477 | matplotlib.font_manager |  DEBUG: findfont: score(FontEntry(fname='/home/nguwijy/.local/lib/python3.8/site-packages/matplotlib/mpl-data/fonts/ttf/STIXGeneralBol.ttf', name='STIXGeneral', style='normal', variant='normal', weight=700, stretch='normal', size='scalable')) = 10.335
2022-05-31 10:40:38,477 | matplotlib.font_manager |  DEBUG: findfont: score(FontEntry(fname='/home/nguwijy/.local/lib/python3.8/site-packages/matplotlib/mpl-data/fonts/ttf/DejaVuSansMono-BoldOblique.ttf', name='DejaVu Sans Mono', style='oblique', variant='normal', weight=700, stretch='normal', size='scalable')) = 11.335
2022-05-31 10:40:38,477 | matplotlib.font_manager |  DEBUG: findfont: score(FontEntry(fname='/home/nguwijy/.local/lib/python3.8/site-packages/matplotlib/mpl-data/fonts/ttf/DejaVuSerif-BoldItalic.ttf', name='DejaVu Serif', style='italic', variant='normal', weight=700, stretch='normal', size='scalable')) = 11.335
2022-05-31 10:40:38,477 | matplotlib.font_manager |  DEBUG: findfont: score(FontEntry(fname='/home/nguwijy/.local/lib/python3.8/site-packages/matplotlib/mpl-data/fonts/ttf/cmmi10.ttf', name='cmmi10', style='normal', variant='normal', weight=400, stretch='normal', size='scalable')) = 10.05
2022-05-31 10:40:38,477 | matplotlib.font_manager |  DEBUG: findfont: score(FontEntry(fname='/home/nguwijy/.local/lib/python3.8/site-packages/matplotlib/mpl-data/fonts/ttf/STIXGeneralItalic.ttf', name='STIXGeneral', style='italic', variant='normal', weight=400, stretch='normal', size='scalable')) = 11.05
2022-05-31 10:40:38,477 | matplotlib.font_manager |  DEBUG: findfont: score(FontEntry(fname='/home/nguwijy/.local/lib/python3.8/site-packages/matplotlib/mpl-data/fonts/ttf/STIXSizThreeSymReg.ttf', name='STIXSizeThreeSym', style='normal', variant='normal', weight=400, stretch='normal', size='scalable')) = 10.05
2022-05-31 10:40:38,477 | matplotlib.font_manager |  DEBUG: findfont: score(FontEntry(fname='/home/nguwijy/.local/lib/python3.8/site-packages/matplotlib/mpl-data/fonts/ttf/cmss10.ttf', name='cmss10', style='normal', variant='normal', weight=400, stretch='normal', size='scalable')) = 10.05
2022-05-31 10:40:38,477 | matplotlib.font_manager |  DEBUG: findfont: score(FontEntry(fname='/home/nguwijy/.local/lib/python3.8/site-packages/matplotlib/mpl-data/fonts/ttf/cmb10.ttf', name='cmb10', style='normal', variant='normal', weight=400, stretch='normal', size='scalable')) = 10.05
2022-05-31 10:40:38,477 | matplotlib.font_manager |  DEBUG: findfont: score(FontEntry(fname='/home/nguwijy/.local/lib/python3.8/site-packages/matplotlib/mpl-data/fonts/ttf/DejaVuSans-Bold.ttf', name='DejaVu Sans', style='normal', variant='normal', weight=700, stretch='normal', size='scalable')) = 0.33499999999999996
2022-05-31 10:40:38,477 | matplotlib.font_manager |  DEBUG: findfont: score(FontEntry(fname='/home/nguwijy/.local/lib/python3.8/site-packages/matplotlib/mpl-data/fonts/ttf/DejaVuSans-BoldOblique.ttf', name='DejaVu Sans', style='oblique', variant='normal', weight=700, stretch='normal', size='scalable')) = 1.335
2022-05-31 10:40:38,477 | matplotlib.font_manager |  DEBUG: findfont: score(FontEntry(fname='/home/nguwijy/.local/lib/python3.8/site-packages/matplotlib/mpl-data/fonts/ttf/DejaVuSansMono-Oblique.ttf', name='DejaVu Sans Mono', style='oblique', variant='normal', weight=400, stretch='normal', size='scalable')) = 11.05
2022-05-31 10:40:38,477 | matplotlib.font_manager |  DEBUG: findfont: score(FontEntry(fname='/home/nguwijy/.local/lib/python3.8/site-packages/matplotlib/mpl-data/fonts/ttf/STIXSizFourSymBol.ttf', name='STIXSizeFourSym', style='normal', variant='normal', weight=700, stretch='normal', size='scalable')) = 10.335
2022-05-31 10:40:38,477 | matplotlib.font_manager |  DEBUG: findfont: score(FontEntry(fname='/home/nguwijy/.local/lib/python3.8/site-packages/matplotlib/mpl-data/fonts/ttf/STIXGeneralBolIta.ttf', name='STIXGeneral', style='italic', variant='normal', weight=700, stretch='normal', size='scalable')) = 11.335
2022-05-31 10:40:38,477 | matplotlib.font_manager |  DEBUG: findfont: score(FontEntry(fname='/home/nguwijy/.local/lib/python3.8/site-packages/matplotlib/mpl-data/fonts/ttf/STIXSizOneSymReg.ttf', name='STIXSizeOneSym', style='normal', variant='normal', weight=400, stretch='normal', size='scalable')) = 10.05
2022-05-31 10:40:38,477 | matplotlib.font_manager |  DEBUG: findfont: score(FontEntry(fname='/home/nguwijy/.local/lib/python3.8/site-packages/matplotlib/mpl-data/fonts/ttf/STIXNonUniBol.ttf', name='STIXNonUnicode', style='normal', variant='normal', weight=700, stretch='normal', size='scalable')) = 10.335
2022-05-31 10:40:38,477 | matplotlib.font_manager |  DEBUG: findfont: score(FontEntry(fname='/home/nguwijy/.local/lib/python3.8/site-packages/matplotlib/mpl-data/fonts/ttf/STIXNonUniIta.ttf', name='STIXNonUnicode', style='italic', variant='normal', weight=400, stretch='normal', size='scalable')) = 11.05
2022-05-31 10:40:38,477 | matplotlib.font_manager |  DEBUG: findfont: score(FontEntry(fname='/home/nguwijy/.local/lib/python3.8/site-packages/matplotlib/mpl-data/fonts/ttf/STIXSizTwoSymBol.ttf', name='STIXSizeTwoSym', style='normal', variant='normal', weight=700, stretch='normal', size='scalable')) = 10.335
2022-05-31 10:40:38,477 | matplotlib.font_manager |  DEBUG: findfont: score(FontEntry(fname='/home/nguwijy/.local/lib/python3.8/site-packages/matplotlib/mpl-data/fonts/ttf/STIXNonUniBolIta.ttf', name='STIXNonUnicode', style='italic', variant='normal', weight=700, stretch='normal', size='scalable')) = 11.335
2022-05-31 10:40:38,477 | matplotlib.font_manager |  DEBUG: findfont: score(FontEntry(fname='/home/nguwijy/.local/lib/python3.8/site-packages/matplotlib/mpl-data/fonts/ttf/DejaVuSans.ttf', name='DejaVu Sans', style='normal', variant='normal', weight=400, stretch='normal', size='scalable')) = 0.05
2022-05-31 10:40:38,477 | matplotlib.font_manager |  DEBUG: findfont: score(FontEntry(fname='/home/nguwijy/.local/lib/python3.8/site-packages/matplotlib/mpl-data/fonts/ttf/cmex10.ttf', name='cmex10', style='normal', variant='normal', weight=400, stretch='normal', size='scalable')) = 10.05
2022-05-31 10:40:38,477 | matplotlib.font_manager |  DEBUG: findfont: score(FontEntry(fname='/home/nguwijy/.local/lib/python3.8/site-packages/matplotlib/mpl-data/fonts/ttf/DejaVuSerif-Bold.ttf', name='DejaVu Serif', style='normal', variant='normal', weight=700, stretch='normal', size='scalable')) = 10.335
2022-05-31 10:40:38,477 | matplotlib.font_manager |  DEBUG: findfont: score(FontEntry(fname='/home/nguwijy/.local/lib/python3.8/site-packages/matplotlib/mpl-data/fonts/ttf/STIXSizThreeSymBol.ttf', name='STIXSizeThreeSym', style='normal', variant='normal', weight=700, stretch='normal', size='scalable')) = 10.335
2022-05-31 10:40:38,478 | matplotlib.font_manager |  DEBUG: findfont: score(FontEntry(fname='/home/nguwijy/.local/lib/python3.8/site-packages/matplotlib/mpl-data/fonts/ttf/cmsy10.ttf', name='cmsy10', style='normal', variant='normal', weight=400, stretch='normal', size='scalable')) = 10.05
2022-05-31 10:40:38,478 | matplotlib.font_manager |  DEBUG: findfont: score(FontEntry(fname='/home/nguwijy/.local/lib/python3.8/site-packages/matplotlib/mpl-data/fonts/ttf/STIXSizFiveSymReg.ttf', name='STIXSizeFiveSym', style='normal', variant='normal', weight=400, stretch='normal', size='scalable')) = 10.05
2022-05-31 10:40:38,478 | matplotlib.font_manager |  DEBUG: findfont: score(FontEntry(fname='/home/nguwijy/.local/lib/python3.8/site-packages/matplotlib/mpl-data/fonts/ttf/cmtt10.ttf', name='cmtt10', style='normal', variant='normal', weight=400, stretch='normal', size='scalable')) = 10.05
2022-05-31 10:40:38,478 | matplotlib.font_manager |  DEBUG: findfont: score(FontEntry(fname='/home/nguwijy/.local/lib/python3.8/site-packages/matplotlib/mpl-data/fonts/ttf/STIXSizOneSymBol.ttf', name='STIXSizeOneSym', style='normal', variant='normal', weight=700, stretch='normal', size='scalable')) = 10.335
2022-05-31 10:40:38,478 | matplotlib.font_manager |  DEBUG: findfont: score(FontEntry(fname='/home/nguwijy/.local/lib/python3.8/site-packages/matplotlib/mpl-data/fonts/ttf/DejaVuSerifDisplay.ttf', name='DejaVu Serif Display', style='normal', variant='normal', weight=400, stretch='normal', size='scalable')) = 10.05
2022-05-31 10:40:38,478 | matplotlib.font_manager |  DEBUG: findfont: score(FontEntry(fname='/home/nguwijy/.local/lib/python3.8/site-packages/matplotlib/mpl-data/fonts/ttf/STIXSizTwoSymReg.ttf', name='STIXSizeTwoSym', style='normal', variant='normal', weight=400, stretch='normal', size='scalable')) = 10.05
2022-05-31 10:40:38,478 | matplotlib.font_manager |  DEBUG: findfont: score(FontEntry(fname='/home/nguwijy/.local/lib/python3.8/site-packages/matplotlib/mpl-data/fonts/ttf/DejaVuSerif.ttf', name='DejaVu Serif', style='normal', variant='normal', weight=400, stretch='normal', size='scalable')) = 10.05
2022-05-31 10:40:38,478 | matplotlib.font_manager |  DEBUG: findfont: score(FontEntry(fname='/home/nguwijy/.local/lib/python3.8/site-packages/matplotlib/mpl-data/fonts/ttf/DejaVuSans-Oblique.ttf', name='DejaVu Sans', style='oblique', variant='normal', weight=400, stretch='normal', size='scalable')) = 1.05
2022-05-31 10:40:38,478 | matplotlib.font_manager |  DEBUG: findfont: score(FontEntry(fname='/usr/share/fonts/truetype/dejavu/DejaVuSans-Bold.ttf', name='DejaVu Sans', style='normal', variant='normal', weight=700, stretch='normal', size='scalable')) = 0.33499999999999996
2022-05-31 10:40:38,478 | matplotlib.font_manager |  DEBUG: findfont: score(FontEntry(fname='/usr/share/fonts/truetype/dejavu/DejaVuSerif-Bold.ttf', name='DejaVu Serif', style='normal', variant='normal', weight=700, stretch='normal', size='scalable')) = 10.335
2022-05-31 10:40:38,478 | matplotlib.font_manager |  DEBUG: findfont: score(FontEntry(fname='/usr/share/fonts/truetype/dejavu/DejaVuSans.ttf', name='DejaVu Sans', style='normal', variant='normal', weight=400, stretch='normal', size='scalable')) = 0.05
2022-05-31 10:40:38,478 | matplotlib.font_manager |  DEBUG: findfont: score(FontEntry(fname='/usr/share/fonts/truetype/dejavu/DejaVuSerif.ttf', name='DejaVu Serif', style='normal', variant='normal', weight=400, stretch='normal', size='scalable')) = 10.05
2022-05-31 10:40:38,478 | matplotlib.font_manager |  DEBUG: findfont: score(FontEntry(fname='/usr/share/fonts/truetype/dejavu/DejaVuSansMono-Bold.ttf', name='DejaVu Sans Mono', style='normal', variant='normal', weight=700, stretch='normal', size='scalable')) = 10.335
2022-05-31 10:40:38,478 | matplotlib.font_manager |  DEBUG: findfont: score(FontEntry(fname='/usr/share/fonts/truetype/dejavu/DejaVuSansMono.ttf', name='DejaVu Sans Mono', style='normal', variant='normal', weight=400, stretch='normal', size='scalable')) = 10.05
2022-05-31 10:40:38,478 | matplotlib.font_manager |  DEBUG: findfont: Matching sans\-serif:style=normal:variant=normal:weight=normal:stretch=normal:size=12.0 to DejaVu Sans ('/home/nguwijy/.local/lib/python3.8/site-packages/matplotlib/mpl-data/fonts/ttf/DejaVuSans.ttf') with score of 0.050000.
2022-05-31 10:40:38,514 | matplotlib.font_manager |  DEBUG: findfont: Matching sans\-serif:style=normal:variant=normal:weight=normal:stretch=normal:size=10.0.
2022-05-31 10:40:38,514 | matplotlib.font_manager |  DEBUG: findfont: score(FontEntry(fname='/home/nguwijy/.local/lib/python3.8/site-packages/matplotlib/mpl-data/fonts/ttf/STIXGeneral.ttf', name='STIXGeneral', style='normal', variant='normal', weight=400, stretch='normal', size='scalable')) = 10.05
2022-05-31 10:40:38,514 | matplotlib.font_manager |  DEBUG: findfont: score(FontEntry(fname='/home/nguwijy/.local/lib/python3.8/site-packages/matplotlib/mpl-data/fonts/ttf/STIXSizFourSymReg.ttf', name='STIXSizeFourSym', style='normal', variant='normal', weight=400, stretch='normal', size='scalable')) = 10.05
2022-05-31 10:40:38,514 | matplotlib.font_manager |  DEBUG: findfont: score(FontEntry(fname='/home/nguwijy/.local/lib/python3.8/site-packages/matplotlib/mpl-data/fonts/ttf/DejaVuSerif-Italic.ttf', name='DejaVu Serif', style='italic', variant='normal', weight=400, stretch='normal', size='scalable')) = 11.05
2022-05-31 10:40:38,514 | matplotlib.font_manager |  DEBUG: findfont: score(FontEntry(fname='/home/nguwijy/.local/lib/python3.8/site-packages/matplotlib/mpl-data/fonts/ttf/cmr10.ttf', name='cmr10', style='normal', variant='normal', weight=400, stretch='normal', size='scalable')) = 10.05
2022-05-31 10:40:38,514 | matplotlib.font_manager |  DEBUG: findfont: score(FontEntry(fname='/home/nguwijy/.local/lib/python3.8/site-packages/matplotlib/mpl-data/fonts/ttf/DejaVuSansMono-Bold.ttf', name='DejaVu Sans Mono', style='normal', variant='normal', weight=700, stretch='normal', size='scalable')) = 10.335
2022-05-31 10:40:38,514 | matplotlib.font_manager |  DEBUG: findfont: score(FontEntry(fname='/home/nguwijy/.local/lib/python3.8/site-packages/matplotlib/mpl-data/fonts/ttf/DejaVuSansMono.ttf', name='DejaVu Sans Mono', style='normal', variant='normal', weight=400, stretch='normal', size='scalable')) = 10.05
2022-05-31 10:40:38,515 | matplotlib.font_manager |  DEBUG: findfont: score(FontEntry(fname='/home/nguwijy/.local/lib/python3.8/site-packages/matplotlib/mpl-data/fonts/ttf/DejaVuSansDisplay.ttf', name='DejaVu Sans Display', style='normal', variant='normal', weight=400, stretch='normal', size='scalable')) = 10.05
2022-05-31 10:40:38,515 | matplotlib.font_manager |  DEBUG: findfont: score(FontEntry(fname='/home/nguwijy/.local/lib/python3.8/site-packages/matplotlib/mpl-data/fonts/ttf/STIXNonUni.ttf', name='STIXNonUnicode', style='normal', variant='normal', weight=400, stretch='normal', size='scalable')) = 10.05
2022-05-31 10:40:38,515 | matplotlib.font_manager |  DEBUG: findfont: score(FontEntry(fname='/home/nguwijy/.local/lib/python3.8/site-packages/matplotlib/mpl-data/fonts/ttf/STIXGeneralBol.ttf', name='STIXGeneral', style='normal', variant='normal', weight=700, stretch='normal', size='scalable')) = 10.335
2022-05-31 10:40:38,515 | matplotlib.font_manager |  DEBUG: findfont: score(FontEntry(fname='/home/nguwijy/.local/lib/python3.8/site-packages/matplotlib/mpl-data/fonts/ttf/DejaVuSansMono-BoldOblique.ttf', name='DejaVu Sans Mono', style='oblique', variant='normal', weight=700, stretch='normal', size='scalable')) = 11.335
2022-05-31 10:40:38,515 | matplotlib.font_manager |  DEBUG: findfont: score(FontEntry(fname='/home/nguwijy/.local/lib/python3.8/site-packages/matplotlib/mpl-data/fonts/ttf/DejaVuSerif-BoldItalic.ttf', name='DejaVu Serif', style='italic', variant='normal', weight=700, stretch='normal', size='scalable')) = 11.335
2022-05-31 10:40:38,515 | matplotlib.font_manager |  DEBUG: findfont: score(FontEntry(fname='/home/nguwijy/.local/lib/python3.8/site-packages/matplotlib/mpl-data/fonts/ttf/cmmi10.ttf', name='cmmi10', style='normal', variant='normal', weight=400, stretch='normal', size='scalable')) = 10.05
2022-05-31 10:40:38,515 | matplotlib.font_manager |  DEBUG: findfont: score(FontEntry(fname='/home/nguwijy/.local/lib/python3.8/site-packages/matplotlib/mpl-data/fonts/ttf/STIXGeneralItalic.ttf', name='STIXGeneral', style='italic', variant='normal', weight=400, stretch='normal', size='scalable')) = 11.05
2022-05-31 10:40:38,515 | matplotlib.font_manager |  DEBUG: findfont: score(FontEntry(fname='/home/nguwijy/.local/lib/python3.8/site-packages/matplotlib/mpl-data/fonts/ttf/STIXSizThreeSymReg.ttf', name='STIXSizeThreeSym', style='normal', variant='normal', weight=400, stretch='normal', size='scalable')) = 10.05
2022-05-31 10:40:38,515 | matplotlib.font_manager |  DEBUG: findfont: score(FontEntry(fname='/home/nguwijy/.local/lib/python3.8/site-packages/matplotlib/mpl-data/fonts/ttf/cmss10.ttf', name='cmss10', style='normal', variant='normal', weight=400, stretch='normal', size='scalable')) = 10.05
2022-05-31 10:40:38,515 | matplotlib.font_manager |  DEBUG: findfont: score(FontEntry(fname='/home/nguwijy/.local/lib/python3.8/site-packages/matplotlib/mpl-data/fonts/ttf/cmb10.ttf', name='cmb10', style='normal', variant='normal', weight=400, stretch='normal', size='scalable')) = 10.05
2022-05-31 10:40:38,515 | matplotlib.font_manager |  DEBUG: findfont: score(FontEntry(fname='/home/nguwijy/.local/lib/python3.8/site-packages/matplotlib/mpl-data/fonts/ttf/DejaVuSans-Bold.ttf', name='DejaVu Sans', style='normal', variant='normal', weight=700, stretch='normal', size='scalable')) = 0.33499999999999996
2022-05-31 10:40:38,515 | matplotlib.font_manager |  DEBUG: findfont: score(FontEntry(fname='/home/nguwijy/.local/lib/python3.8/site-packages/matplotlib/mpl-data/fonts/ttf/DejaVuSans-BoldOblique.ttf', name='DejaVu Sans', style='oblique', variant='normal', weight=700, stretch='normal', size='scalable')) = 1.335
2022-05-31 10:40:38,515 | matplotlib.font_manager |  DEBUG: findfont: score(FontEntry(fname='/home/nguwijy/.local/lib/python3.8/site-packages/matplotlib/mpl-data/fonts/ttf/DejaVuSansMono-Oblique.ttf', name='DejaVu Sans Mono', style='oblique', variant='normal', weight=400, stretch='normal', size='scalable')) = 11.05
2022-05-31 10:40:38,515 | matplotlib.font_manager |  DEBUG: findfont: score(FontEntry(fname='/home/nguwijy/.local/lib/python3.8/site-packages/matplotlib/mpl-data/fonts/ttf/STIXSizFourSymBol.ttf', name='STIXSizeFourSym', style='normal', variant='normal', weight=700, stretch='normal', size='scalable')) = 10.335
2022-05-31 10:40:38,515 | matplotlib.font_manager |  DEBUG: findfont: score(FontEntry(fname='/home/nguwijy/.local/lib/python3.8/site-packages/matplotlib/mpl-data/fonts/ttf/STIXGeneralBolIta.ttf', name='STIXGeneral', style='italic', variant='normal', weight=700, stretch='normal', size='scalable')) = 11.335
2022-05-31 10:40:38,515 | matplotlib.font_manager |  DEBUG: findfont: score(FontEntry(fname='/home/nguwijy/.local/lib/python3.8/site-packages/matplotlib/mpl-data/fonts/ttf/STIXSizOneSymReg.ttf', name='STIXSizeOneSym', style='normal', variant='normal', weight=400, stretch='normal', size='scalable')) = 10.05
2022-05-31 10:40:38,515 | matplotlib.font_manager |  DEBUG: findfont: score(FontEntry(fname='/home/nguwijy/.local/lib/python3.8/site-packages/matplotlib/mpl-data/fonts/ttf/STIXNonUniBol.ttf', name='STIXNonUnicode', style='normal', variant='normal', weight=700, stretch='normal', size='scalable')) = 10.335
2022-05-31 10:40:38,515 | matplotlib.font_manager |  DEBUG: findfont: score(FontEntry(fname='/home/nguwijy/.local/lib/python3.8/site-packages/matplotlib/mpl-data/fonts/ttf/STIXNonUniIta.ttf', name='STIXNonUnicode', style='italic', variant='normal', weight=400, stretch='normal', size='scalable')) = 11.05
2022-05-31 10:40:38,515 | matplotlib.font_manager |  DEBUG: findfont: score(FontEntry(fname='/home/nguwijy/.local/lib/python3.8/site-packages/matplotlib/mpl-data/fonts/ttf/STIXSizTwoSymBol.ttf', name='STIXSizeTwoSym', style='normal', variant='normal', weight=700, stretch='normal', size='scalable')) = 10.335
2022-05-31 10:40:38,515 | matplotlib.font_manager |  DEBUG: findfont: score(FontEntry(fname='/home/nguwijy/.local/lib/python3.8/site-packages/matplotlib/mpl-data/fonts/ttf/STIXNonUniBolIta.ttf', name='STIXNonUnicode', style='italic', variant='normal', weight=700, stretch='normal', size='scalable')) = 11.335
2022-05-31 10:40:38,515 | matplotlib.font_manager |  DEBUG: findfont: score(FontEntry(fname='/home/nguwijy/.local/lib/python3.8/site-packages/matplotlib/mpl-data/fonts/ttf/DejaVuSans.ttf', name='DejaVu Sans', style='normal', variant='normal', weight=400, stretch='normal', size='scalable')) = 0.05
2022-05-31 10:40:38,515 | matplotlib.font_manager |  DEBUG: findfont: score(FontEntry(fname='/home/nguwijy/.local/lib/python3.8/site-packages/matplotlib/mpl-data/fonts/ttf/cmex10.ttf', name='cmex10', style='normal', variant='normal', weight=400, stretch='normal', size='scalable')) = 10.05
2022-05-31 10:40:38,515 | matplotlib.font_manager |  DEBUG: findfont: score(FontEntry(fname='/home/nguwijy/.local/lib/python3.8/site-packages/matplotlib/mpl-data/fonts/ttf/DejaVuSerif-Bold.ttf', name='DejaVu Serif', style='normal', variant='normal', weight=700, stretch='normal', size='scalable')) = 10.335
2022-05-31 10:40:38,515 | matplotlib.font_manager |  DEBUG: findfont: score(FontEntry(fname='/home/nguwijy/.local/lib/python3.8/site-packages/matplotlib/mpl-data/fonts/ttf/STIXSizThreeSymBol.ttf', name='STIXSizeThreeSym', style='normal', variant='normal', weight=700, stretch='normal', size='scalable')) = 10.335
2022-05-31 10:40:38,515 | matplotlib.font_manager |  DEBUG: findfont: score(FontEntry(fname='/home/nguwijy/.local/lib/python3.8/site-packages/matplotlib/mpl-data/fonts/ttf/cmsy10.ttf', name='cmsy10', style='normal', variant='normal', weight=400, stretch='normal', size='scalable')) = 10.05
2022-05-31 10:40:38,515 | matplotlib.font_manager |  DEBUG: findfont: score(FontEntry(fname='/home/nguwijy/.local/lib/python3.8/site-packages/matplotlib/mpl-data/fonts/ttf/STIXSizFiveSymReg.ttf', name='STIXSizeFiveSym', style='normal', variant='normal', weight=400, stretch='normal', size='scalable')) = 10.05
2022-05-31 10:40:38,515 | matplotlib.font_manager |  DEBUG: findfont: score(FontEntry(fname='/home/nguwijy/.local/lib/python3.8/site-packages/matplotlib/mpl-data/fonts/ttf/cmtt10.ttf', name='cmtt10', style='normal', variant='normal', weight=400, stretch='normal', size='scalable')) = 10.05
2022-05-31 10:40:38,515 | matplotlib.font_manager |  DEBUG: findfont: score(FontEntry(fname='/home/nguwijy/.local/lib/python3.8/site-packages/matplotlib/mpl-data/fonts/ttf/STIXSizOneSymBol.ttf', name='STIXSizeOneSym', style='normal', variant='normal', weight=700, stretch='normal', size='scalable')) = 10.335
2022-05-31 10:40:38,515 | matplotlib.font_manager |  DEBUG: findfont: score(FontEntry(fname='/home/nguwijy/.local/lib/python3.8/site-packages/matplotlib/mpl-data/fonts/ttf/DejaVuSerifDisplay.ttf', name='DejaVu Serif Display', style='normal', variant='normal', weight=400, stretch='normal', size='scalable')) = 10.05
2022-05-31 10:40:38,515 | matplotlib.font_manager |  DEBUG: findfont: score(FontEntry(fname='/home/nguwijy/.local/lib/python3.8/site-packages/matplotlib/mpl-data/fonts/ttf/STIXSizTwoSymReg.ttf', name='STIXSizeTwoSym', style='normal', variant='normal', weight=400, stretch='normal', size='scalable')) = 10.05
2022-05-31 10:40:38,516 | matplotlib.font_manager |  DEBUG: findfont: score(FontEntry(fname='/home/nguwijy/.local/lib/python3.8/site-packages/matplotlib/mpl-data/fonts/ttf/DejaVuSerif.ttf', name='DejaVu Serif', style='normal', variant='normal', weight=400, stretch='normal', size='scalable')) = 10.05
2022-05-31 10:40:38,516 | matplotlib.font_manager |  DEBUG: findfont: score(FontEntry(fname='/home/nguwijy/.local/lib/python3.8/site-packages/matplotlib/mpl-data/fonts/ttf/DejaVuSans-Oblique.ttf', name='DejaVu Sans', style='oblique', variant='normal', weight=400, stretch='normal', size='scalable')) = 1.05
2022-05-31 10:40:38,516 | matplotlib.font_manager |  DEBUG: findfont: score(FontEntry(fname='/usr/share/fonts/truetype/dejavu/DejaVuSans-Bold.ttf', name='DejaVu Sans', style='normal', variant='normal', weight=700, stretch='normal', size='scalable')) = 0.33499999999999996
2022-05-31 10:40:38,516 | matplotlib.font_manager |  DEBUG: findfont: score(FontEntry(fname='/usr/share/fonts/truetype/dejavu/DejaVuSerif-Bold.ttf', name='DejaVu Serif', style='normal', variant='normal', weight=700, stretch='normal', size='scalable')) = 10.335
2022-05-31 10:40:38,516 | matplotlib.font_manager |  DEBUG: findfont: score(FontEntry(fname='/usr/share/fonts/truetype/dejavu/DejaVuSans.ttf', name='DejaVu Sans', style='normal', variant='normal', weight=400, stretch='normal', size='scalable')) = 0.05
2022-05-31 10:40:38,516 | matplotlib.font_manager |  DEBUG: findfont: score(FontEntry(fname='/usr/share/fonts/truetype/dejavu/DejaVuSerif.ttf', name='DejaVu Serif', style='normal', variant='normal', weight=400, stretch='normal', size='scalable')) = 10.05
2022-05-31 10:40:38,516 | matplotlib.font_manager |  DEBUG: findfont: score(FontEntry(fname='/usr/share/fonts/truetype/dejavu/DejaVuSansMono-Bold.ttf', name='DejaVu Sans Mono', style='normal', variant='normal', weight=700, stretch='normal', size='scalable')) = 10.335
2022-05-31 10:40:38,516 | matplotlib.font_manager |  DEBUG: findfont: score(FontEntry(fname='/usr/share/fonts/truetype/dejavu/DejaVuSansMono.ttf', name='DejaVu Sans Mono', style='normal', variant='normal', weight=400, stretch='normal', size='scalable')) = 10.05
2022-05-31 10:40:38,516 | matplotlib.font_manager |  DEBUG: findfont: Matching sans\-serif:style=normal:variant=normal:weight=normal:stretch=normal:size=10.0 to DejaVu Sans ('/home/nguwijy/.local/lib/python3.8/site-packages/matplotlib/mpl-data/fonts/ttf/DejaVuSans.ttf') with score of 0.050000.
