2022-05-21 21:21:08,030 | root |  DEBUG: Current configuration: {'training': True, '_parameters': OrderedDict(), '_buffers': OrderedDict(), '_non_persistent_buffers_set': set(), '_backward_hooks': OrderedDict(), '_is_full_backward_hook': None, '_forward_hooks': OrderedDict(), '_forward_pre_hooks': OrderedDict(), '_state_dict_hooks': OrderedDict(), '_load_state_dict_pre_hooks': OrderedDict(), '_modules': OrderedDict([('u_layer', ModuleList(
  (0): ModuleList(
    (0): Linear(in_features=3, out_features=100, bias=True)
    (1): Linear(in_features=100, out_features=100, bias=True)
    (2): Linear(in_features=100, out_features=100, bias=True)
    (3): Linear(in_features=100, out_features=2, bias=True)
  )
)), ('u_bn_layer', ModuleList(
  (0): ModuleList(
    (0): BatchNorm1d(3, eps=0.5, momentum=0.1, affine=False, track_running_stats=True)
    (1): BatchNorm1d(100, eps=1e-05, momentum=0.1, affine=True, track_running_stats=True)
    (2): BatchNorm1d(100, eps=1e-05, momentum=0.1, affine=True, track_running_stats=True)
    (3): BatchNorm1d(100, eps=1e-05, momentum=0.1, affine=True, track_running_stats=True)
  )
)), ('p_layer', ModuleList(
  (0): ModuleList(
    (0): Linear(in_features=2, out_features=100, bias=True)
    (1): Linear(in_features=100, out_features=100, bias=True)
    (2): Linear(in_features=100, out_features=100, bias=True)
    (3): Linear(in_features=100, out_features=1, bias=True)
  )
)), ('p_bn_layer', ModuleList(
  (0): ModuleList(
    (0): BatchNorm1d(2, eps=0.5, momentum=0.1, affine=False, track_running_stats=True)
    (1): BatchNorm1d(100, eps=1e-05, momentum=0.1, affine=True, track_running_stats=True)
    (2): BatchNorm1d(100, eps=1e-05, momentum=0.1, affine=True, track_running_stats=True)
    (3): BatchNorm1d(100, eps=1e-05, momentum=0.1, affine=True, track_running_stats=True)
  )
)), ('loss', MSELoss()), ('activation', Tanh())]), 'problem_name': 'taylor_green_2d', 'f_fun': <function f_example at 0x7f75b4c0bca0>, 'phi_fun': <function phi_example at 0x7f75b4c0be50>, 'phi0': 0, 'conditional_probability_to_survive': <function Net.<lambda> at 0x7f75c0377550>, 'is_x_inside': <function Net.<lambda> at 0x7f75c03775e0>, 'deriv_map': array([[1, 0],
       [0, 1],
       [0, 0],
       [0, 0],
       [1, 0],
       [0, 1],
       [1, 0],
       [0, 1]]), 'n': 8, 'dim_in': 2, 'zeta_map': array([-1, -1,  0,  1,  0,  0,  1,  1]), 'deriv_condition_deriv_map': array([[1, 0],
       [0, 1]]), 'deriv_condition_zeta_map': array([0, 1]), 'dim_out': 2, 'nprime': 2, 'train_for_p': True, 'patches': 1, 'code': array([[-1, -1],
       [-1, -1]]), 'coordinate': array([0, 1]), 'fdb_lookup': {(1, 0): [fdb(coeff=1, lamb=(0, 0, 0, 0, 0, 0, 0, 1), l_and_k={(1, 0): [0, 0, 0, 0, 0, 0, 0, 1]}), fdb(coeff=1, lamb=(0, 0, 0, 0, 0, 0, 1, 0), l_and_k={(1, 0): [0, 0, 0, 0, 0, 0, 1, 0]}), fdb(coeff=1, lamb=(0, 0, 0, 0, 0, 1, 0, 0), l_and_k={(1, 0): [0, 0, 0, 0, 0, 1, 0, 0]}), fdb(coeff=1, lamb=(0, 0, 0, 0, 1, 0, 0, 0), l_and_k={(1, 0): [0, 0, 0, 0, 1, 0, 0, 0]}), fdb(coeff=1, lamb=(0, 0, 0, 1, 0, 0, 0, 0), l_and_k={(1, 0): [0, 0, 0, 1, 0, 0, 0, 0]}), fdb(coeff=1, lamb=(0, 0, 1, 0, 0, 0, 0, 0), l_and_k={(1, 0): [0, 0, 1, 0, 0, 0, 0, 0]}), fdb(coeff=1, lamb=(0, 1, 0, 0, 0, 0, 0, 0), l_and_k={(1, 0): [0, 1, 0, 0, 0, 0, 0, 0]}), fdb(coeff=1, lamb=(1, 0, 0, 0, 0, 0, 0, 0), l_and_k={(1, 0): [1, 0, 0, 0, 0, 0, 0, 0]})], (0, 1): [fdb(coeff=1, lamb=(0, 0, 0, 0, 0, 0, 0, 1), l_and_k={(0, 1): [0, 0, 0, 0, 0, 0, 0, 1]}), fdb(coeff=1, lamb=(0, 0, 0, 0, 0, 0, 1, 0), l_and_k={(0, 1): [0, 0, 0, 0, 0, 0, 1, 0]}), fdb(coeff=1, lamb=(0, 0, 0, 0, 0, 1, 0, 0), l_and_k={(0, 1): [0, 0, 0, 0, 0, 1, 0, 0]}), fdb(coeff=1, lamb=(0, 0, 0, 0, 1, 0, 0, 0), l_and_k={(0, 1): [0, 0, 0, 0, 1, 0, 0, 0]}), fdb(coeff=1, lamb=(0, 0, 0, 1, 0, 0, 0, 0), l_and_k={(0, 1): [0, 0, 0, 1, 0, 0, 0, 0]}), fdb(coeff=1, lamb=(0, 0, 1, 0, 0, 0, 0, 0), l_and_k={(0, 1): [0, 0, 1, 0, 0, 0, 0, 0]}), fdb(coeff=1, lamb=(0, 1, 0, 0, 0, 0, 0, 0), l_and_k={(0, 1): [0, 1, 0, 0, 0, 0, 0, 0]}), fdb(coeff=1, lamb=(1, 0, 0, 0, 0, 0, 0, 0), l_and_k={(0, 1): [1, 0, 0, 0, 0, 0, 0, 0]})], (0, 0): [fdb(coeff=1, lamb=(0, 0, 0, 0, 0, 0, 0, 0), l_and_k={})]}, 'fdb_runtime': 0.02160477638244629, 'mechanism_tot_len': 178, 'lr': 0.01, 'lr_milestones': [1000, 2000], 'lr_gamma': 0.1, 'weight_decay': 0, 'save_for_best_model': False, 'save_data': False, 'batch_normalization': True, 'nb_states': 100000, 'nb_states_per_batch': 1000, 'nb_path_per_state': 1000, 'x_lo': 0, 'x_hi': 6.283185307179586, 'adjusted_x_boundaries': (-0.6283185307179586, 6.911503837897545), 't_lo': 0.0, 't_hi': 0.25, 'T': 0.25, 'tau_lo': 1e-05, 'tau_hi': 10, 'nu': 2, 'delta_t': 0.25, 'outlier_percentile': 1, 'outlier_multiplier': 10, 'exponential_lambda': 0.2051731775502023, 'epochs': 10000, 'antithetic': True, 'device': device(type='cuda'), 'verbose': True, 'fix_all_dim_except_first': False, 'fix_t_dim': False, 't_boundaries': tensor([0.2500, 0.0000], device='cuda:0'), 'adjusted_t_boundaries': [(tensor(0., device='cuda:0'), tensor(0.2500, device='cuda:0'))], 'working_dir': 'logs/20220521-212107-taylor_green_2d-T0.25-nu2'}
2022-05-21 21:21:08,046 | root |  DEBUG: Generated 1 out of 100000 batches with 0.0160367488861084 seconds.
2022-05-21 21:21:12,475 | root |  DEBUG: Generated 1001 out of 100000 batches with 4.428203582763672 seconds.
2022-05-21 21:21:16,812 | root |  DEBUG: Generated 2001 out of 100000 batches with 4.337101459503174 seconds.
2022-05-21 21:21:21,318 | root |  DEBUG: Generated 3001 out of 100000 batches with 4.506263971328735 seconds.
2022-05-21 21:21:25,779 | root |  DEBUG: Generated 4001 out of 100000 batches with 4.46097207069397 seconds.
2022-05-21 21:21:30,184 | root |  DEBUG: Generated 5001 out of 100000 batches with 4.404543161392212 seconds.
2022-05-21 21:21:34,555 | root |  DEBUG: Generated 6001 out of 100000 batches with 4.370913743972778 seconds.
2022-05-21 21:21:38,920 | root |  DEBUG: Generated 7001 out of 100000 batches with 4.3645219802856445 seconds.
2022-05-21 21:21:42,977 | root |  DEBUG: Generated 8001 out of 100000 batches with 4.056801080703735 seconds.
2022-05-21 21:21:47,004 | root |  DEBUG: Generated 9001 out of 100000 batches with 4.027203798294067 seconds.
2022-05-21 21:21:51,061 | root |  DEBUG: Generated 10001 out of 100000 batches with 4.057181358337402 seconds.
2022-05-21 21:21:55,469 | root |  DEBUG: Generated 11001 out of 100000 batches with 4.407673358917236 seconds.
2022-05-21 21:22:00,088 | root |  DEBUG: Generated 12001 out of 100000 batches with 4.618362903594971 seconds.
2022-05-21 21:22:04,641 | root |  DEBUG: Generated 13001 out of 100000 batches with 4.553080797195435 seconds.
2022-05-21 21:22:09,138 | root |  DEBUG: Generated 14001 out of 100000 batches with 4.497226715087891 seconds.
2022-05-21 21:22:13,518 | root |  DEBUG: Generated 15001 out of 100000 batches with 4.37906289100647 seconds.
2022-05-21 21:22:17,884 | root |  DEBUG: Generated 16001 out of 100000 batches with 4.365986108779907 seconds.
2022-05-21 21:22:22,251 | root |  DEBUG: Generated 17001 out of 100000 batches with 4.366896152496338 seconds.
2022-05-21 21:22:26,608 | root |  DEBUG: Generated 18001 out of 100000 batches with 4.3575050830841064 seconds.
2022-05-21 21:22:30,974 | root |  DEBUG: Generated 19001 out of 100000 batches with 4.365968465805054 seconds.
2022-05-21 21:22:35,343 | root |  DEBUG: Generated 20001 out of 100000 batches with 4.368525743484497 seconds.
2022-05-21 21:22:39,717 | root |  DEBUG: Generated 21001 out of 100000 batches with 4.373396873474121 seconds.
2022-05-21 21:22:44,079 | root |  DEBUG: Generated 22001 out of 100000 batches with 4.362021207809448 seconds.
2022-05-21 21:22:48,441 | root |  DEBUG: Generated 23001 out of 100000 batches with 4.361861228942871 seconds.
2022-05-21 21:22:52,813 | root |  DEBUG: Generated 24001 out of 100000 batches with 4.372225284576416 seconds.
2022-05-21 21:22:57,234 | root |  DEBUG: Generated 25001 out of 100000 batches with 4.420324802398682 seconds.
2022-05-21 21:23:01,366 | root |  DEBUG: Generated 26001 out of 100000 batches with 4.13206148147583 seconds.
2022-05-21 21:23:05,403 | root |  DEBUG: Generated 27001 out of 100000 batches with 4.036555290222168 seconds.
2022-05-21 21:23:09,450 | root |  DEBUG: Generated 28001 out of 100000 batches with 4.046798944473267 seconds.
2022-05-21 21:23:13,477 | root |  DEBUG: Generated 29001 out of 100000 batches with 4.027175426483154 seconds.
2022-05-21 21:23:17,507 | root |  DEBUG: Generated 30001 out of 100000 batches with 4.030445098876953 seconds.
2022-05-21 21:23:21,553 | root |  DEBUG: Generated 31001 out of 100000 batches with 4.045289039611816 seconds.
2022-05-21 21:23:25,676 | root |  DEBUG: Generated 32001 out of 100000 batches with 4.1230080127716064 seconds.
2022-05-21 21:23:29,725 | root |  DEBUG: Generated 33001 out of 100000 batches with 4.048680067062378 seconds.
2022-05-21 21:23:33,776 | root |  DEBUG: Generated 34001 out of 100000 batches with 4.050572156906128 seconds.
2022-05-21 21:23:37,839 | root |  DEBUG: Generated 35001 out of 100000 batches with 4.063560247421265 seconds.
2022-05-21 21:23:41,864 | root |  DEBUG: Generated 36001 out of 100000 batches with 4.024082183837891 seconds.
2022-05-21 21:23:45,897 | root |  DEBUG: Generated 37001 out of 100000 batches with 4.0335986614227295 seconds.
2022-05-21 21:23:49,926 | root |  DEBUG: Generated 38001 out of 100000 batches with 4.028859615325928 seconds.
2022-05-21 21:23:53,973 | root |  DEBUG: Generated 39001 out of 100000 batches with 4.046790599822998 seconds.
2022-05-21 21:23:58,060 | root |  DEBUG: Generated 40001 out of 100000 batches with 4.086683034896851 seconds.
2022-05-21 21:24:02,100 | root |  DEBUG: Generated 41001 out of 100000 batches with 4.03969407081604 seconds.
2022-05-21 21:24:06,137 | root |  DEBUG: Generated 42001 out of 100000 batches with 4.036383390426636 seconds.
2022-05-21 21:24:10,179 | root |  DEBUG: Generated 43001 out of 100000 batches with 4.042153596878052 seconds.
2022-05-21 21:24:14,215 | root |  DEBUG: Generated 44001 out of 100000 batches with 4.035656213760376 seconds.
2022-05-21 21:24:18,254 | root |  DEBUG: Generated 45001 out of 100000 batches with 4.038702726364136 seconds.
2022-05-21 21:24:22,293 | root |  DEBUG: Generated 46001 out of 100000 batches with 4.039535045623779 seconds.
2022-05-21 21:24:26,326 | root |  DEBUG: Generated 47001 out of 100000 batches with 4.032504081726074 seconds.
2022-05-21 21:24:30,356 | root |  DEBUG: Generated 48001 out of 100000 batches with 4.030456781387329 seconds.
2022-05-21 21:24:34,384 | root |  DEBUG: Generated 49001 out of 100000 batches with 4.027317047119141 seconds.
2022-05-21 21:24:38,416 | root |  DEBUG: Generated 50001 out of 100000 batches with 4.03192400932312 seconds.
2022-05-21 21:24:42,445 | root |  DEBUG: Generated 51001 out of 100000 batches with 4.0293662548065186 seconds.
2022-05-21 21:24:46,483 | root |  DEBUG: Generated 52001 out of 100000 batches with 4.037739992141724 seconds.
2022-05-21 21:24:50,517 | root |  DEBUG: Generated 53001 out of 100000 batches with 4.033024787902832 seconds.
2022-05-21 21:24:54,680 | root |  DEBUG: Generated 54001 out of 100000 batches with 4.1634838581085205 seconds.
2022-05-21 21:24:59,094 | root |  DEBUG: Generated 55001 out of 100000 batches with 4.413229465484619 seconds.
2022-05-21 21:25:03,298 | root |  DEBUG: Generated 56001 out of 100000 batches with 4.204059600830078 seconds.
2022-05-21 21:25:07,334 | root |  DEBUG: Generated 57001 out of 100000 batches with 4.036258935928345 seconds.
2022-05-21 21:25:11,652 | root |  DEBUG: Generated 58001 out of 100000 batches with 4.3174707889556885 seconds.
2022-05-21 21:25:15,835 | root |  DEBUG: Generated 59001 out of 100000 batches with 4.183088302612305 seconds.
2022-05-21 21:25:19,885 | root |  DEBUG: Generated 60001 out of 100000 batches with 4.049472332000732 seconds.
2022-05-21 21:25:24,040 | root |  DEBUG: Generated 61001 out of 100000 batches with 4.155258417129517 seconds.
2022-05-21 21:25:28,078 | root |  DEBUG: Generated 62001 out of 100000 batches with 4.0382044315338135 seconds.
2022-05-21 21:25:32,121 | root |  DEBUG: Generated 63001 out of 100000 batches with 4.042926788330078 seconds.
2022-05-21 21:25:36,166 | root |  DEBUG: Generated 64001 out of 100000 batches with 4.044585466384888 seconds.
2022-05-21 21:25:40,217 | root |  DEBUG: Generated 65001 out of 100000 batches with 4.050833702087402 seconds.
2022-05-21 21:25:44,275 | root |  DEBUG: Generated 66001 out of 100000 batches with 4.0577778816223145 seconds.
2022-05-21 21:25:48,314 | root |  DEBUG: Generated 67001 out of 100000 batches with 4.038956165313721 seconds.
2022-05-21 21:25:52,359 | root |  DEBUG: Generated 68001 out of 100000 batches with 4.044186115264893 seconds.
2022-05-21 21:25:56,454 | root |  DEBUG: Generated 69001 out of 100000 batches with 4.09541654586792 seconds.
2022-05-21 21:26:00,501 | root |  DEBUG: Generated 70001 out of 100000 batches with 4.046636343002319 seconds.
2022-05-21 21:26:04,744 | root |  DEBUG: Generated 71001 out of 100000 batches with 4.243005990982056 seconds.
2022-05-21 21:26:08,978 | root |  DEBUG: Generated 72001 out of 100000 batches with 4.23342752456665 seconds.
2022-05-21 21:26:13,033 | root |  DEBUG: Generated 73001 out of 100000 batches with 4.054970026016235 seconds.
2022-05-21 21:26:17,080 | root |  DEBUG: Generated 74001 out of 100000 batches with 4.047257900238037 seconds.
2022-05-21 21:26:21,124 | root |  DEBUG: Generated 75001 out of 100000 batches with 4.043515920639038 seconds.
2022-05-21 21:26:25,169 | root |  DEBUG: Generated 76001 out of 100000 batches with 4.045352935791016 seconds.
2022-05-21 21:26:29,214 | root |  DEBUG: Generated 77001 out of 100000 batches with 4.044378280639648 seconds.
2022-05-21 21:26:33,252 | root |  DEBUG: Generated 78001 out of 100000 batches with 4.038220405578613 seconds.
2022-05-21 21:26:37,300 | root |  DEBUG: Generated 79001 out of 100000 batches with 4.047256231307983 seconds.
2022-05-21 21:26:41,348 | root |  DEBUG: Generated 80001 out of 100000 batches with 4.0482494831085205 seconds.
2022-05-21 21:26:45,390 | root |  DEBUG: Generated 81001 out of 100000 batches with 4.042115926742554 seconds.
2022-05-21 21:26:49,430 | root |  DEBUG: Generated 82001 out of 100000 batches with 4.0395190715789795 seconds.
2022-05-21 21:26:53,530 | root |  DEBUG: Generated 83001 out of 100000 batches with 4.099997043609619 seconds.
2022-05-21 21:26:57,625 | root |  DEBUG: Generated 84001 out of 100000 batches with 4.09525203704834 seconds.
2022-05-21 21:27:01,671 | root |  DEBUG: Generated 85001 out of 100000 batches with 4.045616865158081 seconds.
2022-05-21 21:27:05,716 | root |  DEBUG: Generated 86001 out of 100000 batches with 4.045005559921265 seconds.
2022-05-21 21:27:09,786 | root |  DEBUG: Generated 87001 out of 100000 batches with 4.06945276260376 seconds.
2022-05-21 21:27:13,833 | root |  DEBUG: Generated 88001 out of 100000 batches with 4.0467705726623535 seconds.
2022-05-21 21:27:17,932 | root |  DEBUG: Generated 89001 out of 100000 batches with 4.0985777378082275 seconds.
2022-05-21 21:27:21,991 | root |  DEBUG: Generated 90001 out of 100000 batches with 4.05910325050354 seconds.
2022-05-21 21:27:26,050 | root |  DEBUG: Generated 91001 out of 100000 batches with 4.059437990188599 seconds.
2022-05-21 21:27:30,097 | root |  DEBUG: Generated 92001 out of 100000 batches with 4.046167373657227 seconds.
2022-05-21 21:27:34,143 | root |  DEBUG: Generated 93001 out of 100000 batches with 4.04573917388916 seconds.
2022-05-21 21:27:38,411 | root |  DEBUG: Generated 94001 out of 100000 batches with 4.268340349197388 seconds.
2022-05-21 21:27:42,802 | root |  DEBUG: Generated 95001 out of 100000 batches with 4.391148567199707 seconds.
2022-05-21 21:27:47,188 | root |  DEBUG: Generated 96001 out of 100000 batches with 4.3858606815338135 seconds.
2022-05-21 21:27:51,707 | root |  DEBUG: Generated 97001 out of 100000 batches with 4.518579006195068 seconds.
2022-05-21 21:27:56,142 | root |  DEBUG: Generated 98001 out of 100000 batches with 4.434421539306641 seconds.
2022-05-21 21:28:00,531 | root |  DEBUG: Generated 99001 out of 100000 batches with 4.389256000518799 seconds.
2022-05-21 21:28:04,600 | root |  DEBUG: Generated 100000 out of 100000 batches with 4.069067716598511 seconds.
2022-05-21 21:28:05,057 | root |  INFO: Patch 0: generation of p samples take 417.0271499156952 seconds.
2022-05-21 21:28:05,223 | root |  INFO: Patch  0: epoch    0 with loss 2.98E+00
2022-05-21 21:28:40,256 | root |  INFO: Patch  0: epoch  500 with loss 4.69E-03
2022-05-21 21:29:15,340 | root |  INFO: Patch  0: epoch 1000 with loss 1.58E-02
2022-05-21 21:29:50,416 | root |  INFO: Patch  0: epoch 1500 with loss 1.11E-03
2022-05-21 21:30:25,500 | root |  INFO: Patch  0: epoch 2000 with loss 1.02E-03
2022-05-21 21:31:01,660 | root |  INFO: Patch  0: epoch 2500 with loss 1.03E-03
2022-05-21 21:31:37,826 | root |  INFO: Patch  0: epoch 3000 with loss 1.02E-03
2022-05-21 21:32:14,023 | root |  INFO: Patch  0: epoch 3500 with loss 9.98E-04
2022-05-21 21:32:50,204 | root |  INFO: Patch  0: epoch 4000 with loss 9.76E-04
2022-05-21 21:33:26,390 | root |  INFO: Patch  0: epoch 4500 with loss 9.51E-04
2022-05-21 21:34:02,593 | root |  INFO: Patch  0: epoch 5000 with loss 9.21E-04
2022-05-21 21:34:38,765 | root |  INFO: Patch  0: epoch 5500 with loss 8.88E-04
2022-05-21 21:35:14,945 | root |  INFO: Patch  0: epoch 6000 with loss 8.52E-04
2022-05-21 21:35:51,093 | root |  INFO: Patch  0: epoch 6500 with loss 8.20E-04
2022-05-21 21:36:27,251 | root |  INFO: Patch  0: epoch 7000 with loss 7.84E-04
2022-05-21 21:37:04,715 | root |  INFO: Patch  0: epoch 7500 with loss 7.62E-04
2022-05-21 21:37:42,434 | root |  INFO: Patch  0: epoch 8000 with loss 7.51E-04
2022-05-21 21:38:21,280 | root |  INFO: Patch  0: epoch 8500 with loss 7.41E-04
2022-05-21 21:38:59,522 | root |  INFO: Patch  0: epoch 9000 with loss 7.83E-04
2022-05-21 21:39:36,301 | root |  INFO: Patch  0: epoch 9500 with loss 7.48E-04
2022-05-21 21:40:13,049 | root |  INFO: Patch  0: epoch 9999 with loss 7.63E-04
2022-05-21 21:40:13,062 | root |  INFO: Patch0: pre-training of p with 10000 epochs takes  728 seconds.
2022-05-21 21:55:57,712 | root |  INFO: Patch 0: generation of u samples take 944.6485443115234 seconds.
2022-05-21 21:55:57,749 | root |  INFO: Patch  0: epoch    0 with loss 7.31E-01
2022-05-21 21:56:13,549 | root |  INFO: Patch  0: epoch  500 with loss 2.12E-03
2022-05-21 21:56:29,331 | root |  INFO: Patch  0: epoch 1000 with loss 8.20E-04
2022-05-21 21:56:45,137 | root |  INFO: Patch  0: epoch 1500 with loss 3.41E-04
2022-05-21 21:57:00,951 | root |  INFO: Patch  0: epoch 2000 with loss 2.90E-04
2022-05-21 21:57:17,010 | root |  INFO: Patch  0: epoch 2500 with loss 2.87E-04
2022-05-21 21:57:33,092 | root |  INFO: Patch  0: epoch 3000 with loss 2.79E-04
2022-05-21 21:57:49,170 | root |  INFO: Patch  0: epoch 3500 with loss 2.69E-04
2022-05-21 21:58:05,294 | root |  INFO: Patch  0: epoch 4000 with loss 2.58E-04
2022-05-21 21:58:21,388 | root |  INFO: Patch  0: epoch 4500 with loss 2.44E-04
2022-05-21 21:58:37,482 | root |  INFO: Patch  0: epoch 5000 with loss 2.29E-04
2022-05-21 21:58:53,577 | root |  INFO: Patch  0: epoch 5500 with loss 2.14E-04
2022-05-21 21:59:09,666 | root |  INFO: Patch  0: epoch 6000 with loss 1.96E-04
2022-05-21 21:59:25,751 | root |  INFO: Patch  0: epoch 6500 with loss 1.79E-04
2022-05-21 21:59:41,832 | root |  INFO: Patch  0: epoch 7000 with loss 1.62E-04
2022-05-21 21:59:57,912 | root |  INFO: Patch  0: epoch 7500 with loss 1.48E-04
2022-05-21 22:00:14,031 | root |  INFO: Patch  0: epoch 8000 with loss 1.35E-04
2022-05-21 22:00:30,112 | root |  INFO: Patch  0: epoch 8500 with loss 1.23E-04
2022-05-21 22:00:46,184 | root |  INFO: Patch  0: epoch 9000 with loss 1.13E-04
2022-05-21 22:01:02,259 | root |  INFO: Patch  0: epoch 9500 with loss 1.06E-04
2022-05-21 22:01:18,293 | root |  INFO: Patch  0: epoch 9999 with loss 9.85E-05
2022-05-21 22:01:18,304 | root |  INFO: Patch 0: training of u with 10000 epochs take 320.5912215709686 seconds.
2022-05-21 22:01:18,359 | root |  INFO: The error as in Lejay is calculated as follows.
2022-05-21 22:01:18,361 | root |  INFO: $\hat{e}_0(t_k)$
2022-05-21 22:01:18,367 | root |  INFO: & 5.14E-04 & 2.84E-04 & 2.06E-04 & 1.83E-04 & 1.78E-04 & 1.94E-04 & 2.28E-04 & 2.51E-04 & 2.93E-04 & 3.53E-04 & --- \\
2022-05-21 22:01:18,368 | root |  INFO: $\hat{e}_1(t_k)$
2022-05-21 22:01:18,370 | root |  INFO: & 5.44E-04 & 2.21E-04 & 1.38E-04 & 1.49E-04 & 2.06E-04 & 2.22E-04 & 2.03E-04 & 1.38E-04 & 1.62E-04 & 3.62E-04 & --- \\
2022-05-21 22:01:18,371 | root |  INFO: $\hat{e}(t_k)$
2022-05-21 22:01:18,373 | root |  INFO: & 5.90E-04 & 3.27E-04 & 2.36E-04 & 3.14E-04 & 3.83E-04 & 3.91E-04 & 3.35E-04 & 2.64E-04 & 3.16E-04 & 6.88E-04 & --- \\
2022-05-21 22:01:18,374 | root |  INFO: \hline
2022-05-21 22:01:18,374 | root |  INFO: 
The relative L2 error of u (erru) is calculated as follows.
2022-05-21 22:01:18,376 | root |  INFO: erru($t_k$)
2022-05-21 22:01:18,378 | root |  INFO: & 2.17E-02 & 1.48E-02 & 1.14E-02 & 1.07E-02 & 1.10E-02 & 1.11E-02 & 1.05E-02 & 9.14E-03 & 8.62E-03 & 1.21E-02 & --- \\
2022-05-21 22:01:18,497 | root |  INFO: 
The relative L2 error of gradient of u (errgu) is calculated as follows.
2022-05-21 22:01:18,500 | root |  INFO: errgu($t_k$)
2022-05-21 22:01:18,541 | root |  INFO: & 5.54E-02 & 4.42E-02 & 3.71E-02 & 3.33E-02 & 3.15E-02 & 3.08E-02 & 3.02E-02 & 2.99E-02 & 3.06E-02 & 3.35E-02 & --- \\
2022-05-21 22:01:18,542 | root |  INFO: 
The absolute divergence of u (errdivu) is calculated as follows.
2022-05-21 22:01:18,543 | root |  INFO: errdivu($t_k$)
2022-05-21 22:01:18,545 | root |  INFO: & 3.27E-02 & 2.39E-02 & 1.94E-02 & 1.77E-02 & 1.70E-02 & 1.66E-02 & 1.64E-02 & 1.65E-02 & 1.77E-02 & 2.30E-02 & --- \\
2022-05-21 22:01:18,555 | root |  INFO: 
The relative L2 error of p (errp) is calculated as follows.
2022-05-21 22:01:18,557 | root |  INFO: errp($t_k$)
2022-05-21 22:01:18,558 | root |  INFO: & --- & --- & --- & --- & --- & --- & --- & --- & --- & --- & 1.84E-02 \\
2022-05-21 22:01:18,562 | matplotlib.pyplot |  DEBUG: Loaded backend module://matplotlib_inline.backend_inline version unknown.
2022-05-21 22:01:18,565 | matplotlib.pyplot |  DEBUG: Loaded backend module://matplotlib_inline.backend_inline version unknown.
2022-05-21 22:01:18,566 | matplotlib.font_manager |  DEBUG: findfont: Matching sans\-serif:style=normal:variant=normal:weight=normal:stretch=normal:size=10.0.
2022-05-21 22:01:18,566 | matplotlib.font_manager |  DEBUG: findfont: score(FontEntry(fname='/home/nguwijy/.local/lib/python3.8/site-packages/matplotlib/mpl-data/fonts/ttf/STIXGeneral.ttf', name='STIXGeneral', style='normal', variant='normal', weight=400, stretch='normal', size='scalable')) = 10.05
2022-05-21 22:01:18,566 | matplotlib.font_manager |  DEBUG: findfont: score(FontEntry(fname='/home/nguwijy/.local/lib/python3.8/site-packages/matplotlib/mpl-data/fonts/ttf/STIXSizFourSymReg.ttf', name='STIXSizeFourSym', style='normal', variant='normal', weight=400, stretch='normal', size='scalable')) = 10.05
2022-05-21 22:01:18,566 | matplotlib.font_manager |  DEBUG: findfont: score(FontEntry(fname='/home/nguwijy/.local/lib/python3.8/site-packages/matplotlib/mpl-data/fonts/ttf/DejaVuSerif-Italic.ttf', name='DejaVu Serif', style='italic', variant='normal', weight=400, stretch='normal', size='scalable')) = 11.05
2022-05-21 22:01:18,566 | matplotlib.font_manager |  DEBUG: findfont: score(FontEntry(fname='/home/nguwijy/.local/lib/python3.8/site-packages/matplotlib/mpl-data/fonts/ttf/cmr10.ttf', name='cmr10', style='normal', variant='normal', weight=400, stretch='normal', size='scalable')) = 10.05
2022-05-21 22:01:18,566 | matplotlib.font_manager |  DEBUG: findfont: score(FontEntry(fname='/home/nguwijy/.local/lib/python3.8/site-packages/matplotlib/mpl-data/fonts/ttf/DejaVuSansMono-Bold.ttf', name='DejaVu Sans Mono', style='normal', variant='normal', weight=700, stretch='normal', size='scalable')) = 10.335
2022-05-21 22:01:18,566 | matplotlib.font_manager |  DEBUG: findfont: score(FontEntry(fname='/home/nguwijy/.local/lib/python3.8/site-packages/matplotlib/mpl-data/fonts/ttf/DejaVuSansMono.ttf', name='DejaVu Sans Mono', style='normal', variant='normal', weight=400, stretch='normal', size='scalable')) = 10.05
2022-05-21 22:01:18,566 | matplotlib.font_manager |  DEBUG: findfont: score(FontEntry(fname='/home/nguwijy/.local/lib/python3.8/site-packages/matplotlib/mpl-data/fonts/ttf/DejaVuSansDisplay.ttf', name='DejaVu Sans Display', style='normal', variant='normal', weight=400, stretch='normal', size='scalable')) = 10.05
2022-05-21 22:01:18,566 | matplotlib.font_manager |  DEBUG: findfont: score(FontEntry(fname='/home/nguwijy/.local/lib/python3.8/site-packages/matplotlib/mpl-data/fonts/ttf/STIXNonUni.ttf', name='STIXNonUnicode', style='normal', variant='normal', weight=400, stretch='normal', size='scalable')) = 10.05
2022-05-21 22:01:18,567 | matplotlib.font_manager |  DEBUG: findfont: score(FontEntry(fname='/home/nguwijy/.local/lib/python3.8/site-packages/matplotlib/mpl-data/fonts/ttf/STIXGeneralBol.ttf', name='STIXGeneral', style='normal', variant='normal', weight=700, stretch='normal', size='scalable')) = 10.335
2022-05-21 22:01:18,567 | matplotlib.font_manager |  DEBUG: findfont: score(FontEntry(fname='/home/nguwijy/.local/lib/python3.8/site-packages/matplotlib/mpl-data/fonts/ttf/DejaVuSansMono-BoldOblique.ttf', name='DejaVu Sans Mono', style='oblique', variant='normal', weight=700, stretch='normal', size='scalable')) = 11.335
2022-05-21 22:01:18,567 | matplotlib.font_manager |  DEBUG: findfont: score(FontEntry(fname='/home/nguwijy/.local/lib/python3.8/site-packages/matplotlib/mpl-data/fonts/ttf/DejaVuSerif-BoldItalic.ttf', name='DejaVu Serif', style='italic', variant='normal', weight=700, stretch='normal', size='scalable')) = 11.335
2022-05-21 22:01:18,567 | matplotlib.font_manager |  DEBUG: findfont: score(FontEntry(fname='/home/nguwijy/.local/lib/python3.8/site-packages/matplotlib/mpl-data/fonts/ttf/cmmi10.ttf', name='cmmi10', style='normal', variant='normal', weight=400, stretch='normal', size='scalable')) = 10.05
2022-05-21 22:01:18,567 | matplotlib.font_manager |  DEBUG: findfont: score(FontEntry(fname='/home/nguwijy/.local/lib/python3.8/site-packages/matplotlib/mpl-data/fonts/ttf/STIXGeneralItalic.ttf', name='STIXGeneral', style='italic', variant='normal', weight=400, stretch='normal', size='scalable')) = 11.05
2022-05-21 22:01:18,567 | matplotlib.font_manager |  DEBUG: findfont: score(FontEntry(fname='/home/nguwijy/.local/lib/python3.8/site-packages/matplotlib/mpl-data/fonts/ttf/STIXSizThreeSymReg.ttf', name='STIXSizeThreeSym', style='normal', variant='normal', weight=400, stretch='normal', size='scalable')) = 10.05
2022-05-21 22:01:18,567 | matplotlib.font_manager |  DEBUG: findfont: score(FontEntry(fname='/home/nguwijy/.local/lib/python3.8/site-packages/matplotlib/mpl-data/fonts/ttf/cmss10.ttf', name='cmss10', style='normal', variant='normal', weight=400, stretch='normal', size='scalable')) = 10.05
2022-05-21 22:01:18,567 | matplotlib.font_manager |  DEBUG: findfont: score(FontEntry(fname='/home/nguwijy/.local/lib/python3.8/site-packages/matplotlib/mpl-data/fonts/ttf/cmb10.ttf', name='cmb10', style='normal', variant='normal', weight=400, stretch='normal', size='scalable')) = 10.05
2022-05-21 22:01:18,567 | matplotlib.font_manager |  DEBUG: findfont: score(FontEntry(fname='/home/nguwijy/.local/lib/python3.8/site-packages/matplotlib/mpl-data/fonts/ttf/DejaVuSans-Bold.ttf', name='DejaVu Sans', style='normal', variant='normal', weight=700, stretch='normal', size='scalable')) = 0.33499999999999996
2022-05-21 22:01:18,567 | matplotlib.font_manager |  DEBUG: findfont: score(FontEntry(fname='/home/nguwijy/.local/lib/python3.8/site-packages/matplotlib/mpl-data/fonts/ttf/DejaVuSans-BoldOblique.ttf', name='DejaVu Sans', style='oblique', variant='normal', weight=700, stretch='normal', size='scalable')) = 1.335
2022-05-21 22:01:18,567 | matplotlib.font_manager |  DEBUG: findfont: score(FontEntry(fname='/home/nguwijy/.local/lib/python3.8/site-packages/matplotlib/mpl-data/fonts/ttf/DejaVuSansMono-Oblique.ttf', name='DejaVu Sans Mono', style='oblique', variant='normal', weight=400, stretch='normal', size='scalable')) = 11.05
2022-05-21 22:01:18,567 | matplotlib.font_manager |  DEBUG: findfont: score(FontEntry(fname='/home/nguwijy/.local/lib/python3.8/site-packages/matplotlib/mpl-data/fonts/ttf/STIXSizFourSymBol.ttf', name='STIXSizeFourSym', style='normal', variant='normal', weight=700, stretch='normal', size='scalable')) = 10.335
2022-05-21 22:01:18,567 | matplotlib.font_manager |  DEBUG: findfont: score(FontEntry(fname='/home/nguwijy/.local/lib/python3.8/site-packages/matplotlib/mpl-data/fonts/ttf/STIXGeneralBolIta.ttf', name='STIXGeneral', style='italic', variant='normal', weight=700, stretch='normal', size='scalable')) = 11.335
2022-05-21 22:01:18,567 | matplotlib.font_manager |  DEBUG: findfont: score(FontEntry(fname='/home/nguwijy/.local/lib/python3.8/site-packages/matplotlib/mpl-data/fonts/ttf/STIXSizOneSymReg.ttf', name='STIXSizeOneSym', style='normal', variant='normal', weight=400, stretch='normal', size='scalable')) = 10.05
2022-05-21 22:01:18,567 | matplotlib.font_manager |  DEBUG: findfont: score(FontEntry(fname='/home/nguwijy/.local/lib/python3.8/site-packages/matplotlib/mpl-data/fonts/ttf/STIXNonUniBol.ttf', name='STIXNonUnicode', style='normal', variant='normal', weight=700, stretch='normal', size='scalable')) = 10.335
2022-05-21 22:01:18,567 | matplotlib.font_manager |  DEBUG: findfont: score(FontEntry(fname='/home/nguwijy/.local/lib/python3.8/site-packages/matplotlib/mpl-data/fonts/ttf/STIXNonUniIta.ttf', name='STIXNonUnicode', style='italic', variant='normal', weight=400, stretch='normal', size='scalable')) = 11.05
2022-05-21 22:01:18,567 | matplotlib.font_manager |  DEBUG: findfont: score(FontEntry(fname='/home/nguwijy/.local/lib/python3.8/site-packages/matplotlib/mpl-data/fonts/ttf/STIXSizTwoSymBol.ttf', name='STIXSizeTwoSym', style='normal', variant='normal', weight=700, stretch='normal', size='scalable')) = 10.335
2022-05-21 22:01:18,567 | matplotlib.font_manager |  DEBUG: findfont: score(FontEntry(fname='/home/nguwijy/.local/lib/python3.8/site-packages/matplotlib/mpl-data/fonts/ttf/STIXNonUniBolIta.ttf', name='STIXNonUnicode', style='italic', variant='normal', weight=700, stretch='normal', size='scalable')) = 11.335
2022-05-21 22:01:18,567 | matplotlib.font_manager |  DEBUG: findfont: score(FontEntry(fname='/home/nguwijy/.local/lib/python3.8/site-packages/matplotlib/mpl-data/fonts/ttf/DejaVuSans.ttf', name='DejaVu Sans', style='normal', variant='normal', weight=400, stretch='normal', size='scalable')) = 0.05
2022-05-21 22:01:18,567 | matplotlib.font_manager |  DEBUG: findfont: score(FontEntry(fname='/home/nguwijy/.local/lib/python3.8/site-packages/matplotlib/mpl-data/fonts/ttf/cmex10.ttf', name='cmex10', style='normal', variant='normal', weight=400, stretch='normal', size='scalable')) = 10.05
2022-05-21 22:01:18,567 | matplotlib.font_manager |  DEBUG: findfont: score(FontEntry(fname='/home/nguwijy/.local/lib/python3.8/site-packages/matplotlib/mpl-data/fonts/ttf/DejaVuSerif-Bold.ttf', name='DejaVu Serif', style='normal', variant='normal', weight=700, stretch='normal', size='scalable')) = 10.335
2022-05-21 22:01:18,567 | matplotlib.font_manager |  DEBUG: findfont: score(FontEntry(fname='/home/nguwijy/.local/lib/python3.8/site-packages/matplotlib/mpl-data/fonts/ttf/STIXSizThreeSymBol.ttf', name='STIXSizeThreeSym', style='normal', variant='normal', weight=700, stretch='normal', size='scalable')) = 10.335
2022-05-21 22:01:18,567 | matplotlib.font_manager |  DEBUG: findfont: score(FontEntry(fname='/home/nguwijy/.local/lib/python3.8/site-packages/matplotlib/mpl-data/fonts/ttf/cmsy10.ttf', name='cmsy10', style='normal', variant='normal', weight=400, stretch='normal', size='scalable')) = 10.05
2022-05-21 22:01:18,567 | matplotlib.font_manager |  DEBUG: findfont: score(FontEntry(fname='/home/nguwijy/.local/lib/python3.8/site-packages/matplotlib/mpl-data/fonts/ttf/STIXSizFiveSymReg.ttf', name='STIXSizeFiveSym', style='normal', variant='normal', weight=400, stretch='normal', size='scalable')) = 10.05
2022-05-21 22:01:18,567 | matplotlib.font_manager |  DEBUG: findfont: score(FontEntry(fname='/home/nguwijy/.local/lib/python3.8/site-packages/matplotlib/mpl-data/fonts/ttf/cmtt10.ttf', name='cmtt10', style='normal', variant='normal', weight=400, stretch='normal', size='scalable')) = 10.05
2022-05-21 22:01:18,567 | matplotlib.font_manager |  DEBUG: findfont: score(FontEntry(fname='/home/nguwijy/.local/lib/python3.8/site-packages/matplotlib/mpl-data/fonts/ttf/STIXSizOneSymBol.ttf', name='STIXSizeOneSym', style='normal', variant='normal', weight=700, stretch='normal', size='scalable')) = 10.335
2022-05-21 22:01:18,567 | matplotlib.font_manager |  DEBUG: findfont: score(FontEntry(fname='/home/nguwijy/.local/lib/python3.8/site-packages/matplotlib/mpl-data/fonts/ttf/DejaVuSerifDisplay.ttf', name='DejaVu Serif Display', style='normal', variant='normal', weight=400, stretch='normal', size='scalable')) = 10.05
2022-05-21 22:01:18,567 | matplotlib.font_manager |  DEBUG: findfont: score(FontEntry(fname='/home/nguwijy/.local/lib/python3.8/site-packages/matplotlib/mpl-data/fonts/ttf/STIXSizTwoSymReg.ttf', name='STIXSizeTwoSym', style='normal', variant='normal', weight=400, stretch='normal', size='scalable')) = 10.05
2022-05-21 22:01:18,567 | matplotlib.font_manager |  DEBUG: findfont: score(FontEntry(fname='/home/nguwijy/.local/lib/python3.8/site-packages/matplotlib/mpl-data/fonts/ttf/DejaVuSerif.ttf', name='DejaVu Serif', style='normal', variant='normal', weight=400, stretch='normal', size='scalable')) = 10.05
2022-05-21 22:01:18,567 | matplotlib.font_manager |  DEBUG: findfont: score(FontEntry(fname='/home/nguwijy/.local/lib/python3.8/site-packages/matplotlib/mpl-data/fonts/ttf/DejaVuSans-Oblique.ttf', name='DejaVu Sans', style='oblique', variant='normal', weight=400, stretch='normal', size='scalable')) = 1.05
2022-05-21 22:01:18,567 | matplotlib.font_manager |  DEBUG: findfont: score(FontEntry(fname='/usr/share/fonts/truetype/dejavu/DejaVuSans-Bold.ttf', name='DejaVu Sans', style='normal', variant='normal', weight=700, stretch='normal', size='scalable')) = 0.33499999999999996
2022-05-21 22:01:18,568 | matplotlib.font_manager |  DEBUG: findfont: score(FontEntry(fname='/usr/share/fonts/truetype/dejavu/DejaVuSerif-Bold.ttf', name='DejaVu Serif', style='normal', variant='normal', weight=700, stretch='normal', size='scalable')) = 10.335
2022-05-21 22:01:18,568 | matplotlib.font_manager |  DEBUG: findfont: score(FontEntry(fname='/usr/share/fonts/truetype/dejavu/DejaVuSans.ttf', name='DejaVu Sans', style='normal', variant='normal', weight=400, stretch='normal', size='scalable')) = 0.05
2022-05-21 22:01:18,568 | matplotlib.font_manager |  DEBUG: findfont: score(FontEntry(fname='/usr/share/fonts/truetype/dejavu/DejaVuSerif.ttf', name='DejaVu Serif', style='normal', variant='normal', weight=400, stretch='normal', size='scalable')) = 10.05
2022-05-21 22:01:18,568 | matplotlib.font_manager |  DEBUG: findfont: score(FontEntry(fname='/usr/share/fonts/truetype/dejavu/DejaVuSansMono-Bold.ttf', name='DejaVu Sans Mono', style='normal', variant='normal', weight=700, stretch='normal', size='scalable')) = 10.335
2022-05-21 22:01:18,568 | matplotlib.font_manager |  DEBUG: findfont: score(FontEntry(fname='/usr/share/fonts/truetype/dejavu/DejaVuSansMono.ttf', name='DejaVu Sans Mono', style='normal', variant='normal', weight=400, stretch='normal', size='scalable')) = 10.05
2022-05-21 22:01:18,568 | matplotlib.font_manager |  DEBUG: findfont: Matching sans\-serif:style=normal:variant=normal:weight=normal:stretch=normal:size=10.0 to DejaVu Sans ('/home/nguwijy/.local/lib/python3.8/site-packages/matplotlib/mpl-data/fonts/ttf/DejaVuSans.ttf') with score of 0.050000.
2022-05-21 22:01:18,591 | matplotlib.font_manager |  DEBUG: findfont: Matching sans\-serif:style=normal:variant=normal:weight=normal:stretch=normal:size=10.0.
2022-05-21 22:01:18,592 | matplotlib.font_manager |  DEBUG: findfont: score(FontEntry(fname='/home/nguwijy/.local/lib/python3.8/site-packages/matplotlib/mpl-data/fonts/ttf/STIXGeneral.ttf', name='STIXGeneral', style='normal', variant='normal', weight=400, stretch='normal', size='scalable')) = 10.05
2022-05-21 22:01:18,592 | matplotlib.font_manager |  DEBUG: findfont: score(FontEntry(fname='/home/nguwijy/.local/lib/python3.8/site-packages/matplotlib/mpl-data/fonts/ttf/STIXSizFourSymReg.ttf', name='STIXSizeFourSym', style='normal', variant='normal', weight=400, stretch='normal', size='scalable')) = 10.05
2022-05-21 22:01:18,592 | matplotlib.font_manager |  DEBUG: findfont: score(FontEntry(fname='/home/nguwijy/.local/lib/python3.8/site-packages/matplotlib/mpl-data/fonts/ttf/DejaVuSerif-Italic.ttf', name='DejaVu Serif', style='italic', variant='normal', weight=400, stretch='normal', size='scalable')) = 11.05
2022-05-21 22:01:18,592 | matplotlib.font_manager |  DEBUG: findfont: score(FontEntry(fname='/home/nguwijy/.local/lib/python3.8/site-packages/matplotlib/mpl-data/fonts/ttf/cmr10.ttf', name='cmr10', style='normal', variant='normal', weight=400, stretch='normal', size='scalable')) = 10.05
2022-05-21 22:01:18,592 | matplotlib.font_manager |  DEBUG: findfont: score(FontEntry(fname='/home/nguwijy/.local/lib/python3.8/site-packages/matplotlib/mpl-data/fonts/ttf/DejaVuSansMono-Bold.ttf', name='DejaVu Sans Mono', style='normal', variant='normal', weight=700, stretch='normal', size='scalable')) = 10.335
2022-05-21 22:01:18,592 | matplotlib.font_manager |  DEBUG: findfont: score(FontEntry(fname='/home/nguwijy/.local/lib/python3.8/site-packages/matplotlib/mpl-data/fonts/ttf/DejaVuSansMono.ttf', name='DejaVu Sans Mono', style='normal', variant='normal', weight=400, stretch='normal', size='scalable')) = 10.05
2022-05-21 22:01:18,592 | matplotlib.font_manager |  DEBUG: findfont: score(FontEntry(fname='/home/nguwijy/.local/lib/python3.8/site-packages/matplotlib/mpl-data/fonts/ttf/DejaVuSansDisplay.ttf', name='DejaVu Sans Display', style='normal', variant='normal', weight=400, stretch='normal', size='scalable')) = 10.05
2022-05-21 22:01:18,592 | matplotlib.font_manager |  DEBUG: findfont: score(FontEntry(fname='/home/nguwijy/.local/lib/python3.8/site-packages/matplotlib/mpl-data/fonts/ttf/STIXNonUni.ttf', name='STIXNonUnicode', style='normal', variant='normal', weight=400, stretch='normal', size='scalable')) = 10.05
2022-05-21 22:01:18,592 | matplotlib.font_manager |  DEBUG: findfont: score(FontEntry(fname='/home/nguwijy/.local/lib/python3.8/site-packages/matplotlib/mpl-data/fonts/ttf/STIXGeneralBol.ttf', name='STIXGeneral', style='normal', variant='normal', weight=700, stretch='normal', size='scalable')) = 10.335
2022-05-21 22:01:18,592 | matplotlib.font_manager |  DEBUG: findfont: score(FontEntry(fname='/home/nguwijy/.local/lib/python3.8/site-packages/matplotlib/mpl-data/fonts/ttf/DejaVuSansMono-BoldOblique.ttf', name='DejaVu Sans Mono', style='oblique', variant='normal', weight=700, stretch='normal', size='scalable')) = 11.335
2022-05-21 22:01:18,592 | matplotlib.font_manager |  DEBUG: findfont: score(FontEntry(fname='/home/nguwijy/.local/lib/python3.8/site-packages/matplotlib/mpl-data/fonts/ttf/DejaVuSerif-BoldItalic.ttf', name='DejaVu Serif', style='italic', variant='normal', weight=700, stretch='normal', size='scalable')) = 11.335
2022-05-21 22:01:18,592 | matplotlib.font_manager |  DEBUG: findfont: score(FontEntry(fname='/home/nguwijy/.local/lib/python3.8/site-packages/matplotlib/mpl-data/fonts/ttf/cmmi10.ttf', name='cmmi10', style='normal', variant='normal', weight=400, stretch='normal', size='scalable')) = 10.05
2022-05-21 22:01:18,592 | matplotlib.font_manager |  DEBUG: findfont: score(FontEntry(fname='/home/nguwijy/.local/lib/python3.8/site-packages/matplotlib/mpl-data/fonts/ttf/STIXGeneralItalic.ttf', name='STIXGeneral', style='italic', variant='normal', weight=400, stretch='normal', size='scalable')) = 11.05
2022-05-21 22:01:18,592 | matplotlib.font_manager |  DEBUG: findfont: score(FontEntry(fname='/home/nguwijy/.local/lib/python3.8/site-packages/matplotlib/mpl-data/fonts/ttf/STIXSizThreeSymReg.ttf', name='STIXSizeThreeSym', style='normal', variant='normal', weight=400, stretch='normal', size='scalable')) = 10.05
2022-05-21 22:01:18,592 | matplotlib.font_manager |  DEBUG: findfont: score(FontEntry(fname='/home/nguwijy/.local/lib/python3.8/site-packages/matplotlib/mpl-data/fonts/ttf/cmss10.ttf', name='cmss10', style='normal', variant='normal', weight=400, stretch='normal', size='scalable')) = 10.05
2022-05-21 22:01:18,592 | matplotlib.font_manager |  DEBUG: findfont: score(FontEntry(fname='/home/nguwijy/.local/lib/python3.8/site-packages/matplotlib/mpl-data/fonts/ttf/cmb10.ttf', name='cmb10', style='normal', variant='normal', weight=400, stretch='normal', size='scalable')) = 10.05
2022-05-21 22:01:18,592 | matplotlib.font_manager |  DEBUG: findfont: score(FontEntry(fname='/home/nguwijy/.local/lib/python3.8/site-packages/matplotlib/mpl-data/fonts/ttf/DejaVuSans-Bold.ttf', name='DejaVu Sans', style='normal', variant='normal', weight=700, stretch='normal', size='scalable')) = 0.33499999999999996
2022-05-21 22:01:18,592 | matplotlib.font_manager |  DEBUG: findfont: score(FontEntry(fname='/home/nguwijy/.local/lib/python3.8/site-packages/matplotlib/mpl-data/fonts/ttf/DejaVuSans-BoldOblique.ttf', name='DejaVu Sans', style='oblique', variant='normal', weight=700, stretch='normal', size='scalable')) = 1.335
2022-05-21 22:01:18,592 | matplotlib.font_manager |  DEBUG: findfont: score(FontEntry(fname='/home/nguwijy/.local/lib/python3.8/site-packages/matplotlib/mpl-data/fonts/ttf/DejaVuSansMono-Oblique.ttf', name='DejaVu Sans Mono', style='oblique', variant='normal', weight=400, stretch='normal', size='scalable')) = 11.05
2022-05-21 22:01:18,592 | matplotlib.font_manager |  DEBUG: findfont: score(FontEntry(fname='/home/nguwijy/.local/lib/python3.8/site-packages/matplotlib/mpl-data/fonts/ttf/STIXSizFourSymBol.ttf', name='STIXSizeFourSym', style='normal', variant='normal', weight=700, stretch='normal', size='scalable')) = 10.335
2022-05-21 22:01:18,592 | matplotlib.font_manager |  DEBUG: findfont: score(FontEntry(fname='/home/nguwijy/.local/lib/python3.8/site-packages/matplotlib/mpl-data/fonts/ttf/STIXGeneralBolIta.ttf', name='STIXGeneral', style='italic', variant='normal', weight=700, stretch='normal', size='scalable')) = 11.335
2022-05-21 22:01:18,592 | matplotlib.font_manager |  DEBUG: findfont: score(FontEntry(fname='/home/nguwijy/.local/lib/python3.8/site-packages/matplotlib/mpl-data/fonts/ttf/STIXSizOneSymReg.ttf', name='STIXSizeOneSym', style='normal', variant='normal', weight=400, stretch='normal', size='scalable')) = 10.05
2022-05-21 22:01:18,592 | matplotlib.font_manager |  DEBUG: findfont: score(FontEntry(fname='/home/nguwijy/.local/lib/python3.8/site-packages/matplotlib/mpl-data/fonts/ttf/STIXNonUniBol.ttf', name='STIXNonUnicode', style='normal', variant='normal', weight=700, stretch='normal', size='scalable')) = 10.335
2022-05-21 22:01:18,593 | matplotlib.font_manager |  DEBUG: findfont: score(FontEntry(fname='/home/nguwijy/.local/lib/python3.8/site-packages/matplotlib/mpl-data/fonts/ttf/STIXNonUniIta.ttf', name='STIXNonUnicode', style='italic', variant='normal', weight=400, stretch='normal', size='scalable')) = 11.05
2022-05-21 22:01:18,593 | matplotlib.font_manager |  DEBUG: findfont: score(FontEntry(fname='/home/nguwijy/.local/lib/python3.8/site-packages/matplotlib/mpl-data/fonts/ttf/STIXSizTwoSymBol.ttf', name='STIXSizeTwoSym', style='normal', variant='normal', weight=700, stretch='normal', size='scalable')) = 10.335
2022-05-21 22:01:18,593 | matplotlib.font_manager |  DEBUG: findfont: score(FontEntry(fname='/home/nguwijy/.local/lib/python3.8/site-packages/matplotlib/mpl-data/fonts/ttf/STIXNonUniBolIta.ttf', name='STIXNonUnicode', style='italic', variant='normal', weight=700, stretch='normal', size='scalable')) = 11.335
2022-05-21 22:01:18,593 | matplotlib.font_manager |  DEBUG: findfont: score(FontEntry(fname='/home/nguwijy/.local/lib/python3.8/site-packages/matplotlib/mpl-data/fonts/ttf/DejaVuSans.ttf', name='DejaVu Sans', style='normal', variant='normal', weight=400, stretch='normal', size='scalable')) = 0.05
2022-05-21 22:01:18,593 | matplotlib.font_manager |  DEBUG: findfont: score(FontEntry(fname='/home/nguwijy/.local/lib/python3.8/site-packages/matplotlib/mpl-data/fonts/ttf/cmex10.ttf', name='cmex10', style='normal', variant='normal', weight=400, stretch='normal', size='scalable')) = 10.05
2022-05-21 22:01:18,593 | matplotlib.font_manager |  DEBUG: findfont: score(FontEntry(fname='/home/nguwijy/.local/lib/python3.8/site-packages/matplotlib/mpl-data/fonts/ttf/DejaVuSerif-Bold.ttf', name='DejaVu Serif', style='normal', variant='normal', weight=700, stretch='normal', size='scalable')) = 10.335
2022-05-21 22:01:18,593 | matplotlib.font_manager |  DEBUG: findfont: score(FontEntry(fname='/home/nguwijy/.local/lib/python3.8/site-packages/matplotlib/mpl-data/fonts/ttf/STIXSizThreeSymBol.ttf', name='STIXSizeThreeSym', style='normal', variant='normal', weight=700, stretch='normal', size='scalable')) = 10.335
2022-05-21 22:01:18,593 | matplotlib.font_manager |  DEBUG: findfont: score(FontEntry(fname='/home/nguwijy/.local/lib/python3.8/site-packages/matplotlib/mpl-data/fonts/ttf/cmsy10.ttf', name='cmsy10', style='normal', variant='normal', weight=400, stretch='normal', size='scalable')) = 10.05
2022-05-21 22:01:18,593 | matplotlib.font_manager |  DEBUG: findfont: score(FontEntry(fname='/home/nguwijy/.local/lib/python3.8/site-packages/matplotlib/mpl-data/fonts/ttf/STIXSizFiveSymReg.ttf', name='STIXSizeFiveSym', style='normal', variant='normal', weight=400, stretch='normal', size='scalable')) = 10.05
2022-05-21 22:01:18,593 | matplotlib.font_manager |  DEBUG: findfont: score(FontEntry(fname='/home/nguwijy/.local/lib/python3.8/site-packages/matplotlib/mpl-data/fonts/ttf/cmtt10.ttf', name='cmtt10', style='normal', variant='normal', weight=400, stretch='normal', size='scalable')) = 10.05
2022-05-21 22:01:18,593 | matplotlib.font_manager |  DEBUG: findfont: score(FontEntry(fname='/home/nguwijy/.local/lib/python3.8/site-packages/matplotlib/mpl-data/fonts/ttf/STIXSizOneSymBol.ttf', name='STIXSizeOneSym', style='normal', variant='normal', weight=700, stretch='normal', size='scalable')) = 10.335
2022-05-21 22:01:18,593 | matplotlib.font_manager |  DEBUG: findfont: score(FontEntry(fname='/home/nguwijy/.local/lib/python3.8/site-packages/matplotlib/mpl-data/fonts/ttf/DejaVuSerifDisplay.ttf', name='DejaVu Serif Display', style='normal', variant='normal', weight=400, stretch='normal', size='scalable')) = 10.05
2022-05-21 22:01:18,593 | matplotlib.font_manager |  DEBUG: findfont: score(FontEntry(fname='/home/nguwijy/.local/lib/python3.8/site-packages/matplotlib/mpl-data/fonts/ttf/STIXSizTwoSymReg.ttf', name='STIXSizeTwoSym', style='normal', variant='normal', weight=400, stretch='normal', size='scalable')) = 10.05
2022-05-21 22:01:18,593 | matplotlib.font_manager |  DEBUG: findfont: score(FontEntry(fname='/home/nguwijy/.local/lib/python3.8/site-packages/matplotlib/mpl-data/fonts/ttf/DejaVuSerif.ttf', name='DejaVu Serif', style='normal', variant='normal', weight=400, stretch='normal', size='scalable')) = 10.05
2022-05-21 22:01:18,593 | matplotlib.font_manager |  DEBUG: findfont: score(FontEntry(fname='/home/nguwijy/.local/lib/python3.8/site-packages/matplotlib/mpl-data/fonts/ttf/DejaVuSans-Oblique.ttf', name='DejaVu Sans', style='oblique', variant='normal', weight=400, stretch='normal', size='scalable')) = 1.05
2022-05-21 22:01:18,593 | matplotlib.font_manager |  DEBUG: findfont: score(FontEntry(fname='/usr/share/fonts/truetype/dejavu/DejaVuSans-Bold.ttf', name='DejaVu Sans', style='normal', variant='normal', weight=700, stretch='normal', size='scalable')) = 0.33499999999999996
2022-05-21 22:01:18,593 | matplotlib.font_manager |  DEBUG: findfont: score(FontEntry(fname='/usr/share/fonts/truetype/dejavu/DejaVuSerif-Bold.ttf', name='DejaVu Serif', style='normal', variant='normal', weight=700, stretch='normal', size='scalable')) = 10.335
2022-05-21 22:01:18,593 | matplotlib.font_manager |  DEBUG: findfont: score(FontEntry(fname='/usr/share/fonts/truetype/dejavu/DejaVuSans.ttf', name='DejaVu Sans', style='normal', variant='normal', weight=400, stretch='normal', size='scalable')) = 0.05
2022-05-21 22:01:18,593 | matplotlib.font_manager |  DEBUG: findfont: score(FontEntry(fname='/usr/share/fonts/truetype/dejavu/DejaVuSerif.ttf', name='DejaVu Serif', style='normal', variant='normal', weight=400, stretch='normal', size='scalable')) = 10.05
2022-05-21 22:01:18,593 | matplotlib.font_manager |  DEBUG: findfont: score(FontEntry(fname='/usr/share/fonts/truetype/dejavu/DejaVuSansMono-Bold.ttf', name='DejaVu Sans Mono', style='normal', variant='normal', weight=700, stretch='normal', size='scalable')) = 10.335
2022-05-21 22:01:18,593 | matplotlib.font_manager |  DEBUG: findfont: score(FontEntry(fname='/usr/share/fonts/truetype/dejavu/DejaVuSansMono.ttf', name='DejaVu Sans Mono', style='normal', variant='normal', weight=400, stretch='normal', size='scalable')) = 10.05
2022-05-21 22:01:18,593 | matplotlib.font_manager |  DEBUG: findfont: Matching sans\-serif:style=normal:variant=normal:weight=normal:stretch=normal:size=10.0 to DejaVu Sans ('/home/nguwijy/.local/lib/python3.8/site-packages/matplotlib/mpl-data/fonts/ttf/DejaVuSans.ttf') with score of 0.050000.
