2022-05-25 09:17:49,223 | root |  DEBUG: Current configuration: {'training': True, '_parameters': OrderedDict(), '_buffers': OrderedDict(), '_non_persistent_buffers_set': set(), '_backward_hooks': OrderedDict(), '_is_full_backward_hook': None, '_forward_hooks': OrderedDict(), '_forward_pre_hooks': OrderedDict(), '_state_dict_hooks': OrderedDict(), '_load_state_dict_pre_hooks': OrderedDict(), '_modules': OrderedDict([('u_layer', ModuleList(
  (0): ModuleList(
    (0): Linear(in_features=2, out_features=50, bias=True)
    (1): Linear(in_features=50, out_features=50, bias=True)
    (2): Linear(in_features=50, out_features=50, bias=True)
    (3): Linear(in_features=50, out_features=50, bias=True)
    (4): Linear(in_features=50, out_features=50, bias=True)
    (5): Linear(in_features=50, out_features=50, bias=True)
    (6): Linear(in_features=50, out_features=50, bias=True)
    (7): Linear(in_features=50, out_features=1, bias=True)
  )
  (1): ModuleList(
    (0): Linear(in_features=2, out_features=50, bias=True)
    (1): Linear(in_features=50, out_features=50, bias=True)
    (2): Linear(in_features=50, out_features=50, bias=True)
    (3): Linear(in_features=50, out_features=50, bias=True)
    (4): Linear(in_features=50, out_features=50, bias=True)
    (5): Linear(in_features=50, out_features=50, bias=True)
    (6): Linear(in_features=50, out_features=50, bias=True)
    (7): Linear(in_features=50, out_features=1, bias=True)
  )
)), ('u_bn_layer', ModuleList(
  (0): ModuleList(
    (0): BatchNorm1d(2, eps=0.5, momentum=0.1, affine=False, track_running_stats=True)
    (1): BatchNorm1d(50, eps=1e-05, momentum=0.1, affine=True, track_running_stats=True)
    (2): BatchNorm1d(50, eps=1e-05, momentum=0.1, affine=True, track_running_stats=True)
    (3): BatchNorm1d(50, eps=1e-05, momentum=0.1, affine=True, track_running_stats=True)
    (4): BatchNorm1d(50, eps=1e-05, momentum=0.1, affine=True, track_running_stats=True)
    (5): BatchNorm1d(50, eps=1e-05, momentum=0.1, affine=True, track_running_stats=True)
    (6): BatchNorm1d(50, eps=1e-05, momentum=0.1, affine=True, track_running_stats=True)
    (7): BatchNorm1d(50, eps=1e-05, momentum=0.1, affine=True, track_running_stats=True)
  )
  (1): ModuleList(
    (0): BatchNorm1d(2, eps=0.5, momentum=0.1, affine=False, track_running_stats=True)
    (1): BatchNorm1d(50, eps=1e-05, momentum=0.1, affine=True, track_running_stats=True)
    (2): BatchNorm1d(50, eps=1e-05, momentum=0.1, affine=True, track_running_stats=True)
    (3): BatchNorm1d(50, eps=1e-05, momentum=0.1, affine=True, track_running_stats=True)
    (4): BatchNorm1d(50, eps=1e-05, momentum=0.1, affine=True, track_running_stats=True)
    (5): BatchNorm1d(50, eps=1e-05, momentum=0.1, affine=True, track_running_stats=True)
    (6): BatchNorm1d(50, eps=1e-05, momentum=0.1, affine=True, track_running_stats=True)
    (7): BatchNorm1d(50, eps=1e-05, momentum=0.1, affine=True, track_running_stats=True)
  )
)), ('p_layer', ModuleList(
  (0): ModuleList(
    (0): Linear(in_features=1, out_features=50, bias=True)
    (1): Linear(in_features=50, out_features=50, bias=True)
    (2): Linear(in_features=50, out_features=50, bias=True)
    (3): Linear(in_features=50, out_features=50, bias=True)
    (4): Linear(in_features=50, out_features=50, bias=True)
    (5): Linear(in_features=50, out_features=50, bias=True)
    (6): Linear(in_features=50, out_features=50, bias=True)
    (7): Linear(in_features=50, out_features=1, bias=True)
  )
  (1): ModuleList(
    (0): Linear(in_features=1, out_features=50, bias=True)
    (1): Linear(in_features=50, out_features=50, bias=True)
    (2): Linear(in_features=50, out_features=50, bias=True)
    (3): Linear(in_features=50, out_features=50, bias=True)
    (4): Linear(in_features=50, out_features=50, bias=True)
    (5): Linear(in_features=50, out_features=50, bias=True)
    (6): Linear(in_features=50, out_features=50, bias=True)
    (7): Linear(in_features=50, out_features=1, bias=True)
  )
)), ('p_bn_layer', ModuleList(
  (0): ModuleList(
    (0): BatchNorm1d(1, eps=0.5, momentum=0.1, affine=False, track_running_stats=True)
    (1): BatchNorm1d(50, eps=1e-05, momentum=0.1, affine=True, track_running_stats=True)
    (2): BatchNorm1d(50, eps=1e-05, momentum=0.1, affine=True, track_running_stats=True)
    (3): BatchNorm1d(50, eps=1e-05, momentum=0.1, affine=True, track_running_stats=True)
    (4): BatchNorm1d(50, eps=1e-05, momentum=0.1, affine=True, track_running_stats=True)
    (5): BatchNorm1d(50, eps=1e-05, momentum=0.1, affine=True, track_running_stats=True)
    (6): BatchNorm1d(50, eps=1e-05, momentum=0.1, affine=True, track_running_stats=True)
    (7): BatchNorm1d(50, eps=1e-05, momentum=0.1, affine=True, track_running_stats=True)
  )
  (1): ModuleList(
    (0): BatchNorm1d(1, eps=0.5, momentum=0.1, affine=False, track_running_stats=True)
    (1): BatchNorm1d(50, eps=1e-05, momentum=0.1, affine=True, track_running_stats=True)
    (2): BatchNorm1d(50, eps=1e-05, momentum=0.1, affine=True, track_running_stats=True)
    (3): BatchNorm1d(50, eps=1e-05, momentum=0.1, affine=True, track_running_stats=True)
    (4): BatchNorm1d(50, eps=1e-05, momentum=0.1, affine=True, track_running_stats=True)
    (5): BatchNorm1d(50, eps=1e-05, momentum=0.1, affine=True, track_running_stats=True)
    (6): BatchNorm1d(50, eps=1e-05, momentum=0.1, affine=True, track_running_stats=True)
    (7): BatchNorm1d(50, eps=1e-05, momentum=0.1, affine=True, track_running_stats=True)
  )
)), ('loss', MSELoss()), ('activation', Softplus(beta=1, threshold=20))]), 'problem_name': 'kuramoto_equation_1', 'f_fun': <function f_example at 0x7f28ad2689d0>, 'phi_fun': <function phi_example at 0x7f28ad268670>, 'phi0': 0, 'conditional_probability_to_survive': functools.partial(<function conditional_probability_to_survive at 0x7f28fca340d0>, lower_bound=-10, upper_bound=10), 'is_x_inside': functools.partial(<function is_x_inside at 0x7f28fca34160>, lower_bound=-10, upper_bound=10), 'deriv_map': array([[0],
       [1],
       [3],
       [4]]), 'n': 4, 'dim_in': 1, 'zeta_map': array([0, 0, 0, 0]), 'deriv_condition_deriv_map': None, 'deriv_condition_zeta_map': None, 'dim_out': 1, 'nprime': 0, 'exact_p_fun': None, 'train_for_p': False, 'patches': 2, 'code': array([[-1]]), 'coordinate': array([0]), 'fdb_lookup': {(0,): [fdb(coeff=1, lamb=(0, 0, 0, 0), l_and_k={})], (1,): [fdb(coeff=1, lamb=(0, 0, 0, 1), l_and_k={(1,): [0, 0, 0, 1]}), fdb(coeff=1, lamb=(0, 0, 1, 0), l_and_k={(1,): [0, 0, 1, 0]}), fdb(coeff=1, lamb=(0, 1, 0, 0), l_and_k={(1,): [0, 1, 0, 0]}), fdb(coeff=1, lamb=(1, 0, 0, 0), l_and_k={(1,): [1, 0, 0, 0]})], (3,): [fdb(coeff=1, lamb=(0, 0, 0, 1), l_and_k={(3,): [0, 0, 0, 1]}), fdb(coeff=3, lamb=(0, 0, 0, 2), l_and_k={(1,): [0, 0, 0, 1], (2,): [0, 0, 0, 1]}), fdb(coeff=1, lamb=(0, 0, 0, 3), l_and_k={(1,): [0, 0, 0, 3]}), fdb(coeff=1, lamb=(0, 0, 1, 0), l_and_k={(3,): [0, 0, 1, 0]}), fdb(coeff=3, lamb=(0, 0, 2, 0), l_and_k={(1,): [0, 0, 1, 0], (2,): [0, 0, 1, 0]}), fdb(coeff=1, lamb=(0, 0, 3, 0), l_and_k={(1,): [0, 0, 3, 0]}), fdb(coeff=1, lamb=(0, 1, 0, 0), l_and_k={(3,): [0, 1, 0, 0]}), fdb(coeff=3, lamb=(0, 2, 0, 0), l_and_k={(1,): [0, 1, 0, 0], (2,): [0, 1, 0, 0]}), fdb(coeff=1, lamb=(0, 3, 0, 0), l_and_k={(1,): [0, 3, 0, 0]}), fdb(coeff=1, lamb=(1, 0, 0, 0), l_and_k={(3,): [1, 0, 0, 0]}), fdb(coeff=3, lamb=(2, 0, 0, 0), l_and_k={(1,): [1, 0, 0, 0], (2,): [1, 0, 0, 0]}), fdb(coeff=1, lamb=(3, 0, 0, 0), l_and_k={(1,): [3, 0, 0, 0]}), fdb(coeff=3, lamb=(0, 0, 1, 1), l_and_k={(1,): [0, 0, 1, 0], (2,): [0, 0, 0, 1]}), fdb(coeff=3, lamb=(0, 0, 1, 2), l_and_k={(1,): [0, 0, 1, 2]}), fdb(coeff=3, lamb=(0, 0, 1, 1), l_and_k={(2,): [0, 0, 1, 0], (1,): [0, 0, 0, 1]}), fdb(coeff=3, lamb=(0, 0, 2, 1), l_and_k={(1,): [0, 0, 2, 1]}), fdb(coeff=3, lamb=(0, 1, 0, 1), l_and_k={(1,): [0, 1, 0, 0], (2,): [0, 0, 0, 1]}), fdb(coeff=3, lamb=(0, 1, 0, 2), l_and_k={(1,): [0, 1, 0, 2]}), fdb(coeff=3, lamb=(0, 1, 1, 0), l_and_k={(1,): [0, 1, 0, 0], (2,): [0, 0, 1, 0]}), fdb(coeff=3, lamb=(0, 1, 2, 0), l_and_k={(1,): [0, 1, 2, 0]}), fdb(coeff=3, lamb=(0, 1, 0, 1), l_and_k={(2,): [0, 1, 0, 0], (1,): [0, 0, 0, 1]}), fdb(coeff=3, lamb=(0, 2, 0, 1), l_and_k={(1,): [0, 2, 0, 1]}), fdb(coeff=3, lamb=(0, 1, 1, 0), l_and_k={(2,): [0, 1, 0, 0], (1,): [0, 0, 1, 0]}), fdb(coeff=3, lamb=(0, 2, 1, 0), l_and_k={(1,): [0, 2, 1, 0]}), fdb(coeff=3, lamb=(1, 0, 0, 1), l_and_k={(1,): [1, 0, 0, 0], (2,): [0, 0, 0, 1]}), fdb(coeff=3, lamb=(1, 0, 0, 2), l_and_k={(1,): [1, 0, 0, 2]}), fdb(coeff=3, lamb=(1, 0, 1, 0), l_and_k={(1,): [1, 0, 0, 0], (2,): [0, 0, 1, 0]}), fdb(coeff=3, lamb=(1, 0, 2, 0), l_and_k={(1,): [1, 0, 2, 0]}), fdb(coeff=3, lamb=(1, 1, 0, 0), l_and_k={(1,): [1, 0, 0, 0], (2,): [0, 1, 0, 0]}), fdb(coeff=3, lamb=(1, 2, 0, 0), l_and_k={(1,): [1, 2, 0, 0]}), fdb(coeff=3, lamb=(1, 0, 0, 1), l_and_k={(2,): [1, 0, 0, 0], (1,): [0, 0, 0, 1]}), fdb(coeff=3, lamb=(2, 0, 0, 1), l_and_k={(1,): [2, 0, 0, 1]}), fdb(coeff=3, lamb=(1, 0, 1, 0), l_and_k={(2,): [1, 0, 0, 0], (1,): [0, 0, 1, 0]}), fdb(coeff=3, lamb=(2, 0, 1, 0), l_and_k={(1,): [2, 0, 1, 0]}), fdb(coeff=3, lamb=(1, 1, 0, 0), l_and_k={(2,): [1, 0, 0, 0], (1,): [0, 1, 0, 0]}), fdb(coeff=3, lamb=(2, 1, 0, 0), l_and_k={(1,): [2, 1, 0, 0]}), fdb(coeff=6, lamb=(0, 1, 1, 1), l_and_k={(1,): [0, 1, 1, 1]}), fdb(coeff=6, lamb=(1, 0, 1, 1), l_and_k={(1,): [1, 0, 1, 1]}), fdb(coeff=6, lamb=(1, 1, 0, 1), l_and_k={(1,): [1, 1, 0, 1]}), fdb(coeff=6, lamb=(1, 1, 1, 0), l_and_k={(1,): [1, 1, 1, 0]})], (4,): [fdb(coeff=1, lamb=(0, 0, 0, 1), l_and_k={(4,): [0, 0, 0, 1]}), fdb(coeff=4, lamb=(0, 0, 0, 2), l_and_k={(1,): [0, 0, 0, 1], (3,): [0, 0, 0, 1]}), fdb(coeff=3, lamb=(0, 0, 0, 2), l_and_k={(2,): [0, 0, 0, 2]}), fdb(coeff=6, lamb=(0, 0, 0, 3), l_and_k={(1,): [0, 0, 0, 2], (2,): [0, 0, 0, 1]}), fdb(coeff=1, lamb=(0, 0, 0, 4), l_and_k={(1,): [0, 0, 0, 4]}), fdb(coeff=1, lamb=(0, 0, 1, 0), l_and_k={(4,): [0, 0, 1, 0]}), fdb(coeff=4, lamb=(0, 0, 2, 0), l_and_k={(1,): [0, 0, 1, 0], (3,): [0, 0, 1, 0]}), fdb(coeff=3, lamb=(0, 0, 2, 0), l_and_k={(2,): [0, 0, 2, 0]}), fdb(coeff=6, lamb=(0, 0, 3, 0), l_and_k={(1,): [0, 0, 2, 0], (2,): [0, 0, 1, 0]}), fdb(coeff=1, lamb=(0, 0, 4, 0), l_and_k={(1,): [0, 0, 4, 0]}), fdb(coeff=1, lamb=(0, 1, 0, 0), l_and_k={(4,): [0, 1, 0, 0]}), fdb(coeff=4, lamb=(0, 2, 0, 0), l_and_k={(1,): [0, 1, 0, 0], (3,): [0, 1, 0, 0]}), fdb(coeff=3, lamb=(0, 2, 0, 0), l_and_k={(2,): [0, 2, 0, 0]}), fdb(coeff=6, lamb=(0, 3, 0, 0), l_and_k={(1,): [0, 2, 0, 0], (2,): [0, 1, 0, 0]}), fdb(coeff=1, lamb=(0, 4, 0, 0), l_and_k={(1,): [0, 4, 0, 0]}), fdb(coeff=1, lamb=(1, 0, 0, 0), l_and_k={(4,): [1, 0, 0, 0]}), fdb(coeff=4, lamb=(2, 0, 0, 0), l_and_k={(1,): [1, 0, 0, 0], (3,): [1, 0, 0, 0]}), fdb(coeff=3, lamb=(2, 0, 0, 0), l_and_k={(2,): [2, 0, 0, 0]}), fdb(coeff=6, lamb=(3, 0, 0, 0), l_and_k={(1,): [2, 0, 0, 0], (2,): [1, 0, 0, 0]}), fdb(coeff=1, lamb=(4, 0, 0, 0), l_and_k={(1,): [4, 0, 0, 0]}), fdb(coeff=4, lamb=(0, 0, 1, 1), l_and_k={(1,): [0, 0, 1, 0], (3,): [0, 0, 0, 1]}), fdb(coeff=12, lamb=(0, 0, 1, 2), l_and_k={(1,): [0, 0, 1, 1], (2,): [0, 0, 0, 1]}), fdb(coeff=4, lamb=(0, 0, 1, 3), l_and_k={(1,): [0, 0, 1, 3]}), fdb(coeff=4, lamb=(0, 0, 1, 1), l_and_k={(3,): [0, 0, 1, 0], (1,): [0, 0, 0, 1]}), fdb(coeff=12, lamb=(0, 0, 2, 1), l_and_k={(1,): [0, 0, 1, 1], (2,): [0, 0, 1, 0]}), fdb(coeff=4, lamb=(0, 0, 3, 1), l_and_k={(1,): [0, 0, 3, 1]}), fdb(coeff=4, lamb=(0, 1, 0, 1), l_and_k={(1,): [0, 1, 0, 0], (3,): [0, 0, 0, 1]}), fdb(coeff=12, lamb=(0, 1, 0, 2), l_and_k={(1,): [0, 1, 0, 1], (2,): [0, 0, 0, 1]}), fdb(coeff=4, lamb=(0, 1, 0, 3), l_and_k={(1,): [0, 1, 0, 3]}), fdb(coeff=4, lamb=(0, 1, 1, 0), l_and_k={(1,): [0, 1, 0, 0], (3,): [0, 0, 1, 0]}), fdb(coeff=12, lamb=(0, 1, 2, 0), l_and_k={(1,): [0, 1, 1, 0], (2,): [0, 0, 1, 0]}), fdb(coeff=4, lamb=(0, 1, 3, 0), l_and_k={(1,): [0, 1, 3, 0]}), fdb(coeff=4, lamb=(0, 1, 0, 1), l_and_k={(3,): [0, 1, 0, 0], (1,): [0, 0, 0, 1]}), fdb(coeff=12, lamb=(0, 2, 0, 1), l_and_k={(1,): [0, 1, 0, 1], (2,): [0, 1, 0, 0]}), fdb(coeff=4, lamb=(0, 3, 0, 1), l_and_k={(1,): [0, 3, 0, 1]}), fdb(coeff=4, lamb=(0, 1, 1, 0), l_and_k={(3,): [0, 1, 0, 0], (1,): [0, 0, 1, 0]}), fdb(coeff=12, lamb=(0, 2, 1, 0), l_and_k={(1,): [0, 1, 1, 0], (2,): [0, 1, 0, 0]}), fdb(coeff=4, lamb=(0, 3, 1, 0), l_and_k={(1,): [0, 3, 1, 0]}), fdb(coeff=4, lamb=(1, 0, 0, 1), l_and_k={(1,): [1, 0, 0, 0], (3,): [0, 0, 0, 1]}), fdb(coeff=12, lamb=(1, 0, 0, 2), l_and_k={(1,): [1, 0, 0, 1], (2,): [0, 0, 0, 1]}), fdb(coeff=4, lamb=(1, 0, 0, 3), l_and_k={(1,): [1, 0, 0, 3]}), fdb(coeff=4, lamb=(1, 0, 1, 0), l_and_k={(1,): [1, 0, 0, 0], (3,): [0, 0, 1, 0]}), fdb(coeff=12, lamb=(1, 0, 2, 0), l_and_k={(1,): [1, 0, 1, 0], (2,): [0, 0, 1, 0]}), fdb(coeff=4, lamb=(1, 0, 3, 0), l_and_k={(1,): [1, 0, 3, 0]}), fdb(coeff=4, lamb=(1, 1, 0, 0), l_and_k={(1,): [1, 0, 0, 0], (3,): [0, 1, 0, 0]}), fdb(coeff=12, lamb=(1, 2, 0, 0), l_and_k={(1,): [1, 1, 0, 0], (2,): [0, 1, 0, 0]}), fdb(coeff=4, lamb=(1, 3, 0, 0), l_and_k={(1,): [1, 3, 0, 0]}), fdb(coeff=4, lamb=(1, 0, 0, 1), l_and_k={(3,): [1, 0, 0, 0], (1,): [0, 0, 0, 1]}), fdb(coeff=12, lamb=(2, 0, 0, 1), l_and_k={(1,): [1, 0, 0, 1], (2,): [1, 0, 0, 0]}), fdb(coeff=4, lamb=(3, 0, 0, 1), l_and_k={(1,): [3, 0, 0, 1]}), fdb(coeff=4, lamb=(1, 0, 1, 0), l_and_k={(3,): [1, 0, 0, 0], (1,): [0, 0, 1, 0]}), fdb(coeff=12, lamb=(2, 0, 1, 0), l_and_k={(1,): [1, 0, 1, 0], (2,): [1, 0, 0, 0]}), fdb(coeff=4, lamb=(3, 0, 1, 0), l_and_k={(1,): [3, 0, 1, 0]}), fdb(coeff=4, lamb=(1, 1, 0, 0), l_and_k={(3,): [1, 0, 0, 0], (1,): [0, 1, 0, 0]}), fdb(coeff=12, lamb=(2, 1, 0, 0), l_and_k={(1,): [1, 1, 0, 0], (2,): [1, 0, 0, 0]}), fdb(coeff=4, lamb=(3, 1, 0, 0), l_and_k={(1,): [3, 1, 0, 0]}), fdb(coeff=6, lamb=(0, 0, 1, 1), l_and_k={(2,): [0, 0, 1, 1]}), fdb(coeff=6, lamb=(0, 0, 1, 2), l_and_k={(2,): [0, 0, 1, 0], (1,): [0, 0, 0, 2]}), fdb(coeff=6, lamb=(0, 0, 2, 1), l_and_k={(1,): [0, 0, 2, 0], (2,): [0, 0, 0, 1]}), fdb(coeff=6, lamb=(0, 0, 2, 2), l_and_k={(1,): [0, 0, 2, 2]}), fdb(coeff=6, lamb=(0, 1, 0, 1), l_and_k={(2,): [0, 1, 0, 1]}), fdb(coeff=6, lamb=(0, 1, 0, 2), l_and_k={(2,): [0, 1, 0, 0], (1,): [0, 0, 0, 2]}), fdb(coeff=6, lamb=(0, 2, 0, 1), l_and_k={(1,): [0, 2, 0, 0], (2,): [0, 0, 0, 1]}), fdb(coeff=6, lamb=(0, 2, 0, 2), l_and_k={(1,): [0, 2, 0, 2]}), fdb(coeff=6, lamb=(0, 1, 1, 0), l_and_k={(2,): [0, 1, 1, 0]}), fdb(coeff=6, lamb=(0, 1, 2, 0), l_and_k={(2,): [0, 1, 0, 0], (1,): [0, 0, 2, 0]}), fdb(coeff=6, lamb=(0, 2, 1, 0), l_and_k={(1,): [0, 2, 0, 0], (2,): [0, 0, 1, 0]}), fdb(coeff=6, lamb=(0, 2, 2, 0), l_and_k={(1,): [0, 2, 2, 0]}), fdb(coeff=6, lamb=(1, 0, 0, 1), l_and_k={(2,): [1, 0, 0, 1]}), fdb(coeff=6, lamb=(1, 0, 0, 2), l_and_k={(2,): [1, 0, 0, 0], (1,): [0, 0, 0, 2]}), fdb(coeff=6, lamb=(2, 0, 0, 1), l_and_k={(1,): [2, 0, 0, 0], (2,): [0, 0, 0, 1]}), fdb(coeff=6, lamb=(2, 0, 0, 2), l_and_k={(1,): [2, 0, 0, 2]}), fdb(coeff=6, lamb=(1, 0, 1, 0), l_and_k={(2,): [1, 0, 1, 0]}), fdb(coeff=6, lamb=(1, 0, 2, 0), l_and_k={(2,): [1, 0, 0, 0], (1,): [0, 0, 2, 0]}), fdb(coeff=6, lamb=(2, 0, 1, 0), l_and_k={(1,): [2, 0, 0, 0], (2,): [0, 0, 1, 0]}), fdb(coeff=6, lamb=(2, 0, 2, 0), l_and_k={(1,): [2, 0, 2, 0]}), fdb(coeff=6, lamb=(1, 1, 0, 0), l_and_k={(2,): [1, 1, 0, 0]}), fdb(coeff=6, lamb=(1, 2, 0, 0), l_and_k={(2,): [1, 0, 0, 0], (1,): [0, 2, 0, 0]}), fdb(coeff=6, lamb=(2, 1, 0, 0), l_and_k={(1,): [2, 0, 0, 0], (2,): [0, 1, 0, 0]}), fdb(coeff=6, lamb=(2, 2, 0, 0), l_and_k={(1,): [2, 2, 0, 0]}), fdb(coeff=12, lamb=(0, 1, 1, 1), l_and_k={(1,): [0, 1, 1, 0], (2,): [0, 0, 0, 1]}), fdb(coeff=12, lamb=(0, 1, 1, 2), l_and_k={(1,): [0, 1, 1, 2]}), fdb(coeff=12, lamb=(0, 1, 1, 1), l_and_k={(1,): [0, 1, 0, 1], (2,): [0, 0, 1, 0]}), fdb(coeff=12, lamb=(0, 1, 2, 1), l_and_k={(1,): [0, 1, 2, 1]}), fdb(coeff=12, lamb=(0, 1, 1, 1), l_and_k={(2,): [0, 1, 0, 0], (1,): [0, 0, 1, 1]}), fdb(coeff=12, lamb=(0, 2, 1, 1), l_and_k={(1,): [0, 2, 1, 1]}), fdb(coeff=12, lamb=(1, 0, 1, 1), l_and_k={(1,): [1, 0, 1, 0], (2,): [0, 0, 0, 1]}), fdb(coeff=12, lamb=(1, 0, 1, 2), l_and_k={(1,): [1, 0, 1, 2]}), fdb(coeff=12, lamb=(1, 0, 1, 1), l_and_k={(1,): [1, 0, 0, 1], (2,): [0, 0, 1, 0]}), fdb(coeff=12, lamb=(1, 0, 2, 1), l_and_k={(1,): [1, 0, 2, 1]}), fdb(coeff=12, lamb=(1, 1, 0, 1), l_and_k={(1,): [1, 1, 0, 0], (2,): [0, 0, 0, 1]}), fdb(coeff=12, lamb=(1, 1, 0, 2), l_and_k={(1,): [1, 1, 0, 2]}), fdb(coeff=12, lamb=(1, 1, 1, 0), l_and_k={(1,): [1, 1, 0, 0], (2,): [0, 0, 1, 0]}), fdb(coeff=12, lamb=(1, 1, 2, 0), l_and_k={(1,): [1, 1, 2, 0]}), fdb(coeff=12, lamb=(1, 1, 0, 1), l_and_k={(1,): [1, 0, 0, 1], (2,): [0, 1, 0, 0]}), fdb(coeff=12, lamb=(1, 2, 0, 1), l_and_k={(1,): [1, 2, 0, 1]}), fdb(coeff=12, lamb=(1, 1, 1, 0), l_and_k={(1,): [1, 0, 1, 0], (2,): [0, 1, 0, 0]}), fdb(coeff=12, lamb=(1, 2, 1, 0), l_and_k={(1,): [1, 2, 1, 0]}), fdb(coeff=12, lamb=(1, 0, 1, 1), l_and_k={(2,): [1, 0, 0, 0], (1,): [0, 0, 1, 1]}), fdb(coeff=12, lamb=(2, 0, 1, 1), l_and_k={(1,): [2, 0, 1, 1]}), fdb(coeff=12, lamb=(1, 1, 0, 1), l_and_k={(2,): [1, 0, 0, 0], (1,): [0, 1, 0, 1]}), fdb(coeff=12, lamb=(2, 1, 0, 1), l_and_k={(1,): [2, 1, 0, 1]}), fdb(coeff=12, lamb=(1, 1, 1, 0), l_and_k={(2,): [1, 0, 0, 0], (1,): [0, 1, 1, 0]}), fdb(coeff=12, lamb=(2, 1, 1, 0), l_and_k={(1,): [2, 1, 1, 0]}), fdb(coeff=24, lamb=(1, 1, 1, 1), l_and_k={(1,): [1, 1, 1, 1]})]}, 'fdb_runtime': 0.019940853118896484, 'mechanism_tot_len': 166, 'lr': 0.001, 'lr_milestones': [1000, 2000], 'lr_gamma': 0.8, 'weight_decay': 0, 'save_for_best_model': True, 'save_data': False, 'batch_normalization': True, 'nb_states': 1000, 'nb_states_per_batch': 100, 'nb_path_per_state': 1000, 'x_lo': -10, 'x_hi': 10, 'adjusted_x_boundaries': (-10.0, 10.0), 't_lo': 0.0, 't_hi': 0.2, 'T': 0.2, 'tau_lo': 1e-05, 'tau_hi': 10, 'nu': 2, 'delta_t': 0.1, 'outlier_percentile': 1, 'outlier_multiplier': 50, 'exponential_lambda': 0.5129329438755057, 'epochs': 5000, 'antithetic': True, 'device': device(type='cuda'), 'verbose': True, 'fix_all_dim_except_first': True, 'fix_t_dim': True, 't_boundaries': tensor([0.2000, 0.1000, 0.0000], device='cuda:0'), 'adjusted_t_boundaries': [(tensor(0.1000, device='cuda:0'), tensor(0.1000, device='cuda:0')), (tensor(0., device='cuda:0'), tensor(0., device='cuda:0'))], 'working_dir': 'logs/20220525-091749-kuramoto_equation_1-T0.2-nu2'}
2022-05-25 09:19:14,579 | root |  INFO: Patch 0: generation of u samples take 85.35497331619263 seconds.
2022-05-25 09:19:14,589 | root |  INFO: Patch  0: epoch    0 with loss 5.04E+01
2022-05-25 09:19:18,120 | root |  INFO: Patch  0: epoch  500 with loss 6.81E-02
2022-05-25 09:19:21,651 | root |  INFO: Patch  0: epoch 1000 with loss 1.22E-02
2022-05-25 09:19:25,207 | root |  INFO: Patch  0: epoch 1500 with loss 1.22E-02
2022-05-25 09:19:28,632 | root |  INFO: Patch  0: epoch 2000 with loss 1.34E-02
2022-05-25 09:19:39,291 | root |  INFO: Patch  0: epoch 2500 with loss 1.24E-02
2022-05-25 09:19:45,112 | root |  INFO: Patch  0: epoch 3000 with loss 1.23E-02
2022-05-25 09:19:50,534 | root |  INFO: Patch  0: epoch 3500 with loss 1.23E-02
2022-05-25 09:19:55,091 | root |  INFO: Patch  0: epoch 4000 with loss 1.23E-02
2022-05-25 09:19:59,286 | root |  INFO: Patch  0: epoch 4500 with loss 1.22E-02
2022-05-25 09:20:03,461 | root |  INFO: Patch  0: epoch 4999 with loss 1.22E-02
2022-05-25 09:20:03,600 | root |  INFO: Patch 0: training of u with 5000 epochs take 49.01965641975403 seconds.
2022-05-25 09:25:18,536 | root |  INFO: Patch 1: generation of u samples take 314.9348282814026 seconds.
2022-05-25 09:25:18,544 | root |  INFO: Patch  1: epoch    0 with loss 3.78E+01
2022-05-25 09:25:22,083 | root |  INFO: Patch  1: epoch  500 with loss 1.28E-02
2022-05-25 09:25:25,470 | root |  INFO: Patch  1: epoch 1000 with loss 1.19E-02
2022-05-25 09:25:28,851 | root |  INFO: Patch  1: epoch 1500 with loss 1.12E-02
2022-05-25 09:25:32,244 | root |  INFO: Patch  1: epoch 2000 with loss 2.73E-02
2022-05-25 09:25:44,781 | root |  INFO: Patch  1: epoch 2500 with loss 1.10E-02
2022-05-25 09:25:55,242 | root |  INFO: Patch  1: epoch 3000 with loss 1.04E-02
2022-05-25 09:26:01,710 | root |  INFO: Patch  1: epoch 3500 with loss 9.95E-03
2022-05-25 09:26:06,420 | root |  INFO: Patch  1: epoch 4000 with loss 1.00E-02
2022-05-25 09:26:10,821 | root |  INFO: Patch  1: epoch 4500 with loss 1.15E-02
2022-05-25 09:26:15,278 | root |  INFO: Patch  1: epoch 4999 with loss 9.35E-03
2022-05-25 09:26:15,408 | root |  INFO: Patch 1: training of u with 5000 epochs take 56.87114429473877 seconds.
